2025-08-10 18:45:13,476 - INFO - 🚀 初始化完整新聞處理流水線
2025-08-10 18:45:13,476 - INFO - ⏰ 流水線開始時間: 2025-08-10 18:45:13
2025-08-10 18:45:13,476 - INFO - 
============================================================
2025-08-10 18:45:13,476 - INFO - 🔄 第一步：執行新聞資料處理
2025-08-10 18:45:13,476 - INFO - ============================================================
2025-08-10 18:45:13,477 - INFO - === 開始新聞處理流程 ===
2025-08-10 18:45:13,481 - INFO - 成功載入 4 個 stories
2025-08-10 18:45:13,482 - INFO - 將處理 stories 0 到 3 (共 4 個)
2025-08-10 18:45:13,483 - INFO - 
=== 處理進度: 1/4 ===
2025-08-10 18:45:13,483 - INFO - 開始處理 Story 1: 完整報導
2025-08-10 18:45:13,485 - INFO - 處理 Story 1 的第 1/3 篇文章...
2025-08-10 18:45:15,815 - INFO - 成功處理文章: 這顆行星不應存在：天文學家發現逆繞行的行星...
2025-08-10 18:45:16,816 - INFO - 處理 Story 1 的第 2/3 篇文章...
2025-08-10 18:45:18,804 - INFO - 成功處理文章: 宇宙大逆行！天文學家發現「叛逆行星」 繞著它的恆星倒著跑...
2025-08-10 18:45:19,806 - INFO - 處理 Story 1 的第 3/3 篇文章...
2025-08-10 18:45:22,236 - INFO - 成功處理文章: 天文新知-這顆行星不應存在：天文學家發現逆行繞行的行星...
2025-08-10 18:45:23,237 - INFO - Story 1 處理完成: 成功 3/3 篇
2025-08-10 18:45:23,238 - INFO - 
=== 處理進度: 2/4 ===
2025-08-10 18:45:23,238 - INFO - 開始處理 Story 2: 完整報導
2025-08-10 18:45:23,238 - INFO - 處理 Story 2 的第 1/11 篇文章...
2025-08-10 18:45:25,233 - INFO - 成功處理文章: 《超級機器人大戰Y》上市紀念活動8月31日三創登場！報名拿限量特製周邊...
2025-08-10 18:45:26,235 - INFO - 處理 Story 2 的第 2/11 篇文章...
2025-08-10 18:45:28,124 - INFO - 成功處理文章: 《超級機器人大戰Y》今日釋出體驗版同步公開最新宣傳影片《SUPER ROBOT WARS Y》...
2025-08-10 18:45:29,126 - INFO - 處理 Story 2 的第 3/11 篇文章...
2025-08-10 18:45:30,809 - INFO - 成功處理文章: 《超級機器人大戰Y》已於今日發布體驗版！同步公開最新宣傳影片| COOL-STYLE潮流生活網...
2025-08-10 18:45:31,811 - INFO - 處理 Story 2 的第 4/11 篇文章...
2025-08-10 18:45:33,446 - INFO - 成功處理文章: 《超級機器人大戰Y》發布序章體驗版，可繼承至正式版...
2025-08-10 18:45:34,448 - INFO - 處理 Story 2 的第 5/11 篇文章...
2025-08-10 18:45:36,208 - INFO - 成功處理文章: 《超級機械人大戰Y》PS5/Switch 體驗版今日推出 第3彈 PV 公開新武器與原創機體...
2025-08-10 18:45:37,209 - INFO - 處理 Story 2 的第 6/11 篇文章...
2025-08-10 18:45:39,365 - INFO - 成功處理文章: 《超級機器人大戰Y》序章體驗版開放試玩！記錄存檔支援正式版繼續使用...
2025-08-10 18:45:40,366 - INFO - 處理 Story 2 的第 7/11 篇文章...
2025-08-10 18:45:42,535 - INFO - 成功處理文章: 《超級機器人大戰Y》Switch／PS5體驗版現已發布！上市紀念活動即日起開放報名...
2025-08-10 18:45:43,536 - INFO - 處理 Story 2 的第 8/11 篇文章...
2025-08-10 18:45:45,434 - INFO - 成功處理文章: 《超級機器人大戰Y》公開實機遊玩影片與製作人專訪維持系列核心精神並做出嶄新嘗試｜CMoney 股市爆...
2025-08-10 18:45:46,435 - INFO - 處理 Story 2 的第 9/11 篇文章...
2025-08-10 18:45:48,651 - INFO - 成功處理文章: 《超級機器人大戰Y》將舉辦上市紀念活動即日起開放報名《SUPER ROBOT WARS Y》...
2025-08-10 18:45:49,653 - INFO - 處理 Story 2 的第 10/11 篇文章...
2025-08-10 18:45:51,614 - INFO - 成功處理文章: 《超級機器人大戰 Y》製作人分享《30》玩家回饋意見，讓人氣女角也能輔助作戰...
2025-08-10 18:45:52,616 - INFO - 處理 Story 2 的第 11/11 篇文章...
2025-08-10 18:45:54,382 - INFO - 成功處理文章: 《超級機器人大戰Y》公開實機遊玩影片與製作人專訪維持系列核心精神並做出嶄新嘗試《SUPER ROBO...
2025-08-10 18:45:55,383 - INFO - Story 2 處理完成: 成功 11/11 篇
2025-08-10 18:45:55,384 - INFO - 
=== 處理進度: 3/4 ===
2025-08-10 18:45:55,385 - INFO - 開始處理 Story 3: 完整報導
2025-08-10 18:45:55,385 - INFO - 處理 Story 3 的第 1/8 篇文章...
2025-08-10 18:45:57,194 - INFO - 成功處理文章: 《忍者外傳4》藝術總監、首席作曲、關卡設計師談融合傳統與創新的過程《NINJA GAIDEN 4》...
2025-08-10 18:45:58,195 - INFO - 處理 Story 3 的第 2/8 篇文章...
2025-08-10 18:46:00,443 - INFO - 成功處理文章: 《忍者外傳4》全台獨家試玩報導與影片出爐高速斬擊的極限戰場再度回歸！《NINJA GAIDEN 4》...
2025-08-10 18:46:01,444 - INFO - 處理 Story 3 的第 3/8 篇文章...
2025-08-10 18:46:03,228 - INFO - 成功處理文章: Ninja Gaiden 4 將能夠在 Xbox Series X 和 PS120 上以 5 fps...
2025-08-10 18:46:04,230 - INFO - 處理 Story 3 的第 4/8 篇文章...
2025-08-10 18:46:05,976 - INFO - 成功處理文章: 我曾扮演忍者吉登4的第一章，並用血液和難以懲罰的所有正確音符擊中所有正確的音符...
2025-08-10 18:46:06,978 - INFO - 處理 Story 3 的第 5/8 篇文章...
2025-08-10 18:46:08,920 - INFO - 成功處理文章: 白金工作室 x 光榮特庫摩 XBOX 版《忍者外傳 4》試玩...
2025-08-10 18:46:09,921 - INFO - 處理 Story 3 的第 6/8 篇文章...
2025-08-10 18:46:11,686 - INFO - 成功處理文章: 這就是「忍外」精神！《忍者外傳4》Team Ninja 與白金工作室製作人專訪｜CMoney 股市爆...
2025-08-10 18:46:12,688 - INFO - 處理 Story 3 的第 7/8 篇文章...
2025-08-10 18:46:15,008 - INFO - 成功處理文章: Ninja Gaiden 4 預覽：新忍者，老把戲預告...
2025-08-10 18:46:16,010 - INFO - 處理 Story 3 的第 8/8 篇文章...
2025-08-10 18:46:18,038 - INFO - 成功處理文章: 這就是「忍外」精神！《忍者外傳4》Team Ninja 與白金工作室製作人專訪《NINJA GAID...
2025-08-10 18:46:19,039 - INFO - Story 3 處理完成: 成功 8/8 篇
2025-08-10 18:46:19,040 - INFO - 
=== 處理進度: 4/4 ===
2025-08-10 18:46:19,040 - INFO - 開始處理 Story 4: 完整報導
2025-08-10 18:46:19,040 - INFO - 處理 Story 4 的第 1/42 篇文章...
2025-08-10 18:46:21,032 - INFO - 成功處理文章: 《戰地風雲6》征服地圖太小？高地狙擊手像開演唱會，老玩家求迫擊砲回歸...
2025-08-10 18:46:22,033 - INFO - 處理 Story 4 的第 2/42 篇文章...
2025-08-10 18:46:23,759 - INFO - 成功處理文章: 《戰地風雲6》測試首日衝破33萬玩家超成功！大贏《戰地風雲2042》當年成績...
2025-08-10 18:46:24,761 - INFO - 處理 Story 4 的第 3/42 篇文章...
2025-08-10 18:46:27,165 - INFO - 成功處理文章: 獨家專訪創作者6tan、Crazyface《戰地風雲6》多人模式心得突擊兵、場景爆破最吸引人《Bat...
2025-08-10 18:46:28,166 - INFO - 處理 Story 4 的第 4/42 篇文章...
2025-08-10 18:46:30,228 - INFO - 成功處理文章: 《戰地風雲6》開發者保證全平台穩跑60FPS，PS5與XSX/S實裝效能模式...
2025-08-10 18:46:31,229 - INFO - 處理 Story 4 的第 5/42 篇文章...
2025-08-10 18:46:33,047 - INFO - 成功處理文章: 《戰地風雲6》公開 Beta 測試預告片！觀看實況搶先體驗遊戲 | 遊戲基地...
2025-08-10 18:46:34,048 - INFO - 處理 Story 4 的第 6/42 篇文章...
2025-08-10 18:46:36,142 - INFO - 成功處理文章: 《戰地風雲6》多人先行Steam同上破33萬！公測時間、地圖模式懶人包...
2025-08-10 18:46:37,143 - INFO - 處理 Story 4 的第 7/42 篇文章...
2025-08-10 18:46:38,649 - INFO - 成功處理文章: 《戰地風雲6》多人連線發表會 in 香港 現場寫真報導！從活動規模感受到對作品的高度投入...
2025-08-10 18:46:39,650 - INFO - 處理 Story 4 的第 8/42 篇文章...
2025-08-10 18:46:41,399 - INFO - 成功處理文章: EA 必須增加伺服器容量以應對極端的 Battlefield 6 測試佇列...
2025-08-10 18:46:42,401 - INFO - 處理 Story 4 的第 9/42 篇文章...
2025-08-10 18:46:44,144 - INFO - 成功處理文章: 《戰地風雲 6》體驗報導...
2025-08-10 18:46:45,145 - INFO - 處理 Story 4 的第 10/42 篇文章...
2025-08-10 18:46:46,798 - INFO - 成功處理文章: 《Battlefield 6》不設伺服器瀏覽器 官方改用 AI 機械人填場惹爭議...
2025-08-10 18:46:47,800 - INFO - 處理 Story 4 的第 11/42 篇文章...
2025-08-10 18:46:49,713 - INFO - 成功處理文章: 戰場6團隊撤消了他的戰爭，使壞男孩紮根...
2025-08-10 18:46:50,715 - INFO - 處理 Story 4 的第 12/42 篇文章...
2025-08-10 18:46:52,752 - INFO - 成功處理文章: 社群更新：Beta 公測與推出之路...
2025-08-10 18:46:53,754 - INFO - 處理 Story 4 的第 13/42 篇文章...
2025-08-10 18:46:55,632 - INFO - 成功處理文章: 《Battlefield 6》十月強勢回歸！ 開發團隊來港深入分享遊戲細節 - unwire.hk ...
2025-08-10 18:46:56,634 - INFO - 處理 Story 4 的第 14/42 篇文章...
2025-08-10 18:46:58,561 - INFO - 成功處理文章: 《戰地風雲6》公測人數已超越《戰地風雲2042》上線人數三倍！數字有望更高...
2025-08-10 18:46:59,562 - INFO - 處理 Story 4 的第 15/42 篇文章...
2025-08-10 18:47:01,741 - INFO - 成功處理文章: 觀感如何？IGN發布《戰地風雲6》20分鐘試玩實機演示| Game World遊戲世界...
2025-08-10 18:47:02,742 - INFO - 處理 Story 4 的第 16/42 篇文章...
2025-08-10 18:47:04,672 - INFO - 成功處理文章: 《決勝時刻》新作不怕《戰地風雲6》？傳動視高層自信表示品牌已「大到無法倒下」...
2025-08-10 18:47:05,674 - INFO - 處理 Story 4 的第 17/42 篇文章...
2025-08-10 18:47:07,407 - INFO - 成功處理文章: 《戰地風雲6 》所有模式跟兵種解釋 - 官方釋出資訊...
2025-08-10 18:47:08,408 - INFO - 處理 Story 4 的第 18/42 篇文章...
2025-08-10 18:47:10,309 - INFO - 成功處理文章: 打破系列作在線紀錄！《戰地風雲 6》Beta測試Steam同上突破33萬人！_電玩宅速配202508...
2025-08-10 18:47:11,310 - INFO - 處理 Story 4 的第 19/42 篇文章...
2025-08-10 18:47:12,997 - INFO - 成功處理文章: Battlefield 6 已經是 Steam 有史以來同時玩得最多的遊戲之一...
2025-08-10 18:47:13,999 - INFO - 處理 Story 4 的第 20/42 篇文章...
2025-08-10 18:47:16,037 - INFO - 成功處理文章: Battlefield 6 - 訪問洛杉磯觀看即將上映的槍擊事件...
2025-08-10 18:47:17,039 - INFO - 處理 Story 4 的第 21/42 篇文章...
2025-08-10 18:47:18,962 - INFO - 成功處理文章: 簡單介紹備受期待的系列最新作品「戰地風雲 6」的基本資訊！為8月9日開始的公開測試做好準備...
2025-08-10 18:47:19,964 - INFO - 處理 Story 4 的第 22/42 篇文章...
2025-08-10 18:47:22,052 - INFO - 成功處理文章: 《戰地風雲6》伺服器塞爆！測試還沒開始就近5萬人排隊 只為第一時間進入遊戲...
2025-08-10 18:47:23,052 - INFO - 處理 Story 4 的第 23/42 篇文章...
2025-08-10 18:47:24,948 - INFO - 成功處理文章: 動視不擔心《戰地6》：“使命召喚大到不能倒”...
2025-08-10 18:47:25,950 - INFO - 處理 Story 4 的第 24/42 篇文章...
2025-08-10 18:47:27,777 - INFO - 成功處理文章: 在測試版開始之前，Battlefield 6 測試版幾乎達到了 25,000 名併發玩家...
2025-08-10 18:47:28,778 - INFO - 處理 Story 4 的第 25/42 篇文章...
2025-08-10 18:47:30,893 - INFO - 成功處理文章: 還未開放就排爆啦！《戰地風雲6》網友回報登入排序過5萬人、SteamDB峰值近2.5萬人...
2025-08-10 18:47:31,894 - INFO - 處理 Story 4 的第 26/42 篇文章...
2025-08-10 18:47:33,349 - INFO - 成功處理文章: 《Battlefield 6》B測首日爆透視外掛 製作人回應已封號...
2025-08-10 18:47:34,350 - INFO - 處理 Story 4 的第 27/42 篇文章...
2025-08-10 18:47:35,963 - INFO - 成功處理文章: 《戰地風雲6》保留「安全開機」機制，防止惡意軟體與外掛...
2025-08-10 18:47:36,964 - INFO - 處理 Story 4 的第 28/42 篇文章...
2025-08-10 18:47:38,816 - INFO - 成功處理文章: DICE 解釋《Battlefield 6》為什麼不用Unreal 5引擎...
2025-08-10 18:47:39,817 - INFO - 處理 Story 4 的第 29/42 篇文章...
2025-08-10 18:47:41,886 - INFO - 成功處理文章: 《Battlefield 6》實測：AMD Ryzen 7 9800X3D 比 i9-14900K ...
2025-08-10 18:47:42,887 - INFO - 處理 Story 4 的第 30/42 篇文章...
2025-08-10 18:47:44,816 - INFO - 成功處理文章: 《戰地風雲6》實況主前瞻LMG開火零後座力，玩家憂射擊手感「如CoD雷射槍」...
2025-08-10 18:47:45,817 - INFO - 處理 Story 4 的第 31/42 篇文章...
2025-08-10 18:47:47,773 - INFO - 成功處理文章: 《戰地風雲6》公測後將改動兵種特性：突擊兵獲配信標，偵察兵情報干擾升級...
2025-08-10 18:47:48,774 - INFO - 處理 Story 4 的第 32/42 篇文章...
2025-08-10 18:47:50,901 - INFO - 成功處理文章: 《戰地風雲6》Beta 公測即將登場揭露兩階段開放內容、專屬獎勵與PC 硬體資訊《Battlefie...
2025-08-10 18:47:51,902 - INFO - 處理 Story 4 的第 33/42 篇文章...
2025-08-10 18:47:53,688 - INFO - 成功處理文章: Battlefield 6 以獲得新的職業更改、武器自定義等，以進行公測...
2025-08-10 18:47:54,692 - INFO - 處理 Story 4 的第 34/42 篇文章...
2025-08-10 18:47:56,615 - INFO - 成功處理文章: 《Battlefield 6》「大逃殺」模式地圖片段曝光 取材洛杉磯地區建構大規模戰場...
2025-08-10 18:47:57,617 - INFO - 處理 Story 4 的第 35/42 篇文章...
2025-08-10 18:47:59,194 - INFO - 成功處理文章: 《戰地風雲6》確認將用AI 機器人填補空位玩家反應兩極| 遊戲情報站...
2025-08-10 18:48:00,195 - INFO - 處理 Story 4 的第 36/42 篇文章...
2025-08-10 18:48:02,423 - INFO - 成功處理文章: 《Battlefield 6》提前試玩引爆熱潮 伺服器等候人數逼近五萬人...
2025-08-10 18:48:03,424 - INFO - 處理 Story 4 的第 37/42 篇文章...
2025-08-10 18:48:05,318 - INFO - 成功處理文章: 《Battlefield 6》限量公測開啟 首小時Steam在線逼近29萬人...
2025-08-10 18:48:06,319 - INFO - 處理 Story 4 的第 38/42 篇文章...
2025-08-10 18:48:08,314 - INFO - 成功處理文章: Battlefield 6 - 公開測試預告片...
2025-08-10 18:48:09,316 - INFO - 處理 Story 4 的第 39/42 篇文章...
2025-08-10 18:48:11,295 - INFO - 成功處理文章: 《戰地風雲6》Beta 公開測試Steam 同時上線人數已突破30 萬人今日搶先開放限量玩家體驗《B...
2025-08-10 18:48:12,296 - INFO - 處理 Story 4 的第 40/42 篇文章...
2025-08-10 18:48:14,096 - INFO - 成功處理文章: 《戰地風雲6》測試首日破33萬玩家超成功！大贏《戰地風雲2042》24萬人同上遊玩...
2025-08-10 18:48:15,097 - INFO - 處理 Story 4 的第 41/42 篇文章...
2025-08-10 18:48:17,003 - INFO - 成功處理文章: 《戰地風雲6》公開 Beta 測試預告片！觀看實況搶先體驗遊戲...
2025-08-10 18:48:18,004 - INFO - 處理 Story 4 的第 42/42 篇文章...
2025-08-10 18:48:20,024 - INFO - 成功處理文章: 《戰地風雲6》測試首日破33萬玩家超成功！大贏《戰地風雲2042》24萬人同上遊玩...
2025-08-10 18:48:21,025 - INFO - Story 4 處理完成: 成功 42/42 篇
2025-08-10 18:48:21,029 - INFO - 處理結果已保存至: ../outputs/processed/processed_articles_20250810_184513.json
2025-08-10 18:48:21,032 - INFO - 處理報告已生成: ../outputs/processed/processed_articles_20250810_184513_report.txt
2025-08-10 18:48:21,032 - INFO - === 新聞處理流程完成 ===
2025-08-10 18:48:21,033 - INFO - ✅ 新聞處理完成：../outputs/processed/processed_articles_20250810_184513.json
2025-08-10 18:48:21,033 - INFO - 
============================================================
2025-08-10 18:48:21,033 - INFO - 📝 第二步：執行報導生成
2025-08-10 18:48:21,034 - INFO - ============================================================
2025-08-10 18:48:21,053 - INFO - 成功載入資料：4 個 stories
2025-08-10 18:48:21,054 - INFO - 準備處理 4 個 stories (僅生成綜合報導)
2025-08-10 18:48:21,054 - INFO - 處理範圍: 索引 0-3
2025-08-10 18:48:21,054 - INFO - 
============================================================
2025-08-10 18:48:21,054 - INFO - 處理 Story 1/4
2025-08-10 18:48:21,054 - INFO - ============================================================
2025-08-10 18:48:21,054 - INFO - 開始處理 Story 1 - 3 篇文章
2025-08-10 18:48:21,055 - INFO - 生成綜合報導...
2025-08-10 18:48:21,055 - INFO - 生成綜合報導 - 專題：完整報導
2025-08-10 18:48:27,524 - INFO - ✅ 綜合報導生成成功
2025-08-10 18:48:27,525 - INFO - Story 1 處理完成
2025-08-10 18:48:27,525 - INFO - ✅ Story 1 處理成功
2025-08-10 18:48:27,525 - INFO - 
============================================================
2025-08-10 18:48:27,525 - INFO - 處理 Story 2/4
2025-08-10 18:48:27,525 - INFO - ============================================================
2025-08-10 18:48:27,525 - INFO - 開始處理 Story 2 - 11 篇文章
2025-08-10 18:48:27,526 - INFO - 生成綜合報導...
2025-08-10 18:48:27,526 - INFO - 生成綜合報導 - 專題：完整報導
2025-08-10 18:48:34,524 - INFO - ✅ 綜合報導生成成功
2025-08-10 18:48:34,524 - INFO - Story 2 處理完成
2025-08-10 18:48:34,525 - INFO - ✅ Story 2 處理成功
2025-08-10 18:48:34,525 - INFO - 
============================================================
2025-08-10 18:48:34,525 - INFO - 處理 Story 3/4
2025-08-10 18:48:34,525 - INFO - ============================================================
2025-08-10 18:48:34,525 - INFO - 開始處理 Story 3 - 8 篇文章
2025-08-10 18:48:34,525 - INFO - 生成綜合報導...
2025-08-10 18:48:34,525 - INFO - 生成綜合報導 - 專題：完整報導
2025-08-10 18:48:41,448 - INFO - ✅ 綜合報導生成成功
2025-08-10 18:48:41,448 - INFO - Story 3 處理完成
2025-08-10 18:48:41,448 - INFO - ✅ Story 3 處理成功
2025-08-10 18:48:41,448 - INFO - 
============================================================
2025-08-10 18:48:41,449 - INFO - 處理 Story 4/4
2025-08-10 18:48:41,449 - INFO - ============================================================
2025-08-10 18:48:41,449 - INFO - 開始處理 Story 4 - 42 篇文章
2025-08-10 18:48:41,449 - INFO - 生成綜合報導...
2025-08-10 18:48:41,449 - INFO - 生成綜合報導 - 專題：完整報導
2025-08-10 18:48:47,794 - INFO - ✅ 綜合報導生成成功
2025-08-10 18:48:47,794 - INFO - Story 4 處理完成
2025-08-10 18:48:47,794 - INFO - ✅ Story 4 處理成功
2025-08-10 18:48:47,797 - INFO - 報導已保存至：../outputs/reports/final_comprehensive_reports_20250810_184821.json
2025-08-10 18:48:47,798 - INFO - 摘要報告已保存至：../outputs/reports/final_comprehensive_reports_20250810_184821_summary.txt
2025-08-10 18:48:47,798 - INFO - 
🎉 報導生成完成！成功處理 4 個 stories
2025-08-10 18:48:47,798 - INFO - ✅ 報導生成完成：../outputs/reports/final_comprehensive_reports_20250810_184821.json
2025-08-10 18:48:47,811 - INFO - 📊 最終摘要報告已保存：../outputs/reports/final_comprehensive_reports_20250810_184821_pipeline_summary.txt
2025-08-10 18:48:47,811 - INFO - 
============================================================
2025-08-10 18:48:47,811 - INFO - 🎉 完整流水線執行完成！
2025-08-10 18:48:47,811 - INFO - ⏰ 總耗時：0:03:34.321817
2025-08-10 18:48:47,811 - INFO - 📄 最終輸出：../outputs/reports/final_comprehensive_reports_20250810_184821.json
2025-08-10 18:48:47,812 - INFO - ============================================================
2025-08-10 19:19:31,063 - INFO - 🚀 初始化完整新聞處理流水線
2025-08-10 19:19:31,064 - INFO - ⏰ 流水線開始時間: 2025-08-10 19:19:31
2025-08-10 19:19:31,064 - INFO - 
============================================================
2025-08-10 19:19:31,064 - INFO - 🔄 第一步：執行新聞資料處理
2025-08-10 19:19:31,064 - INFO - ============================================================
2025-08-10 19:19:31,064 - INFO - === 開始新聞處理流程 ===
2025-08-10 19:19:31,067 - INFO - 成功載入 4 個 stories
2025-08-10 19:19:31,067 - INFO - 將處理 stories 0 到 3 (共 4 個)
2025-08-10 19:19:31,067 - INFO - 
=== 處理進度: 1/4 ===
2025-08-10 19:19:31,067 - INFO - 開始處理 Story 1: 完整報導
2025-08-10 19:19:31,067 - INFO - 處理 Story 1 的第 1/3 篇文章...
2025-08-10 19:19:33,358 - INFO - 成功處理文章: 這顆行星不應存在：天文學家發現逆繞行的行星...
2025-08-10 19:19:34,359 - INFO - 處理 Story 1 的第 2/3 篇文章...
2025-08-10 19:19:36,402 - INFO - 成功處理文章: 宇宙大逆行！天文學家發現「叛逆行星」 繞著它的恆星倒著跑...
2025-08-10 19:19:37,402 - INFO - 處理 Story 1 的第 3/3 篇文章...
2025-08-10 19:19:39,558 - INFO - 成功處理文章: 天文新知-這顆行星不應存在：天文學家發現逆行繞行的行星...
2025-08-10 19:19:40,560 - INFO - Story 1 處理完成: 成功 3/3 篇
2025-08-10 19:19:40,560 - INFO - 
=== 處理進度: 2/4 ===
2025-08-10 19:19:40,560 - INFO - 開始處理 Story 2: 完整報導
2025-08-10 19:19:40,560 - INFO - 處理 Story 2 的第 1/11 篇文章...
2025-08-10 19:19:42,711 - INFO - 成功處理文章: 《超級機器人大戰Y》上市紀念活動8月31日三創登場！報名拿限量特製周邊...
2025-08-10 19:19:43,712 - INFO - 處理 Story 2 的第 2/11 篇文章...
2025-08-10 19:19:45,551 - INFO - 成功處理文章: 《超級機器人大戰Y》今日釋出體驗版同步公開最新宣傳影片《SUPER ROBOT WARS Y》...
2025-08-10 19:19:46,552 - INFO - 處理 Story 2 的第 3/11 篇文章...
2025-08-10 19:19:48,320 - INFO - 成功處理文章: 《超級機器人大戰Y》已於今日發布體驗版！同步公開最新宣傳影片| COOL-STYLE潮流生活網...
2025-08-10 19:19:49,321 - INFO - 處理 Story 2 的第 4/11 篇文章...
2025-08-10 19:19:50,989 - INFO - 成功處理文章: 《超級機器人大戰Y》發布序章體驗版，可繼承至正式版...
2025-08-10 19:19:51,990 - INFO - 處理 Story 2 的第 5/11 篇文章...
2025-08-10 19:19:53,995 - INFO - 成功處理文章: 《超級機械人大戰Y》PS5/Switch 體驗版今日推出 第3彈 PV 公開新武器與原創機體...
2025-08-10 19:19:54,997 - INFO - 處理 Story 2 的第 6/11 篇文章...
2025-08-10 19:19:57,112 - INFO - 成功處理文章: 《超級機器人大戰Y》序章體驗版開放試玩！記錄存檔支援正式版繼續使用...
2025-08-10 19:19:58,114 - INFO - 處理 Story 2 的第 7/11 篇文章...
2025-08-10 19:20:00,309 - INFO - 成功處理文章: 《超級機器人大戰Y》Switch／PS5體驗版現已發布！上市紀念活動即日起開放報名...
2025-08-10 19:20:01,310 - INFO - 處理 Story 2 的第 8/11 篇文章...
2025-08-10 19:20:03,093 - INFO - 成功處理文章: 《超級機器人大戰Y》公開實機遊玩影片與製作人專訪維持系列核心精神並做出嶄新嘗試｜CMoney 股市爆...
2025-08-10 19:20:04,094 - INFO - 處理 Story 2 的第 9/11 篇文章...
2025-08-10 19:20:06,150 - INFO - 成功處理文章: 《超級機器人大戰Y》將舉辦上市紀念活動即日起開放報名《SUPER ROBOT WARS Y》...
2025-08-10 19:20:07,151 - INFO - 處理 Story 2 的第 10/11 篇文章...
2025-08-10 19:20:09,183 - INFO - 成功處理文章: 《超級機器人大戰 Y》製作人分享《30》玩家回饋意見，讓人氣女角也能輔助作戰...
2025-08-10 19:20:10,184 - INFO - 處理 Story 2 的第 11/11 篇文章...
2025-08-10 19:20:12,067 - INFO - 成功處理文章: 《超級機器人大戰Y》公開實機遊玩影片與製作人專訪維持系列核心精神並做出嶄新嘗試《SUPER ROBO...
2025-08-10 19:20:13,069 - INFO - Story 2 處理完成: 成功 11/11 篇
2025-08-10 19:20:13,070 - INFO - 
=== 處理進度: 3/4 ===
2025-08-10 19:20:13,070 - INFO - 開始處理 Story 3: 完整報導
2025-08-10 19:20:13,070 - INFO - 處理 Story 3 的第 1/8 篇文章...
2025-08-10 19:20:14,905 - INFO - 成功處理文章: 《忍者外傳4》藝術總監、首席作曲、關卡設計師談融合傳統與創新的過程《NINJA GAIDEN 4》...
2025-08-10 19:20:15,906 - INFO - 處理 Story 3 的第 2/8 篇文章...
2025-08-10 19:20:17,883 - INFO - 成功處理文章: 《忍者外傳4》全台獨家試玩報導與影片出爐高速斬擊的極限戰場再度回歸！《NINJA GAIDEN 4》...
2025-08-10 19:20:18,884 - INFO - 處理 Story 3 的第 3/8 篇文章...
2025-08-10 19:20:20,633 - INFO - 成功處理文章: Ninja Gaiden 4 將能夠在 Xbox Series X 和 PS120 上以 5 fps...
2025-08-10 19:20:21,634 - INFO - 處理 Story 3 的第 4/8 篇文章...
2025-08-10 19:20:23,350 - INFO - 成功處理文章: 我曾扮演忍者吉登4的第一章，並用血液和難以懲罰的所有正確音符擊中所有正確的音符...
2025-08-10 19:20:24,351 - INFO - 處理 Story 3 的第 5/8 篇文章...
2025-08-10 19:20:26,252 - INFO - 成功處理文章: 白金工作室 x 光榮特庫摩 XBOX 版《忍者外傳 4》試玩...
2025-08-10 19:20:27,254 - INFO - 處理 Story 3 的第 6/8 篇文章...
2025-08-10 19:20:28,975 - INFO - 成功處理文章: 這就是「忍外」精神！《忍者外傳4》Team Ninja 與白金工作室製作人專訪｜CMoney 股市爆...
2025-08-10 19:20:29,976 - INFO - 處理 Story 3 的第 7/8 篇文章...
2025-08-10 19:20:32,142 - INFO - 成功處理文章: Ninja Gaiden 4 預覽：新忍者，老把戲預告...
2025-08-10 19:20:33,143 - INFO - 處理 Story 3 的第 8/8 篇文章...
2025-08-10 19:20:35,306 - INFO - 成功處理文章: 這就是「忍外」精神！《忍者外傳4》Team Ninja 與白金工作室製作人專訪《NINJA GAID...
2025-08-10 19:20:36,308 - INFO - Story 3 處理完成: 成功 8/8 篇
2025-08-10 19:20:36,308 - INFO - 
=== 處理進度: 4/4 ===
2025-08-10 19:20:36,308 - INFO - 開始處理 Story 4: 完整報導
2025-08-10 19:20:36,308 - INFO - 處理 Story 4 的第 1/42 篇文章...
2025-08-10 19:20:38,300 - INFO - 成功處理文章: 《戰地風雲6》征服地圖太小？高地狙擊手像開演唱會，老玩家求迫擊砲回歸...
2025-08-10 19:20:39,300 - INFO - 處理 Story 4 的第 2/42 篇文章...
2025-08-10 19:20:41,136 - INFO - 成功處理文章: 《戰地風雲6》測試首日衝破33萬玩家超成功！大贏《戰地風雲2042》當年成績...
2025-08-10 19:20:42,138 - INFO - 處理 Story 4 的第 3/42 篇文章...
2025-08-10 19:20:44,453 - INFO - 成功處理文章: 獨家專訪創作者6tan、Crazyface《戰地風雲6》多人模式心得突擊兵、場景爆破最吸引人《Bat...
2025-08-10 19:20:45,453 - INFO - 處理 Story 4 的第 4/42 篇文章...
2025-08-10 19:20:47,502 - INFO - 成功處理文章: 《戰地風雲6》開發者保證全平台穩跑60FPS，PS5與XSX/S實裝效能模式...
2025-08-10 19:20:48,504 - INFO - 處理 Story 4 的第 5/42 篇文章...
2025-08-10 19:20:50,362 - INFO - 成功處理文章: 《戰地風雲6》公開 Beta 測試預告片！觀看實況搶先體驗遊戲 | 遊戲基地...
2025-08-10 19:20:51,364 - INFO - 處理 Story 4 的第 6/42 篇文章...
2025-08-10 19:20:53,300 - INFO - 成功處理文章: 《戰地風雲6》多人先行Steam同上破33萬！公測時間、地圖模式懶人包...
2025-08-10 19:20:54,300 - INFO - 處理 Story 4 的第 7/42 篇文章...
2025-08-10 19:20:55,830 - INFO - 成功處理文章: 《戰地風雲6》多人連線發表會 in 香港 現場寫真報導！從活動規模感受到對作品的高度投入...
2025-08-10 19:20:56,831 - INFO - 處理 Story 4 的第 8/42 篇文章...
2025-08-10 19:20:58,598 - INFO - 成功處理文章: EA 必須增加伺服器容量以應對極端的 Battlefield 6 測試佇列...
2025-08-10 19:20:59,600 - INFO - 處理 Story 4 的第 9/42 篇文章...
2025-08-10 19:21:01,508 - INFO - 成功處理文章: 《戰地風雲 6》體驗報導...
2025-08-10 19:21:02,510 - INFO - 處理 Story 4 的第 10/42 篇文章...
2025-08-10 19:21:04,334 - INFO - 成功處理文章: 《Battlefield 6》不設伺服器瀏覽器 官方改用 AI 機械人填場惹爭議...
2025-08-10 19:21:05,335 - INFO - 處理 Story 4 的第 11/42 篇文章...
2025-08-10 19:21:07,257 - INFO - 成功處理文章: 戰場6團隊撤消了他的戰爭，使壞男孩紮根...
2025-08-10 19:21:08,259 - INFO - 處理 Story 4 的第 12/42 篇文章...
2025-08-10 19:21:10,212 - INFO - 成功處理文章: 社群更新：Beta 公測與推出之路...
2025-08-10 19:21:11,213 - INFO - 處理 Story 4 的第 13/42 篇文章...
2025-08-10 19:21:13,028 - INFO - 成功處理文章: 《Battlefield 6》十月強勢回歸！ 開發團隊來港深入分享遊戲細節 - unwire.hk ...
2025-08-10 19:21:14,029 - INFO - 處理 Story 4 的第 14/42 篇文章...
2025-08-10 19:21:15,945 - INFO - 成功處理文章: 《戰地風雲6》公測人數已超越《戰地風雲2042》上線人數三倍！數字有望更高...
2025-08-10 19:21:16,946 - INFO - 處理 Story 4 的第 15/42 篇文章...
2025-08-10 19:21:19,077 - INFO - 成功處理文章: 觀感如何？IGN發布《戰地風雲6》20分鐘試玩實機演示| Game World遊戲世界...
2025-08-10 19:21:20,079 - INFO - 處理 Story 4 的第 16/42 篇文章...
2025-08-10 19:21:22,091 - INFO - 成功處理文章: 《決勝時刻》新作不怕《戰地風雲6》？傳動視高層自信表示品牌已「大到無法倒下」...
2025-08-10 19:21:23,093 - INFO - 處理 Story 4 的第 17/42 篇文章...
2025-08-10 19:21:25,086 - INFO - 成功處理文章: 《戰地風雲6 》所有模式跟兵種解釋 - 官方釋出資訊...
2025-08-10 19:21:26,087 - INFO - 處理 Story 4 的第 18/42 篇文章...
2025-08-10 19:21:27,984 - INFO - 成功處理文章: 打破系列作在線紀錄！《戰地風雲 6》Beta測試Steam同上突破33萬人！_電玩宅速配202508...
2025-08-10 19:21:28,985 - INFO - 處理 Story 4 的第 19/42 篇文章...
2025-08-10 19:21:30,761 - INFO - 成功處理文章: Battlefield 6 已經是 Steam 有史以來同時玩得最多的遊戲之一...
2025-08-10 19:21:31,762 - INFO - 處理 Story 4 的第 20/42 篇文章...
2025-08-10 19:21:33,836 - INFO - 成功處理文章: Battlefield 6 - 訪問洛杉磯觀看即將上映的槍擊事件...
2025-08-10 19:21:34,837 - INFO - 處理 Story 4 的第 21/42 篇文章...
2025-08-10 19:21:36,683 - INFO - 成功處理文章: 簡單介紹備受期待的系列最新作品「戰地風雲 6」的基本資訊！為8月9日開始的公開測試做好準備...
2025-08-10 19:21:37,685 - INFO - 處理 Story 4 的第 22/42 篇文章...
2025-08-10 19:21:39,533 - INFO - 成功處理文章: 《戰地風雲6》伺服器塞爆！測試還沒開始就近5萬人排隊 只為第一時間進入遊戲...
2025-08-10 19:21:40,535 - INFO - 處理 Story 4 的第 23/42 篇文章...
2025-08-10 19:21:42,501 - INFO - 成功處理文章: 動視不擔心《戰地6》：“使命召喚大到不能倒”...
2025-08-10 19:21:43,502 - INFO - 處理 Story 4 的第 24/42 篇文章...
2025-08-10 19:21:45,257 - INFO - 成功處理文章: 在測試版開始之前，Battlefield 6 測試版幾乎達到了 25,000 名併發玩家...
2025-08-10 19:21:46,259 - INFO - 處理 Story 4 的第 25/42 篇文章...
2025-08-10 19:21:48,111 - INFO - 成功處理文章: 還未開放就排爆啦！《戰地風雲6》網友回報登入排序過5萬人、SteamDB峰值近2.5萬人...
2025-08-10 19:21:49,113 - INFO - 處理 Story 4 的第 26/42 篇文章...
2025-08-10 19:21:50,538 - INFO - 成功處理文章: 《Battlefield 6》B測首日爆透視外掛 製作人回應已封號...
2025-08-10 19:21:51,539 - INFO - 處理 Story 4 的第 27/42 篇文章...
2025-08-10 19:21:53,233 - INFO - 成功處理文章: 《戰地風雲6》保留「安全開機」機制，防止惡意軟體與外掛...
2025-08-10 19:21:54,235 - INFO - 處理 Story 4 的第 28/42 篇文章...
2025-08-10 19:21:56,056 - INFO - 成功處理文章: DICE 解釋《Battlefield 6》為什麼不用Unreal 5引擎...
2025-08-10 19:21:57,057 - INFO - 處理 Story 4 的第 29/42 篇文章...
2025-08-10 19:21:59,167 - INFO - 成功處理文章: 《Battlefield 6》實測：AMD Ryzen 7 9800X3D 比 i9-14900K ...
2025-08-10 19:22:00,169 - INFO - 處理 Story 4 的第 30/42 篇文章...
2025-08-10 19:22:02,270 - INFO - 成功處理文章: 《戰地風雲6》實況主前瞻LMG開火零後座力，玩家憂射擊手感「如CoD雷射槍」...
2025-08-10 19:22:03,272 - INFO - 處理 Story 4 的第 31/42 篇文章...
2025-08-10 19:22:05,270 - INFO - 成功處理文章: 《戰地風雲6》公測後將改動兵種特性：突擊兵獲配信標，偵察兵情報干擾升級...
2025-08-10 19:22:06,272 - INFO - 處理 Story 4 的第 32/42 篇文章...
2025-08-10 19:22:08,417 - INFO - 成功處理文章: 《戰地風雲6》Beta 公測即將登場揭露兩階段開放內容、專屬獎勵與PC 硬體資訊《Battlefie...
2025-08-10 19:22:09,419 - INFO - 處理 Story 4 的第 33/42 篇文章...
2025-08-10 19:22:11,177 - INFO - 成功處理文章: Battlefield 6 以獲得新的職業更改、武器自定義等，以進行公測...
2025-08-10 19:22:12,178 - INFO - 處理 Story 4 的第 34/42 篇文章...
2025-08-10 19:22:14,077 - INFO - 成功處理文章: 《Battlefield 6》「大逃殺」模式地圖片段曝光 取材洛杉磯地區建構大規模戰場...
2025-08-10 19:22:15,079 - INFO - 處理 Story 4 的第 35/42 篇文章...
2025-08-10 19:22:16,739 - INFO - 成功處理文章: 《戰地風雲6》確認將用AI 機器人填補空位玩家反應兩極| 遊戲情報站...
2025-08-10 19:22:17,741 - INFO - 處理 Story 4 的第 36/42 篇文章...
2025-08-10 19:22:19,920 - INFO - 成功處理文章: 《Battlefield 6》提前試玩引爆熱潮 伺服器等候人數逼近五萬人...
2025-08-10 19:22:20,921 - INFO - 處理 Story 4 的第 37/42 篇文章...
2025-08-10 19:22:22,890 - INFO - 成功處理文章: 《Battlefield 6》限量公測開啟 首小時Steam在線逼近29萬人...
2025-08-10 19:22:23,892 - INFO - 處理 Story 4 的第 38/42 篇文章...
2025-08-10 19:22:26,154 - INFO - 成功處理文章: Battlefield 6 - 公開測試預告片...
2025-08-10 19:22:27,156 - INFO - 處理 Story 4 的第 39/42 篇文章...
2025-08-10 19:22:29,191 - INFO - 成功處理文章: 《戰地風雲6》Beta 公開測試Steam 同時上線人數已突破30 萬人今日搶先開放限量玩家體驗《B...
2025-08-10 19:22:30,193 - INFO - 處理 Story 4 的第 40/42 篇文章...
2025-08-10 19:22:32,118 - INFO - 成功處理文章: 《戰地風雲6》測試首日破33萬玩家超成功！大贏《戰地風雲2042》24萬人同上遊玩...
2025-08-10 19:22:33,121 - INFO - 處理 Story 4 的第 41/42 篇文章...
2025-08-10 19:22:35,007 - INFO - 成功處理文章: 《戰地風雲6》公開 Beta 測試預告片！觀看實況搶先體驗遊戲...
2025-08-10 19:22:36,009 - INFO - 處理 Story 4 的第 42/42 篇文章...
2025-08-10 19:22:37,724 - INFO - 成功處理文章: 《戰地風雲6》測試首日破33萬玩家超成功！大贏《戰地風雲2042》24萬人同上遊玩...
2025-08-10 19:22:38,725 - INFO - Story 4 處理完成: 成功 42/42 篇
2025-08-10 19:22:38,728 - INFO - 處理結果已保存至: ../outputs/processed/processed_articles_20250810_191931.json
2025-08-10 19:22:38,730 - INFO - 處理報告已生成: ../outputs/processed/processed_articles_20250810_191931_report.txt
2025-08-10 19:22:38,730 - INFO - === 新聞處理流程完成 ===
2025-08-10 19:22:38,731 - INFO - ✅ 新聞處理完成：../outputs/processed/processed_articles_20250810_191931.json
2025-08-10 19:22:38,731 - INFO - 
============================================================
2025-08-10 19:22:38,731 - INFO - 📝 第二步：執行報導生成
2025-08-10 19:22:38,731 - INFO - ============================================================
2025-08-10 19:22:38,752 - INFO - 成功載入資料：4 個 stories
2025-08-10 19:22:38,752 - INFO - 準備處理 4 個 stories (僅生成綜合報導)
2025-08-10 19:22:38,752 - INFO - 處理範圍: 索引 0-3
2025-08-10 19:22:38,753 - INFO - 
============================================================
2025-08-10 19:22:38,753 - INFO - 處理 Story 1/4
2025-08-10 19:22:38,753 - INFO - ============================================================
2025-08-10 19:22:38,753 - INFO - 開始處理 Story 1 - 3 篇文章
2025-08-10 19:22:38,753 - INFO - 生成綜合報導...
2025-08-10 19:22:38,753 - INFO - 生成綜合報導 - 專題：完整報導
2025-08-10 19:22:55,600 - INFO - ✅ 綜合報導（多版本）生成成功
2025-08-10 19:22:55,600 - INFO - Story 1 處理完成
2025-08-10 19:22:55,600 - INFO - ✅ Story 1 處理成功
2025-08-10 19:22:55,600 - INFO - 
============================================================
2025-08-10 19:22:55,600 - INFO - 處理 Story 2/4
2025-08-10 19:22:55,601 - INFO - ============================================================
2025-08-10 19:22:55,601 - INFO - 開始處理 Story 2 - 11 篇文章
2025-08-10 19:22:55,601 - INFO - 生成綜合報導...
2025-08-10 19:22:55,601 - INFO - 生成綜合報導 - 專題：完整報導
2025-08-10 19:23:12,675 - INFO - ✅ 綜合報導（多版本）生成成功
2025-08-10 19:23:12,675 - INFO - Story 2 處理完成
2025-08-10 19:23:12,675 - INFO - ✅ Story 2 處理成功
2025-08-10 19:23:12,675 - INFO - 
============================================================
2025-08-10 19:23:12,675 - INFO - 處理 Story 3/4
2025-08-10 19:23:12,676 - INFO - ============================================================
2025-08-10 19:23:12,676 - INFO - 開始處理 Story 3 - 8 篇文章
2025-08-10 19:23:12,676 - INFO - 生成綜合報導...
2025-08-10 19:23:12,676 - INFO - 生成綜合報導 - 專題：完整報導
2025-08-10 19:23:30,928 - INFO - ✅ 綜合報導（多版本）生成成功
2025-08-10 19:23:30,928 - INFO - Story 3 處理完成
2025-08-10 19:23:30,928 - INFO - ✅ Story 3 處理成功
2025-08-10 19:23:30,929 - INFO - 
============================================================
2025-08-10 19:23:30,929 - INFO - 處理 Story 4/4
2025-08-10 19:23:30,929 - INFO - ============================================================
2025-08-10 19:23:30,929 - INFO - 開始處理 Story 4 - 42 篇文章
2025-08-10 19:23:30,929 - INFO - 生成綜合報導...
2025-08-10 19:23:30,929 - INFO - 生成綜合報導 - 專題：完整報導
2025-08-10 19:23:48,453 - INFO - ✅ 綜合報導（多版本）生成成功
2025-08-10 19:23:48,453 - INFO - Story 4 處理完成
2025-08-10 19:23:48,454 - INFO - ✅ Story 4 處理成功
2025-08-10 19:23:48,455 - INFO - 報導已保存至：../outputs/reports/final_comprehensive_reports_20250810_192238.json
2025-08-10 19:23:48,456 - INFO - 摘要報告已保存至：../outputs/reports/final_comprehensive_reports_20250810_192238_summary.txt
2025-08-10 19:23:48,457 - INFO - 
🎉 報導生成完成！成功處理 4 個 stories
2025-08-10 19:23:48,457 - INFO - ✅ 報導生成完成：../outputs/reports/final_comprehensive_reports_20250810_192238.json
2025-08-10 19:23:48,476 - INFO - 📊 最終摘要報告已保存：../outputs/reports/final_comprehensive_reports_20250810_192238_pipeline_summary.txt
2025-08-10 19:23:48,477 - INFO - 
============================================================
2025-08-10 19:23:48,478 - INFO - 🎉 完整流水線執行完成！
2025-08-10 19:23:48,479 - INFO - ⏰ 總耗時：0:04:17.394097
2025-08-10 19:23:48,479 - INFO - 📄 最終輸出：../outputs/reports/final_comprehensive_reports_20250810_192238.json
2025-08-10 19:23:48,479 - INFO - ============================================================
