2025-08-20 09:41:49,616 - INFO - 準備處理 1 個 stories（包含個別摘要與綜合報導）
2025-08-20 09:41:49,616 - INFO - 處理範圍: 索引 0-0
2025-08-20 09:41:49,617 - INFO - 
============================================================
2025-08-20 09:41:49,617 - INFO - 處理 Story 1/1
2025-08-20 09:41:49,617 - INFO - ============================================================
2025-08-20 09:41:49,617 - INFO - 開始處理 Story 9bc77213-1b27-4c2d-9fcd-56fd23da3cd3 - 8 篇文章
2025-08-20 09:41:49,618 - INFO - 生成綜合報導
2025-08-20 09:41:49,618 - INFO - 生成綜合報導 - 專題：9bc77213-1b27-4c2d-9fcd-56fd23da3cd3
2025-08-20 09:41:58,876 - INFO - ✅ 綜合報導（多版本）生成成功
2025-08-20 09:41:58,876 - INFO - Story 9bc77213-1b27-4c2d-9fcd-56fd23da3cd3 處理完成
2025-08-20 09:41:58,876 - INFO - ✅ Story 1 處理成功
2025-08-20 09:41:58,876 - INFO - 
🎉 報導生成完成！成功處理 1 個 stories
2025-09-24 15:39:30,596 - INFO - 準備處理 2 個 stories（包含個別摘要與綜合報導）
2025-09-24 15:39:30,597 - INFO - 處理範圍: 索引 0-1
2025-09-24 15:39:30,597 - INFO - 
============================================================
2025-09-24 15:39:30,597 - INFO - 處理 Story 1/2
2025-09-24 15:39:30,597 - INFO - ============================================================
2025-09-24 15:39:30,597 - INFO - 開始處理 Story f9def85f-cafa-4c44-806a-f75835b5213e - 6 篇文章
2025-09-24 15:39:30,597 - INFO - 生成綜合報導
2025-09-24 15:39:30,598 - INFO - 生成綜合報導 - 專題：f9def85f-cafa-4c44-806a-f75835b5213e
2025-09-24 15:39:39,110 - INFO - ✅ 綜合報導（多版本）生成成功
2025-09-24 15:39:39,110 - INFO - Story f9def85f-cafa-4c44-806a-f75835b5213e 處理完成
2025-09-24 15:39:39,110 - INFO - ✅ Story 1 處理成功
2025-09-24 15:39:39,111 - INFO - 
============================================================
2025-09-24 15:39:39,111 - INFO - 處理 Story 2/2
2025-09-24 15:39:39,111 - INFO - ============================================================
2025-09-24 15:39:39,111 - INFO - 開始處理 Story 6f5bd66b-4979-46c4-bd8c-945fde3ef2a5 - 6 篇文章
2025-09-24 15:39:39,111 - INFO - 生成綜合報導
2025-09-24 15:39:39,112 - INFO - 生成綜合報導 - 專題：6f5bd66b-4979-46c4-bd8c-945fde3ef2a5
2025-09-24 15:39:47,443 - INFO - ✅ 綜合報導（多版本）生成成功
2025-09-24 15:39:47,443 - INFO - Story 6f5bd66b-4979-46c4-bd8c-945fde3ef2a5 處理完成
2025-09-24 15:39:47,443 - INFO - ✅ Story 2 處理成功
2025-09-24 15:39:47,444 - INFO - 
🎉 報導生成完成！成功處理 2 個 stories
