2025-08-22 14:34:56,083 - INFO - 從 stories 表拉取到 133 筆資料
2025-08-22 14:34:56,303 - INFO - 從 single_news 表拉取到 48 筆現有記錄
2025-08-22 14:34:56,522 - INFO - Story bfcf6bfb-512d-4f6d-97e2-8e57489b919e 對應到 10 篇文章
2025-08-22 14:34:56,523 - INFO - 跳過 Story bfcf6bfb-512d-4f6d-97e2-8e57489b919e - 文章數無變化 (10)
2025-08-22 14:34:56,813 - INFO - Story eea6c0f9-c9a6-4107-9d6e-764915d4dde5 對應到 10 篇文章
2025-08-22 14:34:56,814 - INFO - 跳過 Story eea6c0f9-c9a6-4107-9d6e-764915d4dde5 - 文章數無變化 (10)
2025-08-22 14:34:57,019 - INFO - Story c9bb094c-e220-4b42-8588-eb1f26d63e6a 對應到 10 篇文章
2025-08-22 14:34:57,019 - INFO - 跳過 Story c9bb094c-e220-4b42-8588-eb1f26d63e6a - 文章數無變化 (10)
2025-08-22 14:34:57,234 - INFO - Story 205ad770-5e01-4637-b05f-b8016ca835c9 對應到 9 篇文章
2025-08-22 14:34:57,235 - INFO - 跳過 Story 205ad770-5e01-4637-b05f-b8016ca835c9 - 文章數無變化 (9)
2025-08-22 14:34:57,453 - INFO - Story c9841140-336c-4fc9-99bb-5fa166f01449 對應到 9 篇文章
2025-08-22 14:34:57,453 - INFO - 跳過 Story c9841140-336c-4fc9-99bb-5fa166f01449 - 文章數無變化 (9)
2025-08-22 14:34:57,670 - INFO - Story c0f068bf-5441-4a20-9f90-ad2fffc08d84 對應到 9 篇文章
2025-08-22 14:34:57,671 - INFO - 跳過 Story c0f068bf-5441-4a20-9f90-ad2fffc08d84 - 文章數無變化 (9)
2025-08-22 14:34:57,870 - INFO - Story 9bc77213-1b27-4c2d-9fcd-56fd23da3cd3 對應到 8 篇文章
2025-08-22 14:34:57,870 - INFO - 跳過 Story 9bc77213-1b27-4c2d-9fcd-56fd23da3cd3 - 文章數無變化 (8)
2025-08-22 14:34:58,135 - INFO - Story 53bc840d-24d0-4871-9668-d5e2a1a3b3e5 對應到 9 篇文章
2025-08-22 14:34:58,135 - INFO - 跳過 Story 53bc840d-24d0-4871-9668-d5e2a1a3b3e5 - 文章數無變化 (9)
2025-08-22 14:34:58,341 - INFO - Story 285c70c3-44cc-4925-8875-f832be467b17 對應到 5 篇文章
2025-08-22 14:34:58,341 - INFO - 跳過 Story 285c70c3-44cc-4925-8875-f832be467b17 - 文章數無變化 (5)
2025-08-22 14:34:58,547 - INFO - Story 1d43caa3-1c4e-405c-aab5-21277df08333 對應到 10 篇文章
2025-08-22 14:34:58,547 - INFO - 跳過 Story 1d43caa3-1c4e-405c-aab5-21277df08333 - 文章數無變化 (10)
2025-08-22 14:34:58,742 - INFO - Story d4098797-3e54-404c-9e5c-af6912192ae9 對應到 10 篇文章
2025-08-22 14:34:58,743 - INFO - 跳過 Story d4098797-3e54-404c-9e5c-af6912192ae9 - 文章數無變化 (10)
2025-08-22 14:34:58,941 - INFO - Story 5f81f581-66f8-450e-b613-707e74f6c8f3 對應到 10 篇文章
2025-08-22 14:34:58,942 - INFO - 跳過 Story 5f81f581-66f8-450e-b613-707e74f6c8f3 - 文章數無變化 (10)
2025-08-22 14:34:59,167 - INFO - Story 3100e895-c4c1-4aa1-8f75-5e1c444fde9e 對應到 6 篇文章
2025-08-22 14:34:59,168 - INFO - 跳過 Story 3100e895-c4c1-4aa1-8f75-5e1c444fde9e - 文章數無變化 (6)
2025-08-22 14:34:59,389 - INFO - Story c69f08fb-1716-45ad-b674-3bc1d1d0c052 對應到 10 篇文章
2025-08-22 14:34:59,389 - INFO - 跳過 Story c69f08fb-1716-45ad-b674-3bc1d1d0c052 - 文章數無變化 (10)
2025-08-22 14:34:59,598 - INFO - Story 87650de2-1232-4337-8325-fa5656a1ec74 對應到 10 篇文章
2025-08-22 14:34:59,599 - INFO - 跳過 Story 87650de2-1232-4337-8325-fa5656a1ec74 - 文章數無變化 (10)
2025-08-22 14:34:59,905 - INFO - Story fbe15063-aca6-453b-ae8b-5e1d383acce8 對應到 10 篇文章
2025-08-22 14:34:59,906 - INFO - 跳過 Story fbe15063-aca6-453b-ae8b-5e1d383acce8 - 文章數無變化 (10)
2025-08-22 14:35:00,205 - INFO - Story 7e860816-e27e-445a-90eb-51b0d6998e52 對應到 9 篇文章
2025-08-22 14:35:00,205 - INFO - 跳過 Story 7e860816-e27e-445a-90eb-51b0d6998e52 - 文章數無變化 (9)
2025-08-22 14:35:00,407 - INFO - Story 704d9f0b-1b07-444e-8b9e-86e4a6db23db 對應到 10 篇文章
2025-08-22 14:35:00,407 - INFO - 跳過 Story 704d9f0b-1b07-444e-8b9e-86e4a6db23db - 文章數無變化 (10)
2025-08-22 14:35:00,675 - INFO - Story 48842ad9-9bf5-4d7b-a95a-d67c6569ad70 對應到 10 篇文章
2025-08-22 14:35:00,675 - INFO - 跳過 Story 48842ad9-9bf5-4d7b-a95a-d67c6569ad70 - 文章數無變化 (10)
2025-08-22 14:35:00,880 - INFO - Story b4079db5-b56f-4749-ab1e-4ebd5e05cd35 對應到 10 篇文章
2025-08-22 14:35:00,880 - INFO - 跳過 Story b4079db5-b56f-4749-ab1e-4ebd5e05cd35 - 文章數無變化 (10)
2025-08-22 14:35:01,082 - INFO - Story 4a323410-42ae-446a-bf81-188b8b4c23e8 對應到 9 篇文章
2025-08-22 14:35:01,083 - INFO - 跳過 Story 4a323410-42ae-446a-bf81-188b8b4c23e8 - 文章數無變化 (9)
2025-08-22 14:35:01,302 - INFO - Story 23cc727a-4ef4-4d06-89fb-22e2fb9d6ff1 對應到 10 篇文章
2025-08-22 14:35:01,302 - INFO - 跳過 Story 23cc727a-4ef4-4d06-89fb-22e2fb9d6ff1 - 文章數無變化 (10)
2025-08-22 14:35:01,510 - INFO - Story 8475d517-5182-42d9-9bd6-3b03645a7898 對應到 6 篇文章
2025-08-22 14:35:01,511 - INFO - 跳過 Story 8475d517-5182-42d9-9bd6-3b03645a7898 - 文章數無變化 (6)
2025-08-22 14:35:01,706 - INFO - Story 0b114465-2414-4be9-87e3-3d697232909d 對應到 10 篇文章
2025-08-22 14:35:01,707 - INFO - 跳過 Story 0b114465-2414-4be9-87e3-3d697232909d - 文章數無變化 (10)
2025-08-22 14:35:01,974 - INFO - Story fc5ffd83-3d88-4ac1-a29b-bd5e2e4756d6 對應到 7 篇文章
2025-08-22 14:35:01,974 - INFO - 跳過 Story fc5ffd83-3d88-4ac1-a29b-bd5e2e4756d6 - 文章數無變化 (7)
2025-08-22 14:35:02,189 - INFO - Story 0fb6826d-f484-4c62-8cee-da27b1453309 對應到 7 篇文章
2025-08-22 14:35:02,190 - INFO - 跳過 Story 0fb6826d-f484-4c62-8cee-da27b1453309 - 文章數無變化 (7)
2025-08-22 14:35:02,364 - INFO - Story 112bf5c8-d4d2-4ddf-96b0-a216180ae913 對應到 4 篇文章
2025-08-22 14:35:02,364 - INFO - 跳過 Story 112bf5c8-d4d2-4ddf-96b0-a216180ae913 - 文章數無變化 (4)
2025-08-22 14:35:02,542 - INFO - Story 99738861-f007-4d04-b9ef-5c02b55ac8d2 對應到 4 篇文章
2025-08-22 14:35:02,542 - INFO - 跳過 Story 99738861-f007-4d04-b9ef-5c02b55ac8d2 - 文章數無變化 (4)
2025-08-22 14:35:02,810 - INFO - Story 2e646e5e-47d6-46e7-b686-aeda106f2c87 對應到 5 篇文章
2025-08-22 14:35:02,811 - INFO - 跳過 Story 2e646e5e-47d6-46e7-b686-aeda106f2c87 - 文章數無變化 (5)
2025-08-22 14:35:03,024 - INFO - Story e0d5374d-c100-4fb3-91a6-9cc63112c12e 對應到 9 篇文章
2025-08-22 14:35:03,024 - INFO - 跳過 Story e0d5374d-c100-4fb3-91a6-9cc63112c12e - 文章數無變化 (9)
2025-08-22 14:35:03,206 - INFO - Story 36eebd3c-a1c4-4002-901f-9bf810c305b7 對應到 10 篇文章
2025-08-22 14:35:03,206 - INFO - 跳過 Story 36eebd3c-a1c4-4002-901f-9bf810c305b7 - 文章數無變化 (10)
2025-08-22 14:35:03,386 - INFO - Story db373fed-e732-466b-b99f-5a94fc0ea1f8 對應到 9 篇文章
2025-08-22 14:35:03,387 - INFO - 跳過 Story db373fed-e732-466b-b99f-5a94fc0ea1f8 - 文章數無變化 (9)
2025-08-22 14:35:03,577 - INFO - Story f2ce1c7b-d745-412e-8b26-1c6f103c9a33 對應到 6 篇文章
2025-08-22 14:35:03,577 - INFO - 跳過 Story f2ce1c7b-d745-412e-8b26-1c6f103c9a33 - 文章數無變化 (6)
2025-08-22 14:35:03,753 - INFO - Story 90a2287c-3d78-4582-a04c-a0ae4c65e2e3 對應到 10 篇文章
2025-08-22 14:35:03,753 - INFO - 跳過 Story 90a2287c-3d78-4582-a04c-a0ae4c65e2e3 - 文章數無變化 (10)
2025-08-22 14:35:03,942 - INFO - Story 7a5050ca-abb7-4b84-b144-8d3bd2eb763d 對應到 9 篇文章
2025-08-22 14:35:03,942 - INFO - 跳過 Story 7a5050ca-abb7-4b84-b144-8d3bd2eb763d - 文章數無變化 (9)
2025-08-22 14:35:04,125 - INFO - Story c385b0c0-105d-4b4c-a882-1ce931c47816 對應到 9 篇文章
2025-08-22 14:35:04,126 - INFO - 跳過 Story c385b0c0-105d-4b4c-a882-1ce931c47816 - 文章數無變化 (9)
2025-08-22 14:35:04,303 - INFO - Story e1ea4787-28a7-4716-892b-d3dbed3f70d4 對應到 10 篇文章
2025-08-22 14:35:04,303 - INFO - 跳過 Story e1ea4787-28a7-4716-892b-d3dbed3f70d4 - 文章數無變化 (10)
2025-08-22 14:35:04,500 - INFO - Story 01340d25-6ef4-4d9d-8588-02a26c8dfc9d 對應到 10 篇文章
2025-08-22 14:35:04,501 - INFO - 跳過 Story 01340d25-6ef4-4d9d-8588-02a26c8dfc9d - 文章數無變化 (10)
2025-08-22 14:35:04,697 - INFO - Story db5a6195-d34d-459f-b1e7-3c488638deef 對應到 9 篇文章
2025-08-22 14:35:04,698 - INFO - 跳過 Story db5a6195-d34d-459f-b1e7-3c488638deef - 文章數無變化 (9)
2025-08-22 14:35:04,893 - INFO - Story 8402df04-827e-4d5e-8695-cc575dd94fa8 對應到 9 篇文章
2025-08-22 14:35:04,894 - INFO - 跳過 Story 8402df04-827e-4d5e-8695-cc575dd94fa8 - 文章數無變化 (9)
2025-08-22 14:35:05,060 - INFO - Story e528a44c-80ec-41a4-9103-2f27061730f8 對應到 10 篇文章
2025-08-22 14:35:05,061 - INFO - 跳過 Story e528a44c-80ec-41a4-9103-2f27061730f8 - 文章數無變化 (10)
2025-08-22 14:35:05,231 - INFO - Story a99e7fe3-70c2-41ab-a29b-7db487cabcfb 對應到 4 篇文章
2025-08-22 14:35:05,231 - INFO - 跳過 Story a99e7fe3-70c2-41ab-a29b-7db487cabcfb - 文章數無變化 (4)
2025-08-22 14:35:05,402 - INFO - Story 3a33b063-b707-4b09-a26d-41ed85d9a19d 對應到 8 篇文章
2025-08-22 14:35:05,402 - INFO - 跳過 Story 3a33b063-b707-4b09-a26d-41ed85d9a19d - 文章數無變化 (8)
2025-08-22 14:35:05,663 - INFO - Story ba646e3e-4277-4f29-a690-7e9d4dfc12ab 對應到 9 篇文章
2025-08-22 14:35:05,663 - INFO - 跳過 Story ba646e3e-4277-4f29-a690-7e9d4dfc12ab - 文章數無變化 (9)
2025-08-22 14:35:05,946 - INFO - Story e138a566-a135-476d-93cc-2cfcbc0439db 對應到 10 篇文章
2025-08-22 14:35:05,946 - INFO - 跳過 Story e138a566-a135-476d-93cc-2cfcbc0439db - 文章數無變化 (10)
2025-08-22 14:35:06,119 - INFO - Story efb0ff42-7665-4852-97a0-0d5cf7a2a526 對應到 9 篇文章
2025-08-22 14:35:06,119 - INFO - 跳過 Story efb0ff42-7665-4852-97a0-0d5cf7a2a526 - 文章數無變化 (9)
2025-08-22 14:35:06,421 - INFO - Story 2d1190f5-5173-4632-8540-9dd86d6c9aec 對應到 10 篇文章
2025-08-22 14:35:06,422 - INFO - 跳過 Story 2d1190f5-5173-4632-8540-9dd86d6c9aec - 文章數無變化 (10)
2025-08-22 14:35:06,589 - INFO - Story bae8ffcb-ab38-4d0a-a480-21c9331ee445 對應到 3 篇文章
2025-08-22 14:35:06,589 - INFO - 跳過 Story bae8ffcb-ab38-4d0a-a480-21c9331ee445 - 文章數無變化 (3)
2025-08-22 14:35:06,879 - INFO - Story 04e0d274-bfa0-4139-b9b5-c119ab1747a2 對應到 14 篇文章
2025-08-22 14:35:06,879 - INFO - 新的 Story 04e0d274-bfa0-4139-b9b5-c119ab1747a2 - 需要生成摘要
2025-08-22 14:35:07,064 - INFO - Story dff5fae7-7566-4082-b934-f95400434e18 對應到 15 篇文章
2025-08-22 14:35:07,065 - INFO - 新的 Story dff5fae7-7566-4082-b934-f95400434e18 - 需要生成摘要
2025-08-22 14:35:07,399 - INFO - Story f596d895-706c-4f84-a84d-e244b3b1f29a 對應到 14 篇文章
2025-08-22 14:35:07,400 - INFO - 新的 Story f596d895-706c-4f84-a84d-e244b3b1f29a - 需要生成摘要
2025-08-22 14:35:07,741 - INFO - Story 83e4178b-1e59-4cb6-9ece-66573b8ff3f8 對應到 15 篇文章
2025-08-22 14:35:07,741 - INFO - 新的 Story 83e4178b-1e59-4cb6-9ece-66573b8ff3f8 - 需要生成摘要
2025-08-22 14:35:08,139 - INFO - Story c08007e9-b8fc-4d8f-8444-d30474ff41d8 對應到 15 篇文章
2025-08-22 14:35:08,139 - INFO - 新的 Story c08007e9-b8fc-4d8f-8444-d30474ff41d8 - 需要生成摘要
2025-08-22 14:35:08,417 - INFO - Story 76b5bb8d-56dc-4a8f-860e-5d56b0bd96f6 對應到 14 篇文章
2025-08-22 14:35:08,418 - INFO - 新的 Story 76b5bb8d-56dc-4a8f-860e-5d56b0bd96f6 - 需要生成摘要
2025-08-22 14:35:08,625 - INFO - Story 81911591-305e-4b3a-a9f2-e6abc303944c 對應到 14 篇文章
2025-08-22 14:35:08,626 - INFO - 新的 Story 81911591-305e-4b3a-a9f2-e6abc303944c - 需要生成摘要
2025-08-22 14:35:08,797 - INFO - Story b40dea4f-8ea2-4bb1-b935-470ca7700c3d 對應到 15 篇文章
2025-08-22 14:35:08,798 - INFO - 新的 Story b40dea4f-8ea2-4bb1-b935-470ca7700c3d - 需要生成摘要
2025-08-22 14:35:09,030 - INFO - Story 6558ed3a-8110-45cd-a029-d6e3625da4c6 對應到 12 篇文章
2025-08-22 14:35:09,031 - INFO - 新的 Story 6558ed3a-8110-45cd-a029-d6e3625da4c6 - 需要生成摘要
2025-08-22 14:35:09,223 - INFO - Story d2e162af-6361-439c-af40-00b2c6bbcad2 對應到 7 篇文章
2025-08-22 14:35:09,224 - INFO - 新的 Story d2e162af-6361-439c-af40-00b2c6bbcad2 - 需要生成摘要
2025-08-22 14:35:09,486 - INFO - Story 60d66be7-1a1e-47b6-a84a-61862a68dc05 對應到 7 篇文章
2025-08-22 14:35:09,487 - INFO - 新的 Story 60d66be7-1a1e-47b6-a84a-61862a68dc05 - 需要生成摘要
2025-08-22 14:35:09,788 - INFO - Story 79fd3d2d-ed51-42ef-8158-e625e9b60126 對應到 15 篇文章
2025-08-22 14:35:09,788 - INFO - 新的 Story 79fd3d2d-ed51-42ef-8158-e625e9b60126 - 需要生成摘要
2025-08-22 14:35:10,025 - INFO - Story 710e7077-aad0-4e14-9fe6-f99fd15e727b 對應到 14 篇文章
2025-08-22 14:35:10,025 - INFO - 新的 Story 710e7077-aad0-4e14-9fe6-f99fd15e727b - 需要生成摘要
2025-08-22 14:35:10,198 - INFO - Story fbe8bfa6-8c20-4338-bd9f-5d9f11a67682 對應到 14 篇文章
2025-08-22 14:35:10,199 - INFO - 新的 Story fbe8bfa6-8c20-4338-bd9f-5d9f11a67682 - 需要生成摘要
2025-08-22 14:35:10,457 - INFO - Story a8704adb-7378-410f-bd9c-12634ff17a45 對應到 14 篇文章
2025-08-22 14:35:10,458 - INFO - 新的 Story a8704adb-7378-410f-bd9c-12634ff17a45 - 需要生成摘要
2025-08-22 14:35:10,622 - INFO - Story 1f237267-8819-43aa-ba9f-11e8a0dc000d 對應到 14 篇文章
2025-08-22 14:35:10,622 - INFO - 新的 Story 1f237267-8819-43aa-ba9f-11e8a0dc000d - 需要生成摘要
2025-08-22 14:35:10,862 - INFO - Story 9e894002-b23e-43c6-b201-1c64a86a1a64 對應到 15 篇文章
2025-08-22 14:35:10,862 - INFO - 新的 Story 9e894002-b23e-43c6-b201-1c64a86a1a64 - 需要生成摘要
2025-08-22 14:35:11,106 - INFO - Story be999081-8049-4226-9e23-8d526e2ae8f9 對應到 14 篇文章
2025-08-22 14:35:11,106 - INFO - 新的 Story be999081-8049-4226-9e23-8d526e2ae8f9 - 需要生成摘要
2025-08-22 14:35:11,353 - INFO - Story e23e16d6-7b1d-4f35-96cd-007cd827f423 對應到 14 篇文章
2025-08-22 14:35:11,353 - INFO - 新的 Story e23e16d6-7b1d-4f35-96cd-007cd827f423 - 需要生成摘要
2025-08-22 14:35:11,512 - INFO - Story f09586ed-18b5-46ec-a572-4047e2a7c271 對應到 15 篇文章
2025-08-22 14:35:11,513 - INFO - 新的 Story f09586ed-18b5-46ec-a572-4047e2a7c271 - 需要生成摘要
2025-08-22 14:35:11,671 - INFO - Story 87cb1650-8a00-4d68-a0eb-bb3611b9f4d3 對應到 13 篇文章
2025-08-22 14:35:11,672 - INFO - 新的 Story 87cb1650-8a00-4d68-a0eb-bb3611b9f4d3 - 需要生成摘要
2025-08-22 14:35:11,938 - INFO - Story 32ee2485-7bc9-4626-803c-4aa98840d72d 對應到 14 篇文章
2025-08-22 14:35:11,939 - INFO - 新的 Story 32ee2485-7bc9-4626-803c-4aa98840d72d - 需要生成摘要
2025-08-22 14:35:12,186 - INFO - Story a1045b98-84a2-4e02-9125-cd9e517e57a4 對應到 14 篇文章
2025-08-22 14:35:12,186 - INFO - 新的 Story a1045b98-84a2-4e02-9125-cd9e517e57a4 - 需要生成摘要
2025-08-22 14:35:12,448 - INFO - Story 95a1f893-2731-4f4d-98fe-9fbc20f4dc1a 對應到 15 篇文章
2025-08-22 14:35:12,449 - INFO - 新的 Story 95a1f893-2731-4f4d-98fe-9fbc20f4dc1a - 需要生成摘要
2025-08-22 14:35:12,738 - INFO - Story 973825b1-3d82-4414-b5ff-995ec643177c 對應到 15 篇文章
2025-08-22 14:35:12,738 - INFO - 新的 Story 973825b1-3d82-4414-b5ff-995ec643177c - 需要生成摘要
2025-08-22 14:35:12,984 - INFO - Story b41bbd4a-1204-4dae-b7fe-c2bcae6b0bee 對應到 14 篇文章
2025-08-22 14:35:12,984 - INFO - 新的 Story b41bbd4a-1204-4dae-b7fe-c2bcae6b0bee - 需要生成摘要
2025-08-22 14:35:13,133 - INFO - Story ed8f9ee3-9384-45ae-b560-70ffe35964f5 對應到 14 篇文章
2025-08-22 14:35:13,134 - INFO - 新的 Story ed8f9ee3-9384-45ae-b560-70ffe35964f5 - 需要生成摘要
2025-08-22 14:35:13,285 - INFO - Story df6cecd1-c6d8-4b3a-bf07-a8c3f2a110cf 對應到 3 篇文章
2025-08-22 14:35:13,285 - INFO - 新的 Story df6cecd1-c6d8-4b3a-bf07-a8c3f2a110cf - 需要生成摘要
2025-08-22 14:35:13,444 - INFO - Story 6f946535-13fb-485b-8f6f-d2ecef5a0958 對應到 3 篇文章
2025-08-22 14:35:13,444 - INFO - 新的 Story 6f946535-13fb-485b-8f6f-d2ecef5a0958 - 需要生成摘要
2025-08-22 14:35:13,707 - INFO - Story 3c52b8c1-1c87-4959-b643-770a6c101a3e 對應到 4 篇文章
2025-08-22 14:35:13,707 - INFO - 新的 Story 3c52b8c1-1c87-4959-b643-770a6c101a3e - 需要生成摘要
2025-08-22 14:35:13,888 - INFO - Story e6fd3766-8f63-4dc8-a18d-f60c631a35b0 對應到 7 篇文章
2025-08-22 14:35:13,888 - INFO - 新的 Story e6fd3766-8f63-4dc8-a18d-f60c631a35b0 - 需要生成摘要
2025-08-22 14:35:14,156 - INFO - Story a4db1361-169b-440d-9ee4-9c08ceeb531b 對應到 13 篇文章
2025-08-22 14:35:14,156 - INFO - 新的 Story a4db1361-169b-440d-9ee4-9c08ceeb531b - 需要生成摘要
2025-08-22 14:35:14,362 - INFO - Story 480648cf-a933-41b9-bdf2-864c4582584e 對應到 11 篇文章
2025-08-22 14:35:14,363 - INFO - 新的 Story 480648cf-a933-41b9-bdf2-864c4582584e - 需要生成摘要
2025-08-22 14:35:14,548 - INFO - Story 0643f6ef-7a60-4893-9668-3cc4aee77f46 對應到 12 篇文章
2025-08-22 14:35:14,548 - INFO - 新的 Story 0643f6ef-7a60-4893-9668-3cc4aee77f46 - 需要生成摘要
2025-08-22 14:35:14,795 - INFO - Story e5238528-69be-4ed8-9a7c-7832482ee258 對應到 15 篇文章
2025-08-22 14:35:14,796 - INFO - 新的 Story e5238528-69be-4ed8-9a7c-7832482ee258 - 需要生成摘要
2025-08-22 14:35:15,064 - INFO - Story b86c4c4d-040c-4267-accc-99bf8b023dee 對應到 11 篇文章
2025-08-22 14:35:15,064 - INFO - 新的 Story b86c4c4d-040c-4267-accc-99bf8b023dee - 需要生成摘要
2025-08-22 14:35:15,241 - INFO - Story fe1c5b09-41b8-4719-84dc-651b5a0300ae 對應到 12 篇文章
2025-08-22 14:35:15,242 - INFO - 新的 Story fe1c5b09-41b8-4719-84dc-651b5a0300ae - 需要生成摘要
2025-08-22 14:35:15,404 - INFO - Story e8156c95-c4ef-45b7-84fa-04e01639233c 對應到 13 篇文章
2025-08-22 14:35:15,404 - INFO - 新的 Story e8156c95-c4ef-45b7-84fa-04e01639233c - 需要生成摘要
2025-08-22 14:35:15,561 - INFO - Story 6aae5022-cacd-4ab7-bf03-d4aafcb048c9 對應到 9 篇文章
2025-08-22 14:35:15,562 - INFO - 新的 Story 6aae5022-cacd-4ab7-bf03-d4aafcb048c9 - 需要生成摘要
2025-08-22 14:35:15,736 - INFO - Story 9bc7434e-a248-4406-9a18-307b77d072a4 對應到 11 篇文章
2025-08-22 14:35:15,736 - INFO - 新的 Story 9bc7434e-a248-4406-9a18-307b77d072a4 - 需要生成摘要
2025-08-22 14:35:15,896 - INFO - Story 9377f235-e8c2-45ec-a92a-474a417c4600 對應到 14 篇文章
2025-08-22 14:35:15,896 - INFO - 新的 Story 9377f235-e8c2-45ec-a92a-474a417c4600 - 需要生成摘要
2025-08-22 14:35:16,055 - INFO - Story 55115780-f3e3-4009-a840-a9a4a038c69c 對應到 13 篇文章
2025-08-22 14:35:16,056 - INFO - 新的 Story 55115780-f3e3-4009-a840-a9a4a038c69c - 需要生成摘要
2025-08-22 14:35:16,305 - INFO - Story 355bd255-7d82-462d-9b67-67677d99de18 對應到 13 篇文章
2025-08-22 14:35:16,306 - INFO - 新的 Story 355bd255-7d82-462d-9b67-67677d99de18 - 需要生成摘要
2025-08-22 14:35:16,564 - INFO - Story cea09636-856e-4f75-9b96-d74f3c9adfa6 對應到 15 篇文章
2025-08-22 14:35:16,564 - INFO - 新的 Story cea09636-856e-4f75-9b96-d74f3c9adfa6 - 需要生成摘要
2025-08-22 14:35:16,717 - INFO - Story aed45a97-5131-4d75-8195-9f712e68b515 對應到 14 篇文章
2025-08-22 14:35:16,718 - INFO - 新的 Story aed45a97-5131-4d75-8195-9f712e68b515 - 需要生成摘要
2025-08-22 14:35:16,957 - INFO - Story 4073cbe1-6387-4fe8-934b-419aba087d7d 對應到 12 篇文章
2025-08-22 14:35:16,958 - INFO - 新的 Story 4073cbe1-6387-4fe8-934b-419aba087d7d - 需要生成摘要
2025-08-22 14:35:17,131 - INFO - Story c3be1812-a931-47d0-b4ac-780d1b9206cf 對應到 11 篇文章
2025-08-22 14:35:17,131 - INFO - 新的 Story c3be1812-a931-47d0-b4ac-780d1b9206cf - 需要生成摘要
2025-08-22 14:35:17,314 - INFO - Story f77efd3a-d62c-4697-8708-0217092f8a75 對應到 6 篇文章
2025-08-22 14:35:17,315 - INFO - 新的 Story f77efd3a-d62c-4697-8708-0217092f8a75 - 需要生成摘要
2025-08-22 14:35:17,501 - INFO - Story 50d929e9-5c7a-4726-bc9e-8ff837b526e9 對應到 2 篇文章
2025-08-22 14:35:17,502 - INFO - 新的 Story 50d929e9-5c7a-4726-bc9e-8ff837b526e9 - 需要生成摘要
2025-08-22 14:35:17,674 - INFO - Story 4949f947-0802-4f0a-bd65-beb0f20e3bf4 對應到 10 篇文章
2025-08-22 14:35:17,674 - INFO - 新的 Story 4949f947-0802-4f0a-bd65-beb0f20e3bf4 - 需要生成摘要
2025-08-22 14:35:17,843 - INFO - Story da5c7d40-3334-430c-a9b8-430d4ddd721a 對應到 12 篇文章
2025-08-22 14:35:17,843 - INFO - 新的 Story da5c7d40-3334-430c-a9b8-430d4ddd721a - 需要生成摘要
2025-08-22 14:35:18,021 - INFO - Story e5ef3269-82e6-4a6c-81bb-7adc5a7e202a 對應到 14 篇文章
2025-08-22 14:35:18,021 - INFO - 新的 Story e5ef3269-82e6-4a6c-81bb-7adc5a7e202a - 需要生成摘要
2025-08-22 14:35:18,255 - INFO - Story 620d41bc-4878-4c32-94dc-d3ed9bab4376 對應到 14 篇文章
2025-08-22 14:35:18,255 - INFO - 新的 Story 620d41bc-4878-4c32-94dc-d3ed9bab4376 - 需要生成摘要
2025-08-22 14:35:18,414 - INFO - Story be33fe0d-3e9e-4238-9218-3e0dd3306359 對應到 12 篇文章
2025-08-22 14:35:18,415 - INFO - 新的 Story be33fe0d-3e9e-4238-9218-3e0dd3306359 - 需要生成摘要
2025-08-22 14:35:18,596 - INFO - Story 0269719c-40cd-4c77-9699-3b90ea4c2e8f 對應到 6 篇文章
2025-08-22 14:35:18,597 - INFO - 新的 Story 0269719c-40cd-4c77-9699-3b90ea4c2e8f - 需要生成摘要
2025-08-22 14:35:18,757 - INFO - Story d5d11a12-6212-4111-a0ca-ccabd9d74315 對應到 6 篇文章
2025-08-22 14:35:18,757 - INFO - 新的 Story d5d11a12-6212-4111-a0ca-ccabd9d74315 - 需要生成摘要
2025-08-22 14:35:18,941 - INFO - Story 174a6d14-71b3-4d89-8f89-cd740dd428c0 對應到 9 篇文章
2025-08-22 14:35:18,941 - INFO - 新的 Story 174a6d14-71b3-4d89-8f89-cd740dd428c0 - 需要生成摘要
2025-08-22 14:35:19,112 - INFO - Story 78e9aa1f-2122-48f6-8240-12d249300631 對應到 10 篇文章
2025-08-22 14:35:19,113 - INFO - 新的 Story 78e9aa1f-2122-48f6-8240-12d249300631 - 需要生成摘要
2025-08-22 14:35:19,330 - INFO - Story 8098f1b3-9100-4313-81df-a119113b0067 對應到 10 篇文章
2025-08-22 14:35:19,331 - INFO - 新的 Story 8098f1b3-9100-4313-81df-a119113b0067 - 需要生成摘要
2025-08-22 14:35:19,488 - INFO - Story 20617fe1-673e-4ccc-af3d-c52c1d05a5e2 對應到 6 篇文章
2025-08-22 14:35:19,489 - INFO - 新的 Story 20617fe1-673e-4ccc-af3d-c52c1d05a5e2 - 需要生成摘要
2025-08-22 14:35:19,643 - INFO - Story 5cecf189-53b3-499d-8b9d-47ea07c8dfbd 對應到 6 篇文章
2025-08-22 14:35:19,643 - INFO - 新的 Story 5cecf189-53b3-499d-8b9d-47ea07c8dfbd - 需要生成摘要
2025-08-22 14:35:19,946 - INFO - Story 4261e315-288a-45a2-bf8a-adc12111108c 對應到 9 篇文章
2025-08-22 14:35:19,947 - INFO - 新的 Story 4261e315-288a-45a2-bf8a-adc12111108c - 需要生成摘要
2025-08-22 14:35:20,152 - INFO - Story 756ee619-86c3-418c-95c0-d1c11178de5b 對應到 4 篇文章
2025-08-22 14:35:20,152 - INFO - 新的 Story 756ee619-86c3-418c-95c0-d1c11178de5b - 需要生成摘要
2025-08-22 14:35:20,412 - INFO - Story 79de677e-f34c-4e34-b4b2-b673d4575ddb 對應到 8 篇文章
2025-08-22 14:35:20,413 - INFO - 新的 Story 79de677e-f34c-4e34-b4b2-b673d4575ddb - 需要生成摘要
2025-08-22 14:35:20,633 - INFO - Story 0b2cbd36-9345-45be-87c5-3e9894f108b2 對應到 9 篇文章
2025-08-22 14:35:20,634 - INFO - 新的 Story 0b2cbd36-9345-45be-87c5-3e9894f108b2 - 需要生成摘要
2025-08-22 14:35:20,786 - INFO - Story a23317f5-3115-46c1-b34d-40c29ba35556 對應到 9 篇文章
2025-08-22 14:35:20,786 - INFO - 新的 Story a23317f5-3115-46c1-b34d-40c29ba35556 - 需要生成摘要
2025-08-22 14:35:20,954 - INFO - Story 50237436-7e9f-4ab9-b236-b155ae64b501 對應到 1 篇文章
2025-08-22 14:35:20,955 - INFO - 新的 Story 50237436-7e9f-4ab9-b236-b155ae64b501 - 需要生成摘要
2025-08-22 14:35:21,121 - INFO - Story 50237436-7e9f-4ab9-b236-b155ae64b502 對應到 3 篇文章
2025-08-22 14:35:21,121 - INFO - 新的 Story 50237436-7e9f-4ab9-b236-b155ae64b502 - 需要生成摘要
2025-08-22 14:35:21,279 - INFO - Story 2bbeff00-9b58-46f2-a0f5-300e7f1d9cc1 對應到 2 篇文章
2025-08-22 14:35:21,279 - INFO - 新的 Story 2bbeff00-9b58-46f2-a0f5-300e7f1d9cc1 - 需要生成摘要
2025-08-22 14:35:21,442 - INFO - Story d9fed311-3ddf-4e48-91e7-dbf5074241c2 對應到 3 篇文章
2025-08-22 14:35:21,442 - INFO - 新的 Story d9fed311-3ddf-4e48-91e7-dbf5074241c2 - 需要生成摘要
2025-08-22 14:35:21,710 - INFO - Story a80a3a63-b6a2-48ce-a1f9-bfc172f4969f 對應到 5 篇文章
2025-08-22 14:35:21,710 - INFO - 新的 Story a80a3a63-b6a2-48ce-a1f9-bfc172f4969f - 需要生成摘要
2025-08-22 14:35:21,881 - INFO - Story 712e1ad5-6d3f-4332-97bf-3b3fafd640ff 對應到 9 篇文章
2025-08-22 14:35:21,881 - INFO - 新的 Story 712e1ad5-6d3f-4332-97bf-3b3fafd640ff - 需要生成摘要
2025-08-22 14:35:22,077 - INFO - Story 67df0927-44a0-4d94-a260-edf31e964c01 對應到 1 篇文章
2025-08-22 14:35:22,077 - INFO - 新的 Story 67df0927-44a0-4d94-a260-edf31e964c01 - 需要生成摘要
2025-08-22 14:35:22,247 - INFO - Story 67df0927-44a0-4d94-a260-edf31e964c02 對應到 5 篇文章
2025-08-22 14:35:22,248 - INFO - 新的 Story 67df0927-44a0-4d94-a260-edf31e964c02 - 需要生成摘要
2025-08-22 14:35:22,431 - INFO - Story 07d1bd90-8a8e-47b0-a111-c18d8fab3945 對應到 8 篇文章
2025-08-22 14:35:22,432 - INFO - 新的 Story 07d1bd90-8a8e-47b0-a111-c18d8fab3945 - 需要生成摘要
2025-08-22 14:35:22,622 - INFO - Story d2701ec1-f07c-4e98-acde-1676a4a078a0 對應到 7 篇文章
2025-08-22 14:35:22,622 - INFO - 新的 Story d2701ec1-f07c-4e98-acde-1676a4a078a0 - 需要生成摘要
2025-08-22 14:35:22,862 - INFO - Story 190a98cd-76cf-49cf-9acc-3be6da1c335e 對應到 8 篇文章
2025-08-22 14:35:22,862 - INFO - 新的 Story 190a98cd-76cf-49cf-9acc-3be6da1c335e - 需要生成摘要
2025-08-22 14:35:23,022 - INFO - Story 9ef982ca-53de-42ef-aca2-462ac7d2f40d 對應到 5 篇文章
2025-08-22 14:35:23,022 - INFO - 新的 Story 9ef982ca-53de-42ef-aca2-462ac7d2f40d - 需要生成摘要
2025-08-22 14:35:23,201 - INFO - Story d79867af-1501-4af1-8a9a-fc9587bb5809 對應到 6 篇文章
2025-08-22 14:35:23,201 - INFO - 新的 Story d79867af-1501-4af1-8a9a-fc9587bb5809 - 需要生成摘要
2025-08-22 14:35:23,370 - INFO - Story 10968da0-2978-4187-8b89-ae42797fe401 對應到 5 篇文章
2025-08-22 14:35:23,370 - INFO - 新的 Story 10968da0-2978-4187-8b89-ae42797fe401 - 需要生成摘要
2025-08-22 14:35:23,533 - INFO - Story 10968da0-2978-4187-8b89-ae42797fe402 對應到 2 篇文章
2025-08-22 14:35:23,533 - INFO - 新的 Story 10968da0-2978-4187-8b89-ae42797fe402 - 需要生成摘要
2025-08-22 14:35:23,716 - INFO - Story b22837cb-851f-427c-a783-983242651953 對應到 9 篇文章
2025-08-22 14:35:23,717 - INFO - 新的 Story b22837cb-851f-427c-a783-983242651953 - 需要生成摘要
2025-08-22 14:35:23,880 - INFO - Story 491998a4-335d-4ceb-898c-1fe39ff89a01 對應到 1 篇文章
2025-08-22 14:35:23,881 - INFO - 新的 Story 491998a4-335d-4ceb-898c-1fe39ff89a01 - 需要生成摘要
2025-08-22 14:35:24,044 - INFO - Story 491998a4-335d-4ceb-898c-1fe39ff89a02 對應到 4 篇文章
2025-08-22 14:35:24,044 - INFO - 新的 Story 491998a4-335d-4ceb-898c-1fe39ff89a02 - 需要生成摘要
2025-08-22 14:35:24,308 - INFO - Story 80aaf2a2-e75c-4eda-9412-66b87fc6c5b0 對應到 6 篇文章
2025-08-22 14:35:24,309 - INFO - 新的 Story 80aaf2a2-e75c-4eda-9412-66b87fc6c5b0 - 需要生成摘要
2025-08-22 14:35:24,309 - INFO - 成功組合 85 個 stories 資料
2025-08-22 15:28:14,386 - INFO - 插入新的 single_news 記錄: 04e0d274-bfa0-4139-b9b5-c119ab1747a2
2025-08-22 15:28:14,824 - INFO - 插入新的 single_news 記錄: dff5fae7-7566-4082-b934-f95400434e18
2025-08-22 15:28:15,573 - INFO - 插入新的 single_news 記錄: f596d895-706c-4f84-a84d-e244b3b1f29a
2025-08-22 15:28:16,042 - INFO - 插入新的 single_news 記錄: 83e4178b-1e59-4cb6-9ece-66573b8ff3f8
2025-08-22 15:28:16,413 - INFO - 插入新的 single_news 記錄: c08007e9-b8fc-4d8f-8444-d30474ff41d8
2025-08-22 15:28:16,755 - INFO - 插入新的 single_news 記錄: 76b5bb8d-56dc-4a8f-860e-5d56b0bd96f6
2025-08-22 15:28:17,104 - INFO - 插入新的 single_news 記錄: 81911591-305e-4b3a-a9f2-e6abc303944c
2025-08-22 15:28:17,497 - INFO - 插入新的 single_news 記錄: b40dea4f-8ea2-4bb1-b935-470ca7700c3d
2025-08-22 15:28:17,813 - INFO - 插入新的 single_news 記錄: 6558ed3a-8110-45cd-a029-d6e3625da4c6
2025-08-22 15:28:18,164 - INFO - 插入新的 single_news 記錄: d2e162af-6361-439c-af40-00b2c6bbcad2
2025-08-22 15:28:18,525 - INFO - 插入新的 single_news 記錄: 60d66be7-1a1e-47b6-a84a-61862a68dc05
2025-08-22 15:28:18,861 - INFO - 插入新的 single_news 記錄: 79fd3d2d-ed51-42ef-8158-e625e9b60126
2025-08-22 15:28:19,228 - INFO - 插入新的 single_news 記錄: 710e7077-aad0-4e14-9fe6-f99fd15e727b
2025-08-22 15:28:19,626 - INFO - 插入新的 single_news 記錄: fbe8bfa6-8c20-4338-bd9f-5d9f11a67682
2025-08-22 15:28:19,977 - INFO - 插入新的 single_news 記錄: a8704adb-7378-410f-bd9c-12634ff17a45
2025-08-22 15:28:20,319 - INFO - 插入新的 single_news 記錄: 1f237267-8819-43aa-ba9f-11e8a0dc000d
2025-08-22 15:28:20,662 - INFO - 插入新的 single_news 記錄: 9e894002-b23e-43c6-b201-1c64a86a1a64
2025-08-22 15:28:20,986 - INFO - 插入新的 single_news 記錄: be999081-8049-4226-9e23-8d526e2ae8f9
2025-08-22 15:28:21,349 - INFO - 插入新的 single_news 記錄: e23e16d6-7b1d-4f35-96cd-007cd827f423
2025-08-22 15:28:21,700 - INFO - 插入新的 single_news 記錄: f09586ed-18b5-46ec-a572-4047e2a7c271
2025-08-22 15:28:22,013 - INFO - 插入新的 single_news 記錄: 87cb1650-8a00-4d68-a0eb-bb3611b9f4d3
2025-08-22 15:28:22,367 - INFO - 插入新的 single_news 記錄: 32ee2485-7bc9-4626-803c-4aa98840d72d
2025-08-22 15:28:22,688 - INFO - 插入新的 single_news 記錄: a1045b98-84a2-4e02-9125-cd9e517e57a4
2025-08-22 15:28:23,035 - INFO - 插入新的 single_news 記錄: 95a1f893-2731-4f4d-98fe-9fbc20f4dc1a
2025-08-22 15:28:23,398 - INFO - 插入新的 single_news 記錄: 973825b1-3d82-4414-b5ff-995ec643177c
2025-08-22 15:28:23,710 - INFO - 插入新的 single_news 記錄: b41bbd4a-1204-4dae-b7fe-c2bcae6b0bee
2025-08-22 15:28:24,067 - INFO - 插入新的 single_news 記錄: ed8f9ee3-9384-45ae-b560-70ffe35964f5
2025-08-22 15:28:24,381 - INFO - 插入新的 single_news 記錄: df6cecd1-c6d8-4b3a-bf07-a8c3f2a110cf
2025-08-22 15:28:24,688 - INFO - 插入新的 single_news 記錄: 6f946535-13fb-485b-8f6f-d2ecef5a0958
2025-08-22 15:28:25,022 - INFO - 插入新的 single_news 記錄: 3c52b8c1-1c87-4959-b643-770a6c101a3e
2025-08-22 15:28:25,344 - INFO - 插入新的 single_news 記錄: e6fd3766-8f63-4dc8-a18d-f60c631a35b0
2025-08-22 15:28:25,671 - INFO - 插入新的 single_news 記錄: a4db1361-169b-440d-9ee4-9c08ceeb531b
2025-08-22 15:28:25,989 - INFO - 插入新的 single_news 記錄: 480648cf-a933-41b9-bdf2-864c4582584e
2025-08-22 15:28:26,444 - INFO - 插入新的 single_news 記錄: 0643f6ef-7a60-4893-9668-3cc4aee77f46
2025-08-22 15:28:26,776 - INFO - 插入新的 single_news 記錄: e5238528-69be-4ed8-9a7c-7832482ee258
2025-08-22 15:28:27,096 - INFO - 插入新的 single_news 記錄: b86c4c4d-040c-4267-accc-99bf8b023dee
2025-08-22 15:28:27,446 - INFO - 插入新的 single_news 記錄: fe1c5b09-41b8-4719-84dc-651b5a0300ae
2025-08-22 15:28:27,748 - INFO - 插入新的 single_news 記錄: e8156c95-c4ef-45b7-84fa-04e01639233c
2025-08-22 15:28:28,101 - INFO - 插入新的 single_news 記錄: 6aae5022-cacd-4ab7-bf03-d4aafcb048c9
2025-08-22 15:28:28,425 - INFO - 插入新的 single_news 記錄: 9bc7434e-a248-4406-9a18-307b77d072a4
2025-08-22 15:28:28,755 - INFO - 插入新的 single_news 記錄: 9377f235-e8c2-45ec-a92a-474a417c4600
2025-08-22 15:28:29,061 - INFO - 插入新的 single_news 記錄: 55115780-f3e3-4009-a840-a9a4a038c69c
2025-08-22 15:28:29,364 - INFO - 插入新的 single_news 記錄: 355bd255-7d82-462d-9b67-67677d99de18
2025-08-22 15:28:29,708 - INFO - 插入新的 single_news 記錄: cea09636-856e-4f75-9b96-d74f3c9adfa6
2025-08-22 15:28:30,044 - INFO - 插入新的 single_news 記錄: aed45a97-5131-4d75-8195-9f712e68b515
2025-08-22 15:28:30,359 - INFO - 插入新的 single_news 記錄: 4073cbe1-6387-4fe8-934b-419aba087d7d
2025-08-22 15:28:30,670 - INFO - 插入新的 single_news 記錄: c3be1812-a931-47d0-b4ac-780d1b9206cf
2025-08-22 15:28:30,991 - INFO - 插入新的 single_news 記錄: f77efd3a-d62c-4697-8708-0217092f8a75
2025-08-22 15:28:31,331 - INFO - 插入新的 single_news 記錄: 50d929e9-5c7a-4726-bc9e-8ff837b526e9
2025-08-22 15:28:31,659 - INFO - 插入新的 single_news 記錄: 4949f947-0802-4f0a-bd65-beb0f20e3bf4
2025-08-22 15:28:31,981 - INFO - 插入新的 single_news 記錄: da5c7d40-3334-430c-a9b8-430d4ddd721a
2025-08-22 15:28:32,340 - INFO - 插入新的 single_news 記錄: e5ef3269-82e6-4a6c-81bb-7adc5a7e202a
2025-08-22 15:28:32,666 - INFO - 插入新的 single_news 記錄: 620d41bc-4878-4c32-94dc-d3ed9bab4376
2025-08-22 15:28:33,018 - INFO - 插入新的 single_news 記錄: be33fe0d-3e9e-4238-9218-3e0dd3306359
2025-08-22 15:28:33,329 - INFO - 插入新的 single_news 記錄: 0269719c-40cd-4c77-9699-3b90ea4c2e8f
2025-08-22 15:28:33,664 - INFO - 插入新的 single_news 記錄: d5d11a12-6212-4111-a0ca-ccabd9d74315
2025-08-22 15:28:34,001 - INFO - 插入新的 single_news 記錄: 174a6d14-71b3-4d89-8f89-cd740dd428c0
2025-08-22 15:28:34,338 - INFO - 插入新的 single_news 記錄: 78e9aa1f-2122-48f6-8240-12d249300631
2025-08-22 15:28:34,673 - INFO - 插入新的 single_news 記錄: 8098f1b3-9100-4313-81df-a119113b0067
2025-08-22 15:28:34,993 - INFO - 插入新的 single_news 記錄: 20617fe1-673e-4ccc-af3d-c52c1d05a5e2
2025-08-22 15:28:35,295 - INFO - 插入新的 single_news 記錄: 5cecf189-53b3-499d-8b9d-47ea07c8dfbd
2025-08-22 15:28:35,606 - INFO - 插入新的 single_news 記錄: 4261e315-288a-45a2-bf8a-adc12111108c
2025-08-22 15:28:35,921 - INFO - 插入新的 single_news 記錄: 756ee619-86c3-418c-95c0-d1c11178de5b
2025-08-22 15:28:36,240 - INFO - 插入新的 single_news 記錄: 79de677e-f34c-4e34-b4b2-b673d4575ddb
2025-08-22 15:28:36,603 - INFO - 插入新的 single_news 記錄: 0b2cbd36-9345-45be-87c5-3e9894f108b2
2025-08-22 15:28:36,930 - INFO - 插入新的 single_news 記錄: a23317f5-3115-46c1-b34d-40c29ba35556
2025-08-22 15:28:37,233 - INFO - 插入新的 single_news 記錄: 50237436-7e9f-4ab9-b236-b155ae64b501
2025-08-22 15:28:37,599 - INFO - 插入新的 single_news 記錄: 50237436-7e9f-4ab9-b236-b155ae64b502
2025-08-22 15:28:37,897 - INFO - 插入新的 single_news 記錄: 2bbeff00-9b58-46f2-a0f5-300e7f1d9cc1
2025-08-22 15:28:38,214 - INFO - 插入新的 single_news 記錄: d9fed311-3ddf-4e48-91e7-dbf5074241c2
2025-08-22 15:28:38,534 - INFO - 插入新的 single_news 記錄: a80a3a63-b6a2-48ce-a1f9-bfc172f4969f
2025-08-22 15:28:38,884 - INFO - 插入新的 single_news 記錄: 712e1ad5-6d3f-4332-97bf-3b3fafd640ff
2025-08-22 15:28:39,199 - INFO - 插入新的 single_news 記錄: 67df0927-44a0-4d94-a260-edf31e964c01
2025-08-22 15:28:39,520 - INFO - 插入新的 single_news 記錄: 67df0927-44a0-4d94-a260-edf31e964c02
2025-08-22 15:28:39,826 - INFO - 插入新的 single_news 記錄: 07d1bd90-8a8e-47b0-a111-c18d8fab3945
2025-08-22 15:28:40,121 - INFO - 插入新的 single_news 記錄: d2701ec1-f07c-4e98-acde-1676a4a078a0
2025-08-22 15:28:40,408 - INFO - 插入新的 single_news 記錄: 190a98cd-76cf-49cf-9acc-3be6da1c335e
2025-08-22 15:28:40,775 - INFO - 插入新的 single_news 記錄: 9ef982ca-53de-42ef-aca2-462ac7d2f40d
2025-08-22 15:28:41,085 - INFO - 插入新的 single_news 記錄: d79867af-1501-4af1-8a9a-fc9587bb5809
2025-08-22 15:28:41,406 - INFO - 插入新的 single_news 記錄: 10968da0-2978-4187-8b89-ae42797fe401
2025-08-22 15:28:41,688 - INFO - 插入新的 single_news 記錄: 10968da0-2978-4187-8b89-ae42797fe402
2025-08-22 15:28:42,032 - INFO - 插入新的 single_news 記錄: b22837cb-851f-427c-a783-983242651953
2025-08-22 15:28:42,369 - INFO - 插入新的 single_news 記錄: 491998a4-335d-4ceb-898c-1fe39ff89a01
2025-08-22 15:28:42,671 - INFO - 插入新的 single_news 記錄: 491998a4-335d-4ceb-898c-1fe39ff89a02
2025-08-22 15:28:42,984 - INFO - 插入新的 single_news 記錄: 80aaf2a2-e75c-4eda-9412-66b87fc6c5b0
2025-08-22 23:12:05,213 - INFO - 從 stories 表拉取到 163 筆資料
2025-08-22 23:12:05,756 - INFO - 從 single_news 表拉取到 131 筆現有記錄
2025-08-22 23:12:06,149 - INFO - Story bfcf6bfb-512d-4f6d-97e2-8e57489b919e 對應到 10 篇文章
2025-08-22 23:12:06,149 - INFO - 跳過 Story bfcf6bfb-512d-4f6d-97e2-8e57489b919e - 文章數無變化 (10)
2025-08-22 23:12:06,490 - INFO - Story eea6c0f9-c9a6-4107-9d6e-764915d4dde5 對應到 10 篇文章
2025-08-22 23:12:06,490 - INFO - 跳過 Story eea6c0f9-c9a6-4107-9d6e-764915d4dde5 - 文章數無變化 (10)
2025-08-22 23:12:06,906 - INFO - Story c9bb094c-e220-4b42-8588-eb1f26d63e6a 對應到 10 篇文章
2025-08-22 23:12:06,906 - INFO - 跳過 Story c9bb094c-e220-4b42-8588-eb1f26d63e6a - 文章數無變化 (10)
2025-08-22 23:12:07,142 - INFO - Story 205ad770-5e01-4637-b05f-b8016ca835c9 對應到 9 篇文章
2025-08-22 23:12:07,142 - INFO - 跳過 Story 205ad770-5e01-4637-b05f-b8016ca835c9 - 文章數無變化 (9)
2025-08-22 23:12:07,407 - INFO - Story c9841140-336c-4fc9-99bb-5fa166f01449 對應到 9 篇文章
2025-08-22 23:12:07,407 - INFO - 跳過 Story c9841140-336c-4fc9-99bb-5fa166f01449 - 文章數無變化 (9)
2025-08-22 23:12:07,655 - INFO - Story c0f068bf-5441-4a20-9f90-ad2fffc08d84 對應到 9 篇文章
2025-08-22 23:12:07,655 - INFO - 跳過 Story c0f068bf-5441-4a20-9f90-ad2fffc08d84 - 文章數無變化 (9)
2025-08-22 23:12:07,881 - INFO - Story 9bc77213-1b27-4c2d-9fcd-56fd23da3cd3 對應到 8 篇文章
2025-08-22 23:12:07,881 - INFO - 跳過 Story 9bc77213-1b27-4c2d-9fcd-56fd23da3cd3 - 文章數無變化 (8)
2025-08-22 23:12:08,110 - INFO - Story 53bc840d-24d0-4871-9668-d5e2a1a3b3e5 對應到 9 篇文章
2025-08-22 23:12:08,110 - INFO - 跳過 Story 53bc840d-24d0-4871-9668-d5e2a1a3b3e5 - 文章數無變化 (9)
2025-08-22 23:12:08,503 - INFO - Story 285c70c3-44cc-4925-8875-f832be467b17 對應到 5 篇文章
2025-08-22 23:12:08,503 - INFO - 跳過 Story 285c70c3-44cc-4925-8875-f832be467b17 - 文章數無變化 (5)
2025-08-22 23:12:08,707 - INFO - Story 0eb5ccb2-6258-4d8f-a71a-00c858663c3e 對應到 9 篇文章
2025-08-22 23:12:08,707 - INFO - 新的 Story 0eb5ccb2-6258-4d8f-a71a-00c858663c3e - 需要生成摘要
2025-08-22 23:12:08,995 - INFO - Story 88d89940-62a7-4c8e-bd4d-485f3f5acddf 對應到 9 篇文章
2025-08-22 23:12:08,995 - INFO - 新的 Story 88d89940-62a7-4c8e-bd4d-485f3f5acddf - 需要生成摘要
2025-08-22 23:12:09,187 - INFO - Story aa97b4b9-ebfb-45db-96b8-4b52bd6b0e24 對應到 6 篇文章
2025-08-22 23:12:09,188 - INFO - 新的 Story aa97b4b9-ebfb-45db-96b8-4b52bd6b0e24 - 需要生成摘要
2025-08-22 23:12:09,403 - INFO - Story 1dbf8c7a-c3f3-48a3-9702-5077c5e75e60 對應到 9 篇文章
2025-08-22 23:12:09,403 - INFO - 新的 Story 1dbf8c7a-c3f3-48a3-9702-5077c5e75e60 - 需要生成摘要
2025-08-22 23:12:09,599 - INFO - Story c54abeab-34bf-4d10-9a4c-a56e5608a7f7 對應到 6 篇文章
2025-08-22 23:12:09,599 - INFO - 新的 Story c54abeab-34bf-4d10-9a4c-a56e5608a7f7 - 需要生成摘要
2025-08-22 23:12:09,779 - INFO - Story 42841f35-6311-46ea-8313-7a6c3353c464 對應到 9 篇文章
2025-08-22 23:12:09,779 - INFO - 新的 Story 42841f35-6311-46ea-8313-7a6c3353c464 - 需要生成摘要
2025-08-22 23:12:10,041 - INFO - Story 1ee8dfc3-06ae-4631-8879-4afccfeaeb20 對應到 10 篇文章
2025-08-22 23:12:10,042 - INFO - 新的 Story 1ee8dfc3-06ae-4631-8879-4afccfeaeb20 - 需要生成摘要
2025-08-22 23:12:10,343 - INFO - Story 9198e311-ed15-464b-bc75-4276b19bf56d 對應到 8 篇文章
2025-08-22 23:12:10,343 - INFO - 新的 Story 9198e311-ed15-464b-bc75-4276b19bf56d - 需要生成摘要
2025-08-22 23:12:10,600 - INFO - Story 7de072f1-a182-4b7d-a650-0a51aa8690b2 對應到 10 篇文章
2025-08-22 23:12:10,600 - INFO - 新的 Story 7de072f1-a182-4b7d-a650-0a51aa8690b2 - 需要生成摘要
2025-08-22 23:12:10,779 - INFO - Story 9cb93b1d-351c-461b-84a1-a7f16eb29a14 對應到 9 篇文章
2025-08-22 23:12:10,779 - INFO - 新的 Story 9cb93b1d-351c-461b-84a1-a7f16eb29a14 - 需要生成摘要
2025-08-22 23:12:11,171 - INFO - Story 0e5c823d-4ed4-406c-9e0e-b91927af3a72 對應到 6 篇文章
2025-08-22 23:12:11,171 - INFO - 新的 Story 0e5c823d-4ed4-406c-9e0e-b91927af3a72 - 需要生成摘要
2025-08-22 23:12:11,420 - INFO - Story 505e2472-7f16-41fa-a9d3-88c90341aaa0 對應到 8 篇文章
2025-08-22 23:12:11,420 - INFO - 新的 Story 505e2472-7f16-41fa-a9d3-88c90341aaa0 - 需要生成摘要
2025-08-22 23:12:11,577 - INFO - Story 4826bff9-099f-4ae5-9b95-f104ed6108be 對應到 9 篇文章
2025-08-22 23:12:11,578 - INFO - 新的 Story 4826bff9-099f-4ae5-9b95-f104ed6108be - 需要生成摘要
2025-08-22 23:12:11,747 - INFO - Story 1b299875-298b-4236-aa35-ef605bd7cca0 對應到 9 篇文章
2025-08-22 23:12:11,748 - INFO - 新的 Story 1b299875-298b-4236-aa35-ef605bd7cca0 - 需要生成摘要
2025-08-22 23:12:11,925 - INFO - Story e61584f3-283b-40a1-8b83-7fe94c12b35e 對應到 5 篇文章
2025-08-22 23:12:11,925 - INFO - 新的 Story e61584f3-283b-40a1-8b83-7fe94c12b35e - 需要生成摘要
2025-08-22 23:12:12,216 - INFO - Story 1ab2ee13-2114-48bc-84b1-8463efaa1e6c 對應到 10 篇文章
2025-08-22 23:12:12,216 - INFO - 新的 Story 1ab2ee13-2114-48bc-84b1-8463efaa1e6c - 需要生成摘要
2025-08-22 23:12:12,370 - INFO - Story d3f2f044-a684-4d74-94b1-dfd46ce1bde1 對應到 7 篇文章
2025-08-22 23:12:12,370 - INFO - 新的 Story d3f2f044-a684-4d74-94b1-dfd46ce1bde1 - 需要生成摘要
2025-08-22 23:12:12,523 - INFO - Story d32009e1-0b26-40a1-8b4e-729606eae951 對應到 9 篇文章
2025-08-22 23:12:12,523 - INFO - 新的 Story d32009e1-0b26-40a1-8b4e-729606eae951 - 需要生成摘要
2025-08-22 23:12:12,677 - INFO - Story 1d06b535-52e5-4ea8-b1ce-10c13b05cf3c 對應到 9 篇文章
2025-08-22 23:12:12,677 - INFO - 新的 Story 1d06b535-52e5-4ea8-b1ce-10c13b05cf3c - 需要生成摘要
2025-08-22 23:12:12,845 - INFO - Story dcf6a7f2-5d05-4e1f-9442-49e2ba916cb9 對應到 10 篇文章
2025-08-22 23:12:12,845 - INFO - 新的 Story dcf6a7f2-5d05-4e1f-9442-49e2ba916cb9 - 需要生成摘要
2025-08-22 23:12:13,005 - INFO - Story 4a7ec7bf-0c33-4d42-9e74-bf234aaee9ca 對應到 10 篇文章
2025-08-22 23:12:13,005 - INFO - 新的 Story 4a7ec7bf-0c33-4d42-9e74-bf234aaee9ca - 需要生成摘要
2025-08-22 23:12:13,170 - INFO - Story 14efea4d-8739-4187-99b1-639f818bccf6 對應到 10 篇文章
2025-08-22 23:12:13,170 - INFO - 新的 Story 14efea4d-8739-4187-99b1-639f818bccf6 - 需要生成摘要
2025-08-22 23:12:13,322 - INFO - Story f1a93a73-9fce-4b68-8aef-ac374b8ec599 對應到 5 篇文章
2025-08-22 23:12:13,322 - INFO - 新的 Story f1a93a73-9fce-4b68-8aef-ac374b8ec599 - 需要生成摘要
2025-08-22 23:12:13,493 - INFO - Story ddfaadb5-023c-4b18-aefc-f08ab96e31be 對應到 8 篇文章
2025-08-22 23:12:13,494 - INFO - 新的 Story ddfaadb5-023c-4b18-aefc-f08ab96e31be - 需要生成摘要
2025-08-22 23:12:13,659 - INFO - Story 00fee003-5498-442c-8ce7-87bebfbc161d 對應到 10 篇文章
2025-08-22 23:12:13,659 - INFO - 新的 Story 00fee003-5498-442c-8ce7-87bebfbc161d - 需要生成摘要
2025-08-22 23:12:13,830 - INFO - Story 333d1350-2d8d-4490-9544-1bfdb5ddb591 對應到 10 篇文章
2025-08-22 23:12:13,830 - INFO - 新的 Story 333d1350-2d8d-4490-9544-1bfdb5ddb591 - 需要生成摘要
2025-08-22 23:12:13,997 - INFO - Story 914bf502-3094-432b-a0a6-2a9872eb52d5 對應到 4 篇文章
2025-08-22 23:12:13,997 - INFO - 新的 Story 914bf502-3094-432b-a0a6-2a9872eb52d5 - 需要生成摘要
2025-08-22 23:12:14,155 - INFO - Story b040f610-1ea9-4e59-b480-0e6c30a425b9 對應到 10 篇文章
2025-08-22 23:12:14,156 - INFO - 新的 Story b040f610-1ea9-4e59-b480-0e6c30a425b9 - 需要生成摘要
2025-08-22 23:12:14,403 - INFO - Story 5b7c45d3-a5f7-4f67-8853-a46b1af536af 對應到 10 篇文章
2025-08-22 23:12:14,403 - INFO - 新的 Story 5b7c45d3-a5f7-4f67-8853-a46b1af536af - 需要生成摘要
2025-08-22 23:12:14,584 - INFO - Story faba8928-6191-4b56-84e0-75c9079315cd 對應到 9 篇文章
2025-08-22 23:12:14,584 - INFO - 新的 Story faba8928-6191-4b56-84e0-75c9079315cd - 需要生成摘要
2025-08-22 23:12:14,737 - INFO - Story 1d43caa3-1c4e-405c-aab5-21277df08333 對應到 10 篇文章
2025-08-22 23:12:14,737 - INFO - 跳過 Story 1d43caa3-1c4e-405c-aab5-21277df08333 - 文章數無變化 (10)
2025-08-22 23:12:14,894 - INFO - Story d4098797-3e54-404c-9e5c-af6912192ae9 對應到 10 篇文章
2025-08-22 23:12:14,894 - INFO - 跳過 Story d4098797-3e54-404c-9e5c-af6912192ae9 - 文章數無變化 (10)
2025-08-22 23:12:15,059 - INFO - Story 5f81f581-66f8-450e-b613-707e74f6c8f3 對應到 10 篇文章
2025-08-22 23:12:15,059 - INFO - 跳過 Story 5f81f581-66f8-450e-b613-707e74f6c8f3 - 文章數無變化 (10)
2025-08-22 23:12:15,206 - INFO - Story 3100e895-c4c1-4aa1-8f75-5e1c444fde9e 對應到 6 篇文章
2025-08-22 23:12:15,206 - INFO - 跳過 Story 3100e895-c4c1-4aa1-8f75-5e1c444fde9e - 文章數無變化 (6)
2025-08-22 23:12:15,369 - INFO - Story c69f08fb-1716-45ad-b674-3bc1d1d0c052 對應到 10 篇文章
2025-08-22 23:12:15,369 - INFO - 跳過 Story c69f08fb-1716-45ad-b674-3bc1d1d0c052 - 文章數無變化 (10)
2025-08-22 23:12:15,539 - INFO - Story 87650de2-1232-4337-8325-fa5656a1ec74 對應到 10 篇文章
2025-08-22 23:12:15,539 - INFO - 跳過 Story 87650de2-1232-4337-8325-fa5656a1ec74 - 文章數無變化 (10)
2025-08-22 23:12:15,793 - INFO - Story fbe15063-aca6-453b-ae8b-5e1d383acce8 對應到 10 篇文章
2025-08-22 23:12:15,794 - INFO - 跳過 Story fbe15063-aca6-453b-ae8b-5e1d383acce8 - 文章數無變化 (10)
2025-08-22 23:12:16,103 - INFO - Story 7e860816-e27e-445a-90eb-51b0d6998e52 對應到 9 篇文章
2025-08-22 23:12:16,103 - INFO - 跳過 Story 7e860816-e27e-445a-90eb-51b0d6998e52 - 文章數無變化 (9)
2025-08-22 23:12:16,282 - INFO - Story 704d9f0b-1b07-444e-8b9e-86e4a6db23db 對應到 10 篇文章
2025-08-22 23:12:16,282 - INFO - 跳過 Story 704d9f0b-1b07-444e-8b9e-86e4a6db23db - 文章數無變化 (10)
2025-08-22 23:12:16,538 - INFO - Story 48842ad9-9bf5-4d7b-a95a-d67c6569ad70 對應到 10 篇文章
2025-08-22 23:12:16,538 - INFO - 跳過 Story 48842ad9-9bf5-4d7b-a95a-d67c6569ad70 - 文章數無變化 (10)
2025-08-22 23:12:16,804 - INFO - Story b4079db5-b56f-4749-ab1e-4ebd5e05cd35 對應到 10 篇文章
2025-08-22 23:12:16,804 - INFO - 跳過 Story b4079db5-b56f-4749-ab1e-4ebd5e05cd35 - 文章數無變化 (10)
2025-08-22 23:12:16,965 - INFO - Story 4a323410-42ae-446a-bf81-188b8b4c23e8 對應到 9 篇文章
2025-08-22 23:12:16,965 - INFO - 跳過 Story 4a323410-42ae-446a-bf81-188b8b4c23e8 - 文章數無變化 (9)
2025-08-22 23:12:17,130 - INFO - Story 23cc727a-4ef4-4d06-89fb-22e2fb9d6ff1 對應到 10 篇文章
2025-08-22 23:12:17,130 - INFO - 跳過 Story 23cc727a-4ef4-4d06-89fb-22e2fb9d6ff1 - 文章數無變化 (10)
2025-08-22 23:12:17,278 - INFO - Story 8475d517-5182-42d9-9bd6-3b03645a7898 對應到 6 篇文章
2025-08-22 23:12:17,279 - INFO - 跳過 Story 8475d517-5182-42d9-9bd6-3b03645a7898 - 文章數無變化 (6)
2025-08-22 23:12:17,435 - INFO - Story 0b114465-2414-4be9-87e3-3d697232909d 對應到 10 篇文章
2025-08-22 23:12:17,435 - INFO - 跳過 Story 0b114465-2414-4be9-87e3-3d697232909d - 文章數無變化 (10)
2025-08-22 23:12:17,676 - INFO - Story fc5ffd83-3d88-4ac1-a29b-bd5e2e4756d6 對應到 7 篇文章
2025-08-22 23:12:17,677 - INFO - 跳過 Story fc5ffd83-3d88-4ac1-a29b-bd5e2e4756d6 - 文章數無變化 (7)
2025-08-22 23:12:17,839 - INFO - Story 0fb6826d-f484-4c62-8cee-da27b1453309 對應到 7 篇文章
2025-08-22 23:12:17,839 - INFO - 跳過 Story 0fb6826d-f484-4c62-8cee-da27b1453309 - 文章數無變化 (7)
2025-08-22 23:12:17,996 - INFO - Story 112bf5c8-d4d2-4ddf-96b0-a216180ae913 對應到 4 篇文章
2025-08-22 23:12:17,996 - INFO - 跳過 Story 112bf5c8-d4d2-4ddf-96b0-a216180ae913 - 文章數無變化 (4)
2025-08-22 23:12:18,171 - INFO - Story 99738861-f007-4d04-b9ef-5c02b55ac8d2 對應到 4 篇文章
2025-08-22 23:12:18,171 - INFO - 跳過 Story 99738861-f007-4d04-b9ef-5c02b55ac8d2 - 文章數無變化 (4)
2025-08-22 23:12:18,412 - INFO - Story 2e646e5e-47d6-46e7-b686-aeda106f2c87 對應到 5 篇文章
2025-08-22 23:12:18,412 - INFO - 跳過 Story 2e646e5e-47d6-46e7-b686-aeda106f2c87 - 文章數無變化 (5)
2025-08-22 23:12:18,566 - INFO - Story e0d5374d-c100-4fb3-91a6-9cc63112c12e 對應到 9 篇文章
2025-08-22 23:12:18,566 - INFO - 跳過 Story e0d5374d-c100-4fb3-91a6-9cc63112c12e - 文章數無變化 (9)
2025-08-22 23:12:18,729 - INFO - Story 36eebd3c-a1c4-4002-901f-9bf810c305b7 對應到 10 篇文章
2025-08-22 23:12:18,729 - INFO - 跳過 Story 36eebd3c-a1c4-4002-901f-9bf810c305b7 - 文章數無變化 (10)
2025-08-22 23:12:18,885 - INFO - Story db373fed-e732-466b-b99f-5a94fc0ea1f8 對應到 9 篇文章
2025-08-22 23:12:18,885 - INFO - 跳過 Story db373fed-e732-466b-b99f-5a94fc0ea1f8 - 文章數無變化 (9)
2025-08-22 23:12:19,040 - INFO - Story f2ce1c7b-d745-412e-8b26-1c6f103c9a33 對應到 6 篇文章
2025-08-22 23:12:19,040 - INFO - 跳過 Story f2ce1c7b-d745-412e-8b26-1c6f103c9a33 - 文章數無變化 (6)
2025-08-22 23:12:19,209 - INFO - Story 90a2287c-3d78-4582-a04c-a0ae4c65e2e3 對應到 10 篇文章
2025-08-22 23:12:19,209 - INFO - 跳過 Story 90a2287c-3d78-4582-a04c-a0ae4c65e2e3 - 文章數無變化 (10)
2025-08-22 23:12:19,386 - INFO - Story 7a5050ca-abb7-4b84-b144-8d3bd2eb763d 對應到 9 篇文章
2025-08-22 23:12:19,386 - INFO - 跳過 Story 7a5050ca-abb7-4b84-b144-8d3bd2eb763d - 文章數無變化 (9)
2025-08-22 23:12:19,547 - INFO - Story c385b0c0-105d-4b4c-a882-1ce931c47816 對應到 9 篇文章
2025-08-22 23:12:19,547 - INFO - 跳過 Story c385b0c0-105d-4b4c-a882-1ce931c47816 - 文章數無變化 (9)
2025-08-22 23:12:19,715 - INFO - Story e1ea4787-28a7-4716-892b-d3dbed3f70d4 對應到 10 篇文章
2025-08-22 23:12:19,715 - INFO - 跳過 Story e1ea4787-28a7-4716-892b-d3dbed3f70d4 - 文章數無變化 (10)
2025-08-22 23:12:19,881 - INFO - Story 01340d25-6ef4-4d9d-8588-02a26c8dfc9d 對應到 10 篇文章
2025-08-22 23:12:19,881 - INFO - 跳過 Story 01340d25-6ef4-4d9d-8588-02a26c8dfc9d - 文章數無變化 (10)
2025-08-22 23:12:20,046 - INFO - Story db5a6195-d34d-459f-b1e7-3c488638deef 對應到 9 篇文章
2025-08-22 23:12:20,046 - INFO - 跳過 Story db5a6195-d34d-459f-b1e7-3c488638deef - 文章數無變化 (9)
2025-08-22 23:12:20,208 - INFO - Story 8402df04-827e-4d5e-8695-cc575dd94fa8 對應到 9 篇文章
2025-08-22 23:12:20,208 - INFO - 跳過 Story 8402df04-827e-4d5e-8695-cc575dd94fa8 - 文章數無變化 (9)
2025-08-22 23:12:20,385 - INFO - Story e528a44c-80ec-41a4-9103-2f27061730f8 對應到 10 篇文章
2025-08-22 23:12:20,385 - INFO - 跳過 Story e528a44c-80ec-41a4-9103-2f27061730f8 - 文章數無變化 (10)
2025-08-22 23:12:20,568 - INFO - Story a99e7fe3-70c2-41ab-a29b-7db487cabcfb 對應到 4 篇文章
2025-08-22 23:12:20,568 - INFO - 跳過 Story a99e7fe3-70c2-41ab-a29b-7db487cabcfb - 文章數無變化 (4)
2025-08-22 23:12:20,730 - INFO - Story 3a33b063-b707-4b09-a26d-41ed85d9a19d 對應到 8 篇文章
2025-08-22 23:12:20,730 - INFO - 跳過 Story 3a33b063-b707-4b09-a26d-41ed85d9a19d - 文章數無變化 (8)
2025-08-22 23:12:20,913 - INFO - Story ba646e3e-4277-4f29-a690-7e9d4dfc12ab 對應到 9 篇文章
2025-08-22 23:12:20,913 - INFO - 跳過 Story ba646e3e-4277-4f29-a690-7e9d4dfc12ab - 文章數無變化 (9)
2025-08-22 23:12:21,162 - INFO - Story e138a566-a135-476d-93cc-2cfcbc0439db 對應到 10 篇文章
2025-08-22 23:12:21,162 - INFO - 跳過 Story e138a566-a135-476d-93cc-2cfcbc0439db - 文章數無變化 (10)
2025-08-22 23:12:21,324 - INFO - Story efb0ff42-7665-4852-97a0-0d5cf7a2a526 對應到 9 篇文章
2025-08-22 23:12:21,324 - INFO - 跳過 Story efb0ff42-7665-4852-97a0-0d5cf7a2a526 - 文章數無變化 (9)
2025-08-22 23:12:21,490 - INFO - Story 2d1190f5-5173-4632-8540-9dd86d6c9aec 對應到 10 篇文章
2025-08-22 23:12:21,490 - INFO - 跳過 Story 2d1190f5-5173-4632-8540-9dd86d6c9aec - 文章數無變化 (10)
2025-08-22 23:12:21,647 - INFO - Story bae8ffcb-ab38-4d0a-a480-21c9331ee445 對應到 3 篇文章
2025-08-22 23:12:21,647 - INFO - 跳過 Story bae8ffcb-ab38-4d0a-a480-21c9331ee445 - 文章數無變化 (3)
2025-08-22 23:12:21,880 - INFO - Story 04e0d274-bfa0-4139-b9b5-c119ab1747a2 對應到 14 篇文章
2025-08-22 23:12:21,880 - INFO - 跳過 Story 04e0d274-bfa0-4139-b9b5-c119ab1747a2 - 文章數無變化 (14)
2025-08-22 23:12:22,046 - INFO - Story dff5fae7-7566-4082-b934-f95400434e18 對應到 15 篇文章
2025-08-22 23:12:22,046 - INFO - 跳過 Story dff5fae7-7566-4082-b934-f95400434e18 - 文章數無變化 (15)
2025-08-22 23:12:22,205 - INFO - Story f596d895-706c-4f84-a84d-e244b3b1f29a 對應到 14 篇文章
2025-08-22 23:12:22,205 - INFO - 跳過 Story f596d895-706c-4f84-a84d-e244b3b1f29a - 文章數無變化 (14)
2025-08-22 23:12:22,357 - INFO - Story 83e4178b-1e59-4cb6-9ece-66573b8ff3f8 對應到 15 篇文章
2025-08-22 23:12:22,357 - INFO - 新的 Story 83e4178b-1e59-4cb6-9ece-66573b8ff3f8 - 需要生成摘要
2025-08-22 23:12:22,604 - INFO - Story c08007e9-b8fc-4d8f-8444-d30474ff41d8 對應到 15 篇文章
2025-08-22 23:12:22,604 - INFO - 需要更新 Story c08007e9-b8fc-4d8f-8444-d30474ff41d8 - 文章數變化 14 -> 15
2025-08-22 23:12:22,865 - INFO - Story 76b5bb8d-56dc-4a8f-860e-5d56b0bd96f6 對應到 14 篇文章
2025-08-22 23:12:22,865 - INFO - 跳過 Story 76b5bb8d-56dc-4a8f-860e-5d56b0bd96f6 - 文章數無變化 (14)
2025-08-22 23:12:23,112 - INFO - Story 81911591-305e-4b3a-a9f2-e6abc303944c 對應到 14 篇文章
2025-08-22 23:12:23,112 - INFO - 跳過 Story 81911591-305e-4b3a-a9f2-e6abc303944c - 文章數無變化 (14)
2025-08-22 23:12:23,294 - INFO - Story b40dea4f-8ea2-4bb1-b935-470ca7700c3d 對應到 15 篇文章
2025-08-22 23:12:23,294 - INFO - 跳過 Story b40dea4f-8ea2-4bb1-b935-470ca7700c3d - 文章數無變化 (15)
2025-08-22 23:12:23,530 - INFO - Story 6558ed3a-8110-45cd-a029-d6e3625da4c6 對應到 12 篇文章
2025-08-22 23:12:23,530 - INFO - 跳過 Story 6558ed3a-8110-45cd-a029-d6e3625da4c6 - 文章數無變化 (12)
2025-08-22 23:12:23,688 - INFO - Story d2e162af-6361-439c-af40-00b2c6bbcad2 對應到 7 篇文章
2025-08-22 23:12:23,688 - INFO - 跳過 Story d2e162af-6361-439c-af40-00b2c6bbcad2 - 文章數無變化 (7)
2025-08-22 23:12:23,951 - INFO - Story 60d66be7-1a1e-47b6-a84a-61862a68dc05 對應到 7 篇文章
2025-08-22 23:12:23,951 - INFO - 跳過 Story 60d66be7-1a1e-47b6-a84a-61862a68dc05 - 文章數無變化 (7)
2025-08-22 23:12:24,125 - INFO - Story 79fd3d2d-ed51-42ef-8158-e625e9b60126 對應到 15 篇文章
2025-08-22 23:12:24,125 - INFO - 跳過 Story 79fd3d2d-ed51-42ef-8158-e625e9b60126 - 文章數無變化 (15)
2025-08-22 23:12:24,361 - INFO - Story 710e7077-aad0-4e14-9fe6-f99fd15e727b 對應到 14 篇文章
2025-08-22 23:12:24,362 - INFO - 跳過 Story 710e7077-aad0-4e14-9fe6-f99fd15e727b - 文章數無變化 (14)
2025-08-22 23:12:24,614 - INFO - Story fbe8bfa6-8c20-4338-bd9f-5d9f11a67682 對應到 14 篇文章
2025-08-22 23:12:24,614 - INFO - 跳過 Story fbe8bfa6-8c20-4338-bd9f-5d9f11a67682 - 文章數無變化 (14)
2025-08-22 23:12:24,780 - INFO - Story a8704adb-7378-410f-bd9c-12634ff17a45 對應到 14 篇文章
2025-08-22 23:12:24,780 - INFO - 跳過 Story a8704adb-7378-410f-bd9c-12634ff17a45 - 文章數無變化 (14)
2025-08-22 23:12:24,936 - INFO - Story 1f237267-8819-43aa-ba9f-11e8a0dc000d 對應到 14 篇文章
2025-08-22 23:12:24,936 - INFO - 跳過 Story 1f237267-8819-43aa-ba9f-11e8a0dc000d - 文章數無變化 (14)
2025-08-22 23:12:25,111 - INFO - Story 9e894002-b23e-43c6-b201-1c64a86a1a64 對應到 15 篇文章
2025-08-22 23:12:25,111 - INFO - 跳過 Story 9e894002-b23e-43c6-b201-1c64a86a1a64 - 文章數無變化 (15)
2025-08-22 23:12:25,282 - INFO - Story be999081-8049-4226-9e23-8d526e2ae8f9 對應到 14 篇文章
2025-08-22 23:12:25,282 - INFO - 跳過 Story be999081-8049-4226-9e23-8d526e2ae8f9 - 文章數無變化 (14)
2025-08-22 23:12:25,450 - INFO - Story e23e16d6-7b1d-4f35-96cd-007cd827f423 對應到 14 篇文章
2025-08-22 23:12:25,450 - INFO - 需要更新 Story e23e16d6-7b1d-4f35-96cd-007cd827f423 - 文章數變化 13 -> 14
2025-08-22 23:12:25,620 - INFO - Story f09586ed-18b5-46ec-a572-4047e2a7c271 對應到 15 篇文章
2025-08-22 23:12:25,620 - INFO - 跳過 Story f09586ed-18b5-46ec-a572-4047e2a7c271 - 文章數無變化 (15)
2025-08-22 23:12:25,780 - INFO - Story 87cb1650-8a00-4d68-a0eb-bb3611b9f4d3 對應到 13 篇文章
2025-08-22 23:12:25,780 - INFO - 跳過 Story 87cb1650-8a00-4d68-a0eb-bb3611b9f4d3 - 文章數無變化 (13)
2025-08-22 23:12:25,981 - INFO - Story 32ee2485-7bc9-4626-803c-4aa98840d72d 對應到 14 篇文章
2025-08-22 23:12:25,981 - INFO - 跳過 Story 32ee2485-7bc9-4626-803c-4aa98840d72d - 文章數無變化 (14)
2025-08-22 23:12:26,298 - INFO - Story a1045b98-84a2-4e02-9125-cd9e517e57a4 對應到 14 篇文章
2025-08-22 23:12:26,298 - INFO - 新的 Story a1045b98-84a2-4e02-9125-cd9e517e57a4 - 需要生成摘要
2025-08-22 23:12:26,485 - INFO - Story 95a1f893-2731-4f4d-98fe-9fbc20f4dc1a 對應到 15 篇文章
2025-08-22 23:12:26,485 - INFO - 跳過 Story 95a1f893-2731-4f4d-98fe-9fbc20f4dc1a - 文章數無變化 (15)
2025-08-22 23:12:26,744 - INFO - Story 973825b1-3d82-4414-b5ff-995ec643177c 對應到 15 篇文章
2025-08-22 23:12:26,744 - INFO - 跳過 Story 973825b1-3d82-4414-b5ff-995ec643177c - 文章數無變化 (15)
2025-08-22 23:12:27,020 - INFO - Story b41bbd4a-1204-4dae-b7fe-c2bcae6b0bee 對應到 14 篇文章
2025-08-22 23:12:27,020 - INFO - 跳過 Story b41bbd4a-1204-4dae-b7fe-c2bcae6b0bee - 文章數無變化 (14)
2025-08-22 23:12:27,202 - INFO - Story ed8f9ee3-9384-45ae-b560-70ffe35964f5 對應到 14 篇文章
2025-08-22 23:12:27,202 - INFO - 跳過 Story ed8f9ee3-9384-45ae-b560-70ffe35964f5 - 文章數無變化 (14)
2025-08-22 23:12:27,369 - INFO - Story df6cecd1-c6d8-4b3a-bf07-a8c3f2a110cf 對應到 3 篇文章
2025-08-22 23:12:27,369 - INFO - 跳過 Story df6cecd1-c6d8-4b3a-bf07-a8c3f2a110cf - 文章數無變化 (3)
2025-08-22 23:12:27,525 - INFO - Story 6f946535-13fb-485b-8f6f-d2ecef5a0958 對應到 3 篇文章
2025-08-22 23:12:27,525 - INFO - 跳過 Story 6f946535-13fb-485b-8f6f-d2ecef5a0958 - 文章數無變化 (3)
2025-08-22 23:12:27,788 - INFO - Story 3c52b8c1-1c87-4959-b643-770a6c101a3e 對應到 4 篇文章
2025-08-22 23:12:27,788 - INFO - 跳過 Story 3c52b8c1-1c87-4959-b643-770a6c101a3e - 文章數無變化 (4)
2025-08-22 23:12:27,953 - INFO - Story e6fd3766-8f63-4dc8-a18d-f60c631a35b0 對應到 7 篇文章
2025-08-22 23:12:27,953 - INFO - 跳過 Story e6fd3766-8f63-4dc8-a18d-f60c631a35b0 - 文章數無變化 (7)
2025-08-22 23:12:28,186 - INFO - Story a4db1361-169b-440d-9ee4-9c08ceeb531b 對應到 13 篇文章
2025-08-22 23:12:28,186 - INFO - 跳過 Story a4db1361-169b-440d-9ee4-9c08ceeb531b - 文章數無變化 (13)
2025-08-22 23:12:28,333 - INFO - Story 480648cf-a933-41b9-bdf2-864c4582584e 對應到 11 篇文章
2025-08-22 23:12:28,333 - INFO - 跳過 Story 480648cf-a933-41b9-bdf2-864c4582584e - 文章數無變化 (11)
2025-08-22 23:12:28,490 - INFO - Story 0643f6ef-7a60-4893-9668-3cc4aee77f46 對應到 12 篇文章
2025-08-22 23:12:28,490 - INFO - 需要更新 Story 0643f6ef-7a60-4893-9668-3cc4aee77f46 - 文章數變化 11 -> 12
2025-08-22 23:12:28,762 - INFO - Story e5238528-69be-4ed8-9a7c-7832482ee258 對應到 15 篇文章
2025-08-22 23:12:28,763 - INFO - 跳過 Story e5238528-69be-4ed8-9a7c-7832482ee258 - 文章數無變化 (15)
2025-08-22 23:12:29,027 - INFO - Story b86c4c4d-040c-4267-accc-99bf8b023dee 對應到 11 篇文章
2025-08-22 23:12:29,027 - INFO - 跳過 Story b86c4c4d-040c-4267-accc-99bf8b023dee - 文章數無變化 (11)
2025-08-22 23:12:29,294 - INFO - Story fe1c5b09-41b8-4719-84dc-651b5a0300ae 對應到 12 篇文章
2025-08-22 23:12:29,294 - INFO - 跳過 Story fe1c5b09-41b8-4719-84dc-651b5a0300ae - 文章數無變化 (12)
2025-08-22 23:12:29,478 - INFO - Story e8156c95-c4ef-45b7-84fa-04e01639233c 對應到 13 篇文章
2025-08-22 23:12:29,478 - INFO - 跳過 Story e8156c95-c4ef-45b7-84fa-04e01639233c - 文章數無變化 (13)
2025-08-22 23:12:29,680 - INFO - Story 6aae5022-cacd-4ab7-bf03-d4aafcb048c9 對應到 9 篇文章
2025-08-22 23:12:29,680 - INFO - 跳過 Story 6aae5022-cacd-4ab7-bf03-d4aafcb048c9 - 文章數無變化 (9)
2025-08-22 23:12:29,863 - INFO - Story 9bc7434e-a248-4406-9a18-307b77d072a4 對應到 11 篇文章
2025-08-22 23:12:29,863 - INFO - 跳過 Story 9bc7434e-a248-4406-9a18-307b77d072a4 - 文章數無變化 (11)
2025-08-22 23:12:30,141 - INFO - Story 9377f235-e8c2-45ec-a92a-474a417c4600 對應到 14 篇文章
2025-08-22 23:12:30,141 - INFO - 需要更新 Story 9377f235-e8c2-45ec-a92a-474a417c4600 - 文章數變化 13 -> 14
2025-08-22 23:12:30,303 - INFO - Story 55115780-f3e3-4009-a840-a9a4a038c69c 對應到 13 篇文章
2025-08-22 23:12:30,304 - INFO - 需要更新 Story 55115780-f3e3-4009-a840-a9a4a038c69c - 文章數變化 12 -> 13
2025-08-22 23:12:30,540 - INFO - Story 355bd255-7d82-462d-9b67-67677d99de18 對應到 13 篇文章
2025-08-22 23:12:30,540 - INFO - 跳過 Story 355bd255-7d82-462d-9b67-67677d99de18 - 文章數無變化 (13)
2025-08-22 23:12:30,785 - INFO - Story cea09636-856e-4f75-9b96-d74f3c9adfa6 對應到 15 篇文章
2025-08-22 23:12:30,785 - INFO - 跳過 Story cea09636-856e-4f75-9b96-d74f3c9adfa6 - 文章數無變化 (15)
2025-08-22 23:12:30,950 - INFO - Story aed45a97-5131-4d75-8195-9f712e68b515 對應到 14 篇文章
2025-08-22 23:12:30,950 - INFO - 跳過 Story aed45a97-5131-4d75-8195-9f712e68b515 - 文章數無變化 (14)
2025-08-22 23:12:31,185 - INFO - Story 4073cbe1-6387-4fe8-934b-419aba087d7d 對應到 12 篇文章
2025-08-22 23:12:31,185 - INFO - 跳過 Story 4073cbe1-6387-4fe8-934b-419aba087d7d - 文章數無變化 (12)
2025-08-22 23:12:31,355 - INFO - Story c3be1812-a931-47d0-b4ac-780d1b9206cf 對應到 11 篇文章
2025-08-22 23:12:31,356 - INFO - 跳過 Story c3be1812-a931-47d0-b4ac-780d1b9206cf - 文章數無變化 (11)
2025-08-22 23:12:31,523 - INFO - Story f77efd3a-d62c-4697-8708-0217092f8a75 對應到 6 篇文章
2025-08-22 23:12:31,523 - INFO - 跳過 Story f77efd3a-d62c-4697-8708-0217092f8a75 - 文章數無變化 (6)
2025-08-22 23:12:31,682 - INFO - Story 50d929e9-5c7a-4726-bc9e-8ff837b526e9 對應到 2 篇文章
2025-08-22 23:12:31,682 - INFO - 跳過 Story 50d929e9-5c7a-4726-bc9e-8ff837b526e9 - 文章數無變化 (2)
2025-08-22 23:12:31,853 - INFO - Story 4949f947-0802-4f0a-bd65-beb0f20e3bf4 對應到 10 篇文章
2025-08-22 23:12:31,853 - INFO - 跳過 Story 4949f947-0802-4f0a-bd65-beb0f20e3bf4 - 文章數無變化 (10)
2025-08-22 23:12:32,021 - INFO - Story da5c7d40-3334-430c-a9b8-430d4ddd721a 對應到 12 篇文章
2025-08-22 23:12:32,021 - INFO - 需要更新 Story da5c7d40-3334-430c-a9b8-430d4ddd721a - 文章數變化 11 -> 12
2025-08-22 23:12:32,180 - INFO - Story e5ef3269-82e6-4a6c-81bb-7adc5a7e202a 對應到 14 篇文章
2025-08-22 23:12:32,180 - INFO - 跳過 Story e5ef3269-82e6-4a6c-81bb-7adc5a7e202a - 文章數無變化 (14)
2025-08-22 23:12:32,423 - INFO - Story 620d41bc-4878-4c32-94dc-d3ed9bab4376 對應到 14 篇文章
2025-08-22 23:12:32,423 - INFO - 跳過 Story 620d41bc-4878-4c32-94dc-d3ed9bab4376 - 文章數無變化 (14)
2025-08-22 23:12:32,581 - INFO - Story be33fe0d-3e9e-4238-9218-3e0dd3306359 對應到 12 篇文章
2025-08-22 23:12:32,582 - INFO - 跳過 Story be33fe0d-3e9e-4238-9218-3e0dd3306359 - 文章數無變化 (12)
2025-08-22 23:12:32,763 - INFO - Story d5d11a12-6212-4111-a0ca-ccabd9d74315 對應到 6 篇文章
2025-08-22 23:12:32,763 - INFO - 跳過 Story d5d11a12-6212-4111-a0ca-ccabd9d74315 - 文章數無變化 (6)
2025-08-22 23:12:32,920 - INFO - Story 50237436-7e9f-4ab9-b236-b155ae64b501 對應到 1 篇文章
2025-08-22 23:12:32,920 - INFO - 跳過 Story 50237436-7e9f-4ab9-b236-b155ae64b501 - 文章數無變化 (1)
2025-08-22 23:12:33,063 - INFO - Story 67df0927-44a0-4d94-a260-edf31e964c01 對應到 1 篇文章
2025-08-22 23:12:33,063 - INFO - 跳過 Story 67df0927-44a0-4d94-a260-edf31e964c01 - 文章數無變化 (1)
2025-08-22 23:12:33,239 - INFO - Story 10968da0-2978-4187-8b89-ae42797fe401 對應到 5 篇文章
2025-08-22 23:12:33,239 - INFO - 跳過 Story 10968da0-2978-4187-8b89-ae42797fe401 - 文章數無變化 (5)
2025-08-22 23:12:33,413 - INFO - Story 491998a4-335d-4ceb-898c-1fe39ff89a01 對應到 1 篇文章
2025-08-22 23:12:33,413 - INFO - 跳過 Story 491998a4-335d-4ceb-898c-1fe39ff89a01 - 文章數無變化 (1)
2025-08-22 23:12:33,583 - INFO - Story 756ee619-86c3-418c-95c0-d1c11178de5b 對應到 4 篇文章
2025-08-22 23:12:33,583 - INFO - 跳過 Story 756ee619-86c3-418c-95c0-d1c11178de5b - 文章數無變化 (4)
2025-08-22 23:12:33,822 - INFO - Story 79de677e-f34c-4e34-b4b2-b673d4575ddb 對應到 8 篇文章
2025-08-22 23:12:33,822 - INFO - 跳過 Story 79de677e-f34c-4e34-b4b2-b673d4575ddb - 文章數無變化 (8)
2025-08-22 23:12:34,003 - INFO - Story 0b2cbd36-9345-45be-87c5-3e9894f108b2 對應到 9 篇文章
2025-08-22 23:12:34,003 - INFO - 跳過 Story 0b2cbd36-9345-45be-87c5-3e9894f108b2 - 文章數無變化 (9)
2025-08-22 23:12:34,171 - INFO - Story a23317f5-3115-46c1-b34d-40c29ba35556 對應到 9 篇文章
2025-08-22 23:12:34,171 - INFO - 跳過 Story a23317f5-3115-46c1-b34d-40c29ba35556 - 文章數無變化 (9)
2025-08-22 23:12:34,326 - INFO - Story 0269719c-40cd-4c77-9699-3b90ea4c2e8f 對應到 6 篇文章
2025-08-22 23:12:34,326 - INFO - 需要更新 Story 0269719c-40cd-4c77-9699-3b90ea4c2e8f - 文章數變化 5 -> 6
2025-08-22 23:12:34,486 - INFO - Story 174a6d14-71b3-4d89-8f89-cd740dd428c0 對應到 9 篇文章
2025-08-22 23:12:34,486 - INFO - 跳過 Story 174a6d14-71b3-4d89-8f89-cd740dd428c0 - 文章數無變化 (9)
2025-08-22 23:12:34,642 - INFO - Story 78e9aa1f-2122-48f6-8240-12d249300631 對應到 10 篇文章
2025-08-22 23:12:34,642 - INFO - 跳過 Story 78e9aa1f-2122-48f6-8240-12d249300631 - 文章數無變化 (10)
2025-08-22 23:12:34,802 - INFO - Story 8098f1b3-9100-4313-81df-a119113b0067 對應到 10 篇文章
2025-08-22 23:12:34,802 - INFO - 跳過 Story 8098f1b3-9100-4313-81df-a119113b0067 - 文章數無變化 (10)
2025-08-22 23:12:34,960 - INFO - Story 20617fe1-673e-4ccc-af3d-c52c1d05a5e2 對應到 6 篇文章
2025-08-22 23:12:34,960 - INFO - 跳過 Story 20617fe1-673e-4ccc-af3d-c52c1d05a5e2 - 文章數無變化 (6)
2025-08-22 23:12:35,119 - INFO - Story 5cecf189-53b3-499d-8b9d-47ea07c8dfbd 對應到 6 篇文章
2025-08-22 23:12:35,119 - INFO - 跳過 Story 5cecf189-53b3-499d-8b9d-47ea07c8dfbd - 文章數無變化 (6)
2025-08-22 23:12:35,290 - INFO - Story 4261e315-288a-45a2-bf8a-adc12111108c 對應到 9 篇文章
2025-08-22 23:12:35,290 - INFO - 跳過 Story 4261e315-288a-45a2-bf8a-adc12111108c - 文章數無變化 (9)
2025-08-22 23:12:35,465 - INFO - Story 50237436-7e9f-4ab9-b236-b155ae64b502 對應到 3 篇文章
2025-08-22 23:12:35,465 - INFO - 跳過 Story 50237436-7e9f-4ab9-b236-b155ae64b502 - 文章數無變化 (3)
2025-08-22 23:12:35,636 - INFO - Story 2bbeff00-9b58-46f2-a0f5-300e7f1d9cc1 對應到 2 篇文章
2025-08-22 23:12:35,636 - INFO - 跳過 Story 2bbeff00-9b58-46f2-a0f5-300e7f1d9cc1 - 文章數無變化 (2)
2025-08-22 23:12:35,790 - INFO - Story d9fed311-3ddf-4e48-91e7-dbf5074241c2 對應到 3 篇文章
2025-08-22 23:12:35,790 - INFO - 跳過 Story d9fed311-3ddf-4e48-91e7-dbf5074241c2 - 文章數無變化 (3)
2025-08-22 23:12:35,949 - INFO - Story a80a3a63-b6a2-48ce-a1f9-bfc172f4969f 對應到 5 篇文章
2025-08-22 23:12:35,949 - INFO - 跳過 Story a80a3a63-b6a2-48ce-a1f9-bfc172f4969f - 文章數無變化 (5)
2025-08-22 23:12:36,112 - INFO - Story 712e1ad5-6d3f-4332-97bf-3b3fafd640ff 對應到 9 篇文章
2025-08-22 23:12:36,113 - INFO - 跳過 Story 712e1ad5-6d3f-4332-97bf-3b3fafd640ff - 文章數無變化 (9)
2025-08-22 23:12:36,277 - INFO - Story 67df0927-44a0-4d94-a260-edf31e964c02 對應到 5 篇文章
2025-08-22 23:12:36,277 - INFO - 跳過 Story 67df0927-44a0-4d94-a260-edf31e964c02 - 文章數無變化 (5)
2025-08-22 23:12:36,439 - INFO - Story 07d1bd90-8a8e-47b0-a111-c18d8fab3945 對應到 8 篇文章
2025-08-22 23:12:36,440 - INFO - 跳過 Story 07d1bd90-8a8e-47b0-a111-c18d8fab3945 - 文章數無變化 (8)
2025-08-22 23:12:36,606 - INFO - Story d2701ec1-f07c-4e98-acde-1676a4a078a0 對應到 7 篇文章
2025-08-22 23:12:36,606 - INFO - 跳過 Story d2701ec1-f07c-4e98-acde-1676a4a078a0 - 文章數無變化 (7)
2025-08-22 23:12:36,853 - INFO - Story 190a98cd-76cf-49cf-9acc-3be6da1c335e 對應到 8 篇文章
2025-08-22 23:12:36,853 - INFO - 跳過 Story 190a98cd-76cf-49cf-9acc-3be6da1c335e - 文章數無變化 (8)
2025-08-22 23:12:37,029 - INFO - Story 9ef982ca-53de-42ef-aca2-462ac7d2f40d 對應到 5 篇文章
2025-08-22 23:12:37,029 - INFO - 需要更新 Story 9ef982ca-53de-42ef-aca2-462ac7d2f40d - 文章數變化 4 -> 5
2025-08-22 23:12:37,203 - INFO - Story d79867af-1501-4af1-8a9a-fc9587bb5809 對應到 6 篇文章
2025-08-22 23:12:37,203 - INFO - 跳過 Story d79867af-1501-4af1-8a9a-fc9587bb5809 - 文章數無變化 (6)
2025-08-22 23:12:37,347 - INFO - Story 10968da0-2978-4187-8b89-ae42797fe402 對應到 2 篇文章
2025-08-22 23:12:37,348 - INFO - 跳過 Story 10968da0-2978-4187-8b89-ae42797fe402 - 文章數無變化 (2)
2025-08-22 23:12:37,518 - INFO - Story b22837cb-851f-427c-a783-983242651953 對應到 9 篇文章
2025-08-22 23:12:37,518 - INFO - 跳過 Story b22837cb-851f-427c-a783-983242651953 - 文章數無變化 (9)
2025-08-22 23:12:37,663 - INFO - Story 491998a4-335d-4ceb-898c-1fe39ff89a02 對應到 4 篇文章
2025-08-22 23:12:37,663 - INFO - 跳過 Story 491998a4-335d-4ceb-898c-1fe39ff89a02 - 文章數無變化 (4)
2025-08-22 23:12:37,922 - INFO - Story 80aaf2a2-e75c-4eda-9412-66b87fc6c5b0 對應到 6 篇文章
2025-08-22 23:12:37,922 - INFO - 跳過 Story 80aaf2a2-e75c-4eda-9412-66b87fc6c5b0 - 文章數無變化 (6)
2025-08-22 23:12:37,923 - INFO - 成功組合 40 個 stories 資料
2025-08-22 23:38:10,419 - INFO - 插入新的 single_news 記錄: 0eb5ccb2-6258-4d8f-a71a-00c858663c3e
2025-08-22 23:38:11,302 - INFO - 插入新的 single_news 記錄: 88d89940-62a7-4c8e-bd4d-485f3f5acddf
2025-08-22 23:38:12,040 - INFO - 插入新的 single_news 記錄: aa97b4b9-ebfb-45db-96b8-4b52bd6b0e24
2025-08-22 23:38:12,675 - INFO - 插入新的 single_news 記錄: 1dbf8c7a-c3f3-48a3-9702-5077c5e75e60
2025-08-22 23:38:13,194 - INFO - 插入新的 single_news 記錄: c54abeab-34bf-4d10-9a4c-a56e5608a7f7
2025-08-22 23:38:13,961 - INFO - 插入新的 single_news 記錄: 42841f35-6311-46ea-8313-7a6c3353c464
2025-08-22 23:38:14,503 - INFO - 插入新的 single_news 記錄: 1ee8dfc3-06ae-4631-8879-4afccfeaeb20
2025-08-22 23:38:14,875 - INFO - 插入新的 single_news 記錄: 9198e311-ed15-464b-bc75-4276b19bf56d
2025-08-22 23:38:15,240 - INFO - 插入新的 single_news 記錄: 7de072f1-a182-4b7d-a650-0a51aa8690b2
2025-08-22 23:38:15,581 - INFO - 插入新的 single_news 記錄: 9cb93b1d-351c-461b-84a1-a7f16eb29a14
2025-08-22 23:38:15,943 - INFO - 插入新的 single_news 記錄: 0e5c823d-4ed4-406c-9e0e-b91927af3a72
2025-08-22 23:38:16,263 - INFO - 插入新的 single_news 記錄: 505e2472-7f16-41fa-a9d3-88c90341aaa0
2025-08-22 23:38:16,610 - INFO - 插入新的 single_news 記錄: 4826bff9-099f-4ae5-9b95-f104ed6108be
2025-08-22 23:38:16,951 - INFO - 插入新的 single_news 記錄: 1b299875-298b-4236-aa35-ef605bd7cca0
2025-08-22 23:38:17,305 - INFO - 插入新的 single_news 記錄: e61584f3-283b-40a1-8b83-7fe94c12b35e
2025-08-22 23:38:17,680 - INFO - 插入新的 single_news 記錄: 1ab2ee13-2114-48bc-84b1-8463efaa1e6c
2025-08-22 23:38:18,101 - INFO - 插入新的 single_news 記錄: d3f2f044-a684-4d74-94b1-dfd46ce1bde1
2025-08-22 23:38:18,494 - INFO - 插入新的 single_news 記錄: d32009e1-0b26-40a1-8b4e-729606eae951
2025-08-22 23:38:18,813 - INFO - 插入新的 single_news 記錄: 1d06b535-52e5-4ea8-b1ce-10c13b05cf3c
2025-08-22 23:38:19,165 - INFO - 插入新的 single_news 記錄: dcf6a7f2-5d05-4e1f-9442-49e2ba916cb9
2025-08-22 23:38:19,487 - INFO - 插入新的 single_news 記錄: 4a7ec7bf-0c33-4d42-9e74-bf234aaee9ca
2025-08-22 23:38:19,815 - INFO - 插入新的 single_news 記錄: 14efea4d-8739-4187-99b1-639f818bccf6
2025-08-22 23:38:20,147 - INFO - 插入新的 single_news 記錄: f1a93a73-9fce-4b68-8aef-ac374b8ec599
2025-08-22 23:38:20,507 - INFO - 插入新的 single_news 記錄: ddfaadb5-023c-4b18-aefc-f08ab96e31be
2025-08-22 23:38:20,805 - INFO - 插入新的 single_news 記錄: 00fee003-5498-442c-8ce7-87bebfbc161d
2025-08-22 23:38:21,128 - INFO - 插入新的 single_news 記錄: 333d1350-2d8d-4490-9544-1bfdb5ddb591
2025-08-22 23:38:21,452 - INFO - 插入新的 single_news 記錄: 914bf502-3094-432b-a0a6-2a9872eb52d5
2025-08-22 23:38:21,815 - INFO - 插入新的 single_news 記錄: b040f610-1ea9-4e59-b480-0e6c30a425b9
2025-08-22 23:38:22,160 - INFO - 插入新的 single_news 記錄: 5b7c45d3-a5f7-4f67-8853-a46b1af536af
2025-08-22 23:38:22,494 - INFO - 插入新的 single_news 記錄: faba8928-6191-4b56-84e0-75c9079315cd
2025-08-22 23:38:22,907 - INFO - 插入新的 single_news 記錄: 83e4178b-1e59-4cb6-9ece-66573b8ff3f8
2025-08-22 23:38:23,245 - INFO - 更新 single_news 記錄: c08007e9-b8fc-4d8f-8444-d30474ff41d8
2025-08-22 23:38:23,555 - INFO - 更新 single_news 記錄: e23e16d6-7b1d-4f35-96cd-007cd827f423
2025-08-22 23:38:23,882 - INFO - 插入新的 single_news 記錄: a1045b98-84a2-4e02-9125-cd9e517e57a4
2025-08-22 23:38:24,207 - INFO - 更新 single_news 記錄: 0643f6ef-7a60-4893-9668-3cc4aee77f46
2025-08-22 23:38:24,532 - INFO - 更新 single_news 記錄: 9377f235-e8c2-45ec-a92a-474a417c4600
2025-08-22 23:38:24,858 - INFO - 更新 single_news 記錄: 55115780-f3e3-4009-a840-a9a4a038c69c
2025-08-22 23:38:25,213 - INFO - 更新 single_news 記錄: da5c7d40-3334-430c-a9b8-430d4ddd721a
2025-08-22 23:38:25,546 - INFO - 更新 single_news 記錄: 0269719c-40cd-4c77-9699-3b90ea4c2e8f
2025-08-22 23:38:25,851 - INFO - 更新 single_news 記錄: 9ef982ca-53de-42ef-aca2-462ac7d2f40d
2025-08-23 06:35:20,544 - INFO - 從 stories 表拉取到 163 筆資料
2025-08-23 06:35:20,818 - INFO - 從 single_news 表拉取到 163 筆現有記錄
2025-08-23 06:35:21,019 - INFO - Story bfcf6bfb-512d-4f6d-97e2-8e57489b919e 對應到 10 篇文章
2025-08-23 06:35:21,020 - INFO - 跳過 Story bfcf6bfb-512d-4f6d-97e2-8e57489b919e - 文章數無變化 (10)
2025-08-23 06:35:21,460 - INFO - Story eea6c0f9-c9a6-4107-9d6e-764915d4dde5 對應到 10 篇文章
2025-08-23 06:35:21,460 - INFO - 跳過 Story eea6c0f9-c9a6-4107-9d6e-764915d4dde5 - 文章數無變化 (10)
2025-08-23 06:35:21,634 - INFO - Story c9bb094c-e220-4b42-8588-eb1f26d63e6a 對應到 10 篇文章
2025-08-23 06:35:21,634 - INFO - 跳過 Story c9bb094c-e220-4b42-8588-eb1f26d63e6a - 文章數無變化 (10)
2025-08-23 06:35:21,850 - INFO - Story 205ad770-5e01-4637-b05f-b8016ca835c9 對應到 9 篇文章
2025-08-23 06:35:21,851 - INFO - 跳過 Story 205ad770-5e01-4637-b05f-b8016ca835c9 - 文章數無變化 (9)
2025-08-23 06:35:22,015 - INFO - Story c9841140-336c-4fc9-99bb-5fa166f01449 對應到 9 篇文章
2025-08-23 06:35:22,015 - INFO - 跳過 Story c9841140-336c-4fc9-99bb-5fa166f01449 - 文章數無變化 (9)
2025-08-23 06:35:22,193 - INFO - Story c0f068bf-5441-4a20-9f90-ad2fffc08d84 對應到 9 篇文章
2025-08-23 06:35:22,194 - INFO - 跳過 Story c0f068bf-5441-4a20-9f90-ad2fffc08d84 - 文章數無變化 (9)
2025-08-23 06:35:22,347 - INFO - Story 9bc77213-1b27-4c2d-9fcd-56fd23da3cd3 對應到 8 篇文章
2025-08-23 06:35:22,347 - INFO - 跳過 Story 9bc77213-1b27-4c2d-9fcd-56fd23da3cd3 - 文章數無變化 (8)
2025-08-23 06:35:22,502 - INFO - Story 53bc840d-24d0-4871-9668-d5e2a1a3b3e5 對應到 9 篇文章
2025-08-23 06:35:22,503 - INFO - 跳過 Story 53bc840d-24d0-4871-9668-d5e2a1a3b3e5 - 文章數無變化 (9)
2025-08-23 06:35:22,754 - INFO - Story 285c70c3-44cc-4925-8875-f832be467b17 對應到 5 篇文章
2025-08-23 06:35:22,755 - INFO - 跳過 Story 285c70c3-44cc-4925-8875-f832be467b17 - 文章數無變化 (5)
2025-08-23 06:35:22,920 - INFO - Story d32009e1-0b26-40a1-8b4e-729606eae951 對應到 9 篇文章
2025-08-23 06:35:22,920 - INFO - 跳過 Story d32009e1-0b26-40a1-8b4e-729606eae951 - 文章數無變化 (9)
2025-08-23 06:35:23,133 - INFO - Story 1d06b535-52e5-4ea8-b1ce-10c13b05cf3c 對應到 9 篇文章
2025-08-23 06:35:23,133 - INFO - 跳過 Story 1d06b535-52e5-4ea8-b1ce-10c13b05cf3c - 文章數無變化 (9)
2025-08-23 06:35:23,305 - INFO - Story dcf6a7f2-5d05-4e1f-9442-49e2ba916cb9 對應到 10 篇文章
2025-08-23 06:35:23,306 - INFO - 跳過 Story dcf6a7f2-5d05-4e1f-9442-49e2ba916cb9 - 文章數無變化 (10)
2025-08-23 06:35:23,719 - INFO - Story 4a7ec7bf-0c33-4d42-9e74-bf234aaee9ca 對應到 10 篇文章
2025-08-23 06:35:23,719 - INFO - 需要更新 Story 4a7ec7bf-0c33-4d42-9e74-bf234aaee9ca - 文章數變化 9 -> 10
2025-08-23 06:35:23,913 - INFO - Story 14efea4d-8739-4187-99b1-639f818bccf6 對應到 10 篇文章
2025-08-23 06:35:23,913 - INFO - 需要更新 Story 14efea4d-8739-4187-99b1-639f818bccf6 - 文章數變化 8 -> 10
2025-08-23 06:35:24,083 - INFO - Story f1a93a73-9fce-4b68-8aef-ac374b8ec599 對應到 5 篇文章
2025-08-23 06:35:24,084 - INFO - 跳過 Story f1a93a73-9fce-4b68-8aef-ac374b8ec599 - 文章數無變化 (5)
2025-08-23 06:35:24,241 - INFO - Story ddfaadb5-023c-4b18-aefc-f08ab96e31be 對應到 8 篇文章
2025-08-23 06:35:24,241 - INFO - 跳過 Story ddfaadb5-023c-4b18-aefc-f08ab96e31be - 文章數無變化 (8)
2025-08-23 06:35:24,414 - INFO - Story 00fee003-5498-442c-8ce7-87bebfbc161d 對應到 10 篇文章
2025-08-23 06:35:24,415 - INFO - 跳過 Story 00fee003-5498-442c-8ce7-87bebfbc161d - 文章數無變化 (10)
2025-08-23 06:35:24,677 - INFO - Story 333d1350-2d8d-4490-9544-1bfdb5ddb591 對應到 10 篇文章
2025-08-23 06:35:24,677 - INFO - 跳過 Story 333d1350-2d8d-4490-9544-1bfdb5ddb591 - 文章數無變化 (10)
2025-08-23 06:35:24,860 - INFO - Story 1d43caa3-1c4e-405c-aab5-21277df08333 對應到 10 篇文章
2025-08-23 06:35:24,861 - INFO - 跳過 Story 1d43caa3-1c4e-405c-aab5-21277df08333 - 文章數無變化 (10)
2025-08-23 06:35:25,018 - INFO - Story d4098797-3e54-404c-9e5c-af6912192ae9 對應到 10 篇文章
2025-08-23 06:35:25,018 - INFO - 跳過 Story d4098797-3e54-404c-9e5c-af6912192ae9 - 文章數無變化 (10)
2025-08-23 06:35:25,269 - INFO - Story 5f81f581-66f8-450e-b613-707e74f6c8f3 對應到 10 篇文章
2025-08-23 06:35:25,269 - INFO - 跳過 Story 5f81f581-66f8-450e-b613-707e74f6c8f3 - 文章數無變化 (10)
2025-08-23 06:35:25,442 - INFO - Story 3100e895-c4c1-4aa1-8f75-5e1c444fde9e 對應到 6 篇文章
2025-08-23 06:35:25,442 - INFO - 跳過 Story 3100e895-c4c1-4aa1-8f75-5e1c444fde9e - 文章數無變化 (6)
2025-08-23 06:35:25,612 - INFO - Story c69f08fb-1716-45ad-b674-3bc1d1d0c052 對應到 10 篇文章
2025-08-23 06:35:25,613 - INFO - 跳過 Story c69f08fb-1716-45ad-b674-3bc1d1d0c052 - 文章數無變化 (10)
2025-08-23 06:35:25,795 - INFO - Story 87650de2-1232-4337-8325-fa5656a1ec74 對應到 10 篇文章
2025-08-23 06:35:25,796 - INFO - 跳過 Story 87650de2-1232-4337-8325-fa5656a1ec74 - 文章數無變化 (10)
2025-08-23 06:35:26,036 - INFO - Story fbe15063-aca6-453b-ae8b-5e1d383acce8 對應到 10 篇文章
2025-08-23 06:35:26,036 - INFO - 跳過 Story fbe15063-aca6-453b-ae8b-5e1d383acce8 - 文章數無變化 (10)
2025-08-23 06:35:26,569 - INFO - Story 7e860816-e27e-445a-90eb-51b0d6998e52 對應到 9 篇文章
2025-08-23 06:35:26,569 - INFO - 跳過 Story 7e860816-e27e-445a-90eb-51b0d6998e52 - 文章數無變化 (9)
2025-08-23 06:35:26,730 - INFO - Story 704d9f0b-1b07-444e-8b9e-86e4a6db23db 對應到 10 篇文章
2025-08-23 06:35:26,730 - INFO - 跳過 Story 704d9f0b-1b07-444e-8b9e-86e4a6db23db - 文章數無變化 (10)
2025-08-23 06:35:26,901 - INFO - Story 48842ad9-9bf5-4d7b-a95a-d67c6569ad70 對應到 10 篇文章
2025-08-23 06:35:26,901 - INFO - 跳過 Story 48842ad9-9bf5-4d7b-a95a-d67c6569ad70 - 文章數無變化 (10)
2025-08-23 06:35:27,138 - INFO - Story b4079db5-b56f-4749-ab1e-4ebd5e05cd35 對應到 10 篇文章
2025-08-23 06:35:27,139 - INFO - 跳過 Story b4079db5-b56f-4749-ab1e-4ebd5e05cd35 - 文章數無變化 (10)
2025-08-23 06:35:27,311 - INFO - Story 4a323410-42ae-446a-bf81-188b8b4c23e8 對應到 9 篇文章
2025-08-23 06:35:27,311 - INFO - 跳過 Story 4a323410-42ae-446a-bf81-188b8b4c23e8 - 文章數無變化 (9)
2025-08-23 06:35:27,526 - INFO - Story 23cc727a-4ef4-4d06-89fb-22e2fb9d6ff1 對應到 10 篇文章
2025-08-23 06:35:27,526 - INFO - 跳過 Story 23cc727a-4ef4-4d06-89fb-22e2fb9d6ff1 - 文章數無變化 (10)
2025-08-23 06:35:27,754 - INFO - Story 8475d517-5182-42d9-9bd6-3b03645a7898 對應到 6 篇文章
2025-08-23 06:35:27,755 - INFO - 跳過 Story 8475d517-5182-42d9-9bd6-3b03645a7898 - 文章數無變化 (6)
2025-08-23 06:35:27,915 - INFO - Story 0b114465-2414-4be9-87e3-3d697232909d 對應到 10 篇文章
2025-08-23 06:35:27,915 - INFO - 跳過 Story 0b114465-2414-4be9-87e3-3d697232909d - 文章數無變化 (10)
2025-08-23 06:35:28,172 - INFO - Story fc5ffd83-3d88-4ac1-a29b-bd5e2e4756d6 對應到 7 篇文章
2025-08-23 06:35:28,172 - INFO - 跳過 Story fc5ffd83-3d88-4ac1-a29b-bd5e2e4756d6 - 文章數無變化 (7)
2025-08-23 06:35:28,343 - INFO - Story 0fb6826d-f484-4c62-8cee-da27b1453309 對應到 7 篇文章
2025-08-23 06:35:28,343 - INFO - 跳過 Story 0fb6826d-f484-4c62-8cee-da27b1453309 - 文章數無變化 (7)
2025-08-23 06:35:28,553 - INFO - Story 112bf5c8-d4d2-4ddf-96b0-a216180ae913 對應到 4 篇文章
2025-08-23 06:35:28,553 - INFO - 跳過 Story 112bf5c8-d4d2-4ddf-96b0-a216180ae913 - 文章數無變化 (4)
2025-08-23 06:35:28,747 - INFO - Story 99738861-f007-4d04-b9ef-5c02b55ac8d2 對應到 4 篇文章
2025-08-23 06:35:28,747 - INFO - 跳過 Story 99738861-f007-4d04-b9ef-5c02b55ac8d2 - 文章數無變化 (4)
2025-08-23 06:35:29,284 - INFO - Story 2e646e5e-47d6-46e7-b686-aeda106f2c87 對應到 5 篇文章
2025-08-23 06:35:29,285 - INFO - 跳過 Story 2e646e5e-47d6-46e7-b686-aeda106f2c87 - 文章數無變化 (5)
2025-08-23 06:35:29,492 - INFO - Story e0d5374d-c100-4fb3-91a6-9cc63112c12e 對應到 9 篇文章
2025-08-23 06:35:29,493 - INFO - 跳過 Story e0d5374d-c100-4fb3-91a6-9cc63112c12e - 文章數無變化 (9)
2025-08-23 06:35:29,682 - INFO - Story 36eebd3c-a1c4-4002-901f-9bf810c305b7 對應到 10 篇文章
2025-08-23 06:35:29,683 - INFO - 跳過 Story 36eebd3c-a1c4-4002-901f-9bf810c305b7 - 文章數無變化 (10)
2025-08-23 06:35:29,868 - INFO - Story db373fed-e732-466b-b99f-5a94fc0ea1f8 對應到 9 篇文章
2025-08-23 06:35:29,868 - INFO - 跳過 Story db373fed-e732-466b-b99f-5a94fc0ea1f8 - 文章數無變化 (9)
2025-08-23 06:35:30,027 - INFO - Story f2ce1c7b-d745-412e-8b26-1c6f103c9a33 對應到 6 篇文章
2025-08-23 06:35:30,028 - INFO - 跳過 Story f2ce1c7b-d745-412e-8b26-1c6f103c9a33 - 文章數無變化 (6)
2025-08-23 06:35:30,194 - INFO - Story 90a2287c-3d78-4582-a04c-a0ae4c65e2e3 對應到 10 篇文章
2025-08-23 06:35:30,194 - INFO - 跳過 Story 90a2287c-3d78-4582-a04c-a0ae4c65e2e3 - 文章數無變化 (10)
2025-08-23 06:35:30,368 - INFO - Story 7a5050ca-abb7-4b84-b144-8d3bd2eb763d 對應到 9 篇文章
2025-08-23 06:35:30,368 - INFO - 跳過 Story 7a5050ca-abb7-4b84-b144-8d3bd2eb763d - 文章數無變化 (9)
2025-08-23 06:35:30,546 - INFO - Story c385b0c0-105d-4b4c-a882-1ce931c47816 對應到 9 篇文章
2025-08-23 06:35:30,547 - INFO - 跳過 Story c385b0c0-105d-4b4c-a882-1ce931c47816 - 文章數無變化 (9)
2025-08-23 06:35:30,705 - INFO - Story e1ea4787-28a7-4716-892b-d3dbed3f70d4 對應到 10 篇文章
2025-08-23 06:35:30,706 - INFO - 跳過 Story e1ea4787-28a7-4716-892b-d3dbed3f70d4 - 文章數無變化 (10)
2025-08-23 06:35:30,864 - INFO - Story 01340d25-6ef4-4d9d-8588-02a26c8dfc9d 對應到 10 篇文章
2025-08-23 06:35:30,864 - INFO - 跳過 Story 01340d25-6ef4-4d9d-8588-02a26c8dfc9d - 文章數無變化 (10)
2025-08-23 06:35:31,318 - INFO - Story db5a6195-d34d-459f-b1e7-3c488638deef 對應到 9 篇文章
2025-08-23 06:35:31,319 - INFO - 跳過 Story db5a6195-d34d-459f-b1e7-3c488638deef - 文章數無變化 (9)
2025-08-23 06:35:31,522 - INFO - Story 8402df04-827e-4d5e-8695-cc575dd94fa8 對應到 9 篇文章
2025-08-23 06:35:31,523 - INFO - 跳過 Story 8402df04-827e-4d5e-8695-cc575dd94fa8 - 文章數無變化 (9)
2025-08-23 06:35:31,689 - INFO - Story e528a44c-80ec-41a4-9103-2f27061730f8 對應到 10 篇文章
2025-08-23 06:35:31,689 - INFO - 跳過 Story e528a44c-80ec-41a4-9103-2f27061730f8 - 文章數無變化 (10)
2025-08-23 06:35:31,864 - INFO - Story a99e7fe3-70c2-41ab-a29b-7db487cabcfb 對應到 4 篇文章
2025-08-23 06:35:31,865 - INFO - 跳過 Story a99e7fe3-70c2-41ab-a29b-7db487cabcfb - 文章數無變化 (4)
2025-08-23 06:35:32,083 - INFO - Story 3a33b063-b707-4b09-a26d-41ed85d9a19d 對應到 8 篇文章
2025-08-23 06:35:32,083 - INFO - 跳過 Story 3a33b063-b707-4b09-a26d-41ed85d9a19d - 文章數無變化 (8)
2025-08-23 06:35:32,384 - INFO - Story ba646e3e-4277-4f29-a690-7e9d4dfc12ab 對應到 9 篇文章
2025-08-23 06:35:32,385 - INFO - 跳過 Story ba646e3e-4277-4f29-a690-7e9d4dfc12ab - 文章數無變化 (9)
2025-08-23 06:35:32,959 - INFO - Story e138a566-a135-476d-93cc-2cfcbc0439db 對應到 10 篇文章
2025-08-23 06:35:32,959 - INFO - 跳過 Story e138a566-a135-476d-93cc-2cfcbc0439db - 文章數無變化 (10)
2025-08-23 06:35:33,169 - INFO - Story efb0ff42-7665-4852-97a0-0d5cf7a2a526 對應到 9 篇文章
2025-08-23 06:35:33,169 - INFO - 跳過 Story efb0ff42-7665-4852-97a0-0d5cf7a2a526 - 文章數無變化 (9)
2025-08-23 06:35:33,334 - INFO - Story 2d1190f5-5173-4632-8540-9dd86d6c9aec 對應到 10 篇文章
2025-08-23 06:35:33,334 - INFO - 跳過 Story 2d1190f5-5173-4632-8540-9dd86d6c9aec - 文章數無變化 (10)
2025-08-23 06:35:33,507 - INFO - Story bae8ffcb-ab38-4d0a-a480-21c9331ee445 對應到 3 篇文章
2025-08-23 06:35:33,507 - INFO - 跳過 Story bae8ffcb-ab38-4d0a-a480-21c9331ee445 - 文章數無變化 (3)
2025-08-23 06:35:33,662 - INFO - Story 0eb5ccb2-6258-4d8f-a71a-00c858663c3e 對應到 9 篇文章
2025-08-23 06:35:33,662 - INFO - 跳過 Story 0eb5ccb2-6258-4d8f-a71a-00c858663c3e - 文章數無變化 (9)
2025-08-23 06:35:33,940 - INFO - Story 88d89940-62a7-4c8e-bd4d-485f3f5acddf 對應到 9 篇文章
2025-08-23 06:35:33,940 - INFO - 需要更新 Story 88d89940-62a7-4c8e-bd4d-485f3f5acddf - 文章數變化 8 -> 9
2025-08-23 06:35:34,152 - INFO - Story aa97b4b9-ebfb-45db-96b8-4b52bd6b0e24 對應到 6 篇文章
2025-08-23 06:35:34,152 - INFO - 跳過 Story aa97b4b9-ebfb-45db-96b8-4b52bd6b0e24 - 文章數無變化 (6)
2025-08-23 06:35:34,378 - INFO - Story 1dbf8c7a-c3f3-48a3-9702-5077c5e75e60 對應到 9 篇文章
2025-08-23 06:35:34,379 - INFO - 跳過 Story 1dbf8c7a-c3f3-48a3-9702-5077c5e75e60 - 文章數無變化 (9)
2025-08-23 06:35:34,533 - INFO - Story c54abeab-34bf-4d10-9a4c-a56e5608a7f7 對應到 6 篇文章
2025-08-23 06:35:34,533 - INFO - 跳過 Story c54abeab-34bf-4d10-9a4c-a56e5608a7f7 - 文章數無變化 (6)
2025-08-23 06:35:34,767 - INFO - Story 42841f35-6311-46ea-8313-7a6c3353c464 對應到 9 篇文章
2025-08-23 06:35:34,767 - INFO - 跳過 Story 42841f35-6311-46ea-8313-7a6c3353c464 - 文章數無變化 (9)
2025-08-23 06:35:34,982 - INFO - Story 04e0d274-bfa0-4139-b9b5-c119ab1747a2 對應到 14 篇文章
2025-08-23 06:35:34,983 - INFO - 跳過 Story 04e0d274-bfa0-4139-b9b5-c119ab1747a2 - 文章數無變化 (14)
2025-08-23 06:35:35,145 - INFO - Story dff5fae7-7566-4082-b934-f95400434e18 對應到 15 篇文章
2025-08-23 06:35:35,145 - INFO - 跳過 Story dff5fae7-7566-4082-b934-f95400434e18 - 文章數無變化 (15)
2025-08-23 06:35:35,328 - INFO - Story f596d895-706c-4f84-a84d-e244b3b1f29a 對應到 14 篇文章
2025-08-23 06:35:35,328 - INFO - 跳過 Story f596d895-706c-4f84-a84d-e244b3b1f29a - 文章數無變化 (14)
2025-08-23 06:35:35,498 - INFO - Story 83e4178b-1e59-4cb6-9ece-66573b8ff3f8 對應到 15 篇文章
2025-08-23 06:35:35,499 - INFO - 需要更新 Story 83e4178b-1e59-4cb6-9ece-66573b8ff3f8 - 文章數變化 10 -> 15
2025-08-23 06:35:35,832 - INFO - Story c08007e9-b8fc-4d8f-8444-d30474ff41d8 對應到 15 篇文章
2025-08-23 06:35:35,832 - INFO - 跳過 Story c08007e9-b8fc-4d8f-8444-d30474ff41d8 - 文章數無變化 (15)
2025-08-23 06:35:36,174 - INFO - Story 76b5bb8d-56dc-4a8f-860e-5d56b0bd96f6 對應到 14 篇文章
2025-08-23 06:35:36,174 - INFO - 跳過 Story 76b5bb8d-56dc-4a8f-860e-5d56b0bd96f6 - 文章數無變化 (14)
2025-08-23 06:35:36,431 - INFO - Story 81911591-305e-4b3a-a9f2-e6abc303944c 對應到 14 篇文章
2025-08-23 06:35:36,431 - INFO - 跳過 Story 81911591-305e-4b3a-a9f2-e6abc303944c - 文章數無變化 (14)
2025-08-23 06:35:36,723 - INFO - Story b40dea4f-8ea2-4bb1-b935-470ca7700c3d 對應到 15 篇文章
2025-08-23 06:35:36,723 - INFO - 跳過 Story b40dea4f-8ea2-4bb1-b935-470ca7700c3d - 文章數無變化 (15)
2025-08-23 06:35:36,889 - INFO - Story 6558ed3a-8110-45cd-a029-d6e3625da4c6 對應到 12 篇文章
2025-08-23 06:35:36,890 - INFO - 跳過 Story 6558ed3a-8110-45cd-a029-d6e3625da4c6 - 文章數無變化 (12)
2025-08-23 06:35:37,057 - INFO - Story d2e162af-6361-439c-af40-00b2c6bbcad2 對應到 7 篇文章
2025-08-23 06:35:37,058 - INFO - 跳過 Story d2e162af-6361-439c-af40-00b2c6bbcad2 - 文章數無變化 (7)
2025-08-23 06:35:37,301 - INFO - Story 60d66be7-1a1e-47b6-a84a-61862a68dc05 對應到 7 篇文章
2025-08-23 06:35:37,301 - INFO - 跳過 Story 60d66be7-1a1e-47b6-a84a-61862a68dc05 - 文章數無變化 (7)
2025-08-23 06:35:37,589 - INFO - Story 79fd3d2d-ed51-42ef-8158-e625e9b60126 對應到 15 篇文章
2025-08-23 06:35:37,590 - INFO - 跳過 Story 79fd3d2d-ed51-42ef-8158-e625e9b60126 - 文章數無變化 (15)
2025-08-23 06:35:37,745 - INFO - Story 710e7077-aad0-4e14-9fe6-f99fd15e727b 對應到 14 篇文章
2025-08-23 06:35:37,745 - INFO - 跳過 Story 710e7077-aad0-4e14-9fe6-f99fd15e727b - 文章數無變化 (14)
2025-08-23 06:35:38,004 - INFO - Story fbe8bfa6-8c20-4338-bd9f-5d9f11a67682 對應到 14 篇文章
2025-08-23 06:35:38,004 - INFO - 跳過 Story fbe8bfa6-8c20-4338-bd9f-5d9f11a67682 - 文章數無變化 (14)
2025-08-23 06:35:38,249 - INFO - Story a8704adb-7378-410f-bd9c-12634ff17a45 對應到 14 篇文章
2025-08-23 06:35:38,250 - INFO - 跳過 Story a8704adb-7378-410f-bd9c-12634ff17a45 - 文章數無變化 (14)
2025-08-23 06:35:38,504 - INFO - Story 1f237267-8819-43aa-ba9f-11e8a0dc000d 對應到 14 篇文章
2025-08-23 06:35:38,504 - INFO - 跳過 Story 1f237267-8819-43aa-ba9f-11e8a0dc000d - 文章數無變化 (14)
2025-08-23 06:35:38,828 - INFO - Story 9e894002-b23e-43c6-b201-1c64a86a1a64 對應到 15 篇文章
2025-08-23 06:35:38,829 - INFO - 跳過 Story 9e894002-b23e-43c6-b201-1c64a86a1a64 - 文章數無變化 (15)
2025-08-23 06:35:39,114 - INFO - Story be999081-8049-4226-9e23-8d526e2ae8f9 對應到 14 篇文章
2025-08-23 06:35:39,114 - INFO - 跳過 Story be999081-8049-4226-9e23-8d526e2ae8f9 - 文章數無變化 (14)
2025-08-23 06:35:39,783 - INFO - Story e23e16d6-7b1d-4f35-96cd-007cd827f423 對應到 14 篇文章
2025-08-23 06:35:39,783 - INFO - 需要更新 Story e23e16d6-7b1d-4f35-96cd-007cd827f423 - 文章數變化 13 -> 14
2025-08-23 06:35:40,055 - INFO - Story f09586ed-18b5-46ec-a572-4047e2a7c271 對應到 15 篇文章
2025-08-23 06:35:40,055 - INFO - 跳過 Story f09586ed-18b5-46ec-a572-4047e2a7c271 - 文章數無變化 (15)
2025-08-23 06:35:40,219 - INFO - Story 87cb1650-8a00-4d68-a0eb-bb3611b9f4d3 對應到 13 篇文章
2025-08-23 06:35:40,220 - INFO - 跳過 Story 87cb1650-8a00-4d68-a0eb-bb3611b9f4d3 - 文章數無變化 (13)
2025-08-23 06:35:40,524 - INFO - Story 32ee2485-7bc9-4626-803c-4aa98840d72d 對應到 14 篇文章
2025-08-23 06:35:40,525 - INFO - 跳過 Story 32ee2485-7bc9-4626-803c-4aa98840d72d - 文章數無變化 (14)
2025-08-23 06:35:40,860 - INFO - Story a1045b98-84a2-4e02-9125-cd9e517e57a4 對應到 14 篇文章
2025-08-23 06:35:40,860 - INFO - 跳過 Story a1045b98-84a2-4e02-9125-cd9e517e57a4 - 文章數無變化 (14)
2025-08-23 06:35:41,249 - INFO - Story 95a1f893-2731-4f4d-98fe-9fbc20f4dc1a 對應到 15 篇文章
2025-08-23 06:35:41,250 - INFO - 跳過 Story 95a1f893-2731-4f4d-98fe-9fbc20f4dc1a - 文章數無變化 (15)
2025-08-23 06:35:41,620 - INFO - Story 973825b1-3d82-4414-b5ff-995ec643177c 對應到 15 篇文章
2025-08-23 06:35:41,620 - INFO - 跳過 Story 973825b1-3d82-4414-b5ff-995ec643177c - 文章數無變化 (15)
2025-08-23 06:35:41,910 - INFO - Story b41bbd4a-1204-4dae-b7fe-c2bcae6b0bee 對應到 14 篇文章
2025-08-23 06:35:41,911 - INFO - 跳過 Story b41bbd4a-1204-4dae-b7fe-c2bcae6b0bee - 文章數無變化 (14)
2025-08-23 06:35:42,071 - INFO - Story ed8f9ee3-9384-45ae-b560-70ffe35964f5 對應到 14 篇文章
2025-08-23 06:35:42,071 - INFO - 跳過 Story ed8f9ee3-9384-45ae-b560-70ffe35964f5 - 文章數無變化 (14)
2025-08-23 06:35:42,227 - INFO - Story df6cecd1-c6d8-4b3a-bf07-a8c3f2a110cf 對應到 3 篇文章
2025-08-23 06:35:42,228 - INFO - 跳過 Story df6cecd1-c6d8-4b3a-bf07-a8c3f2a110cf - 文章數無變化 (3)
2025-08-23 06:35:42,398 - INFO - Story 6f946535-13fb-485b-8f6f-d2ecef5a0958 對應到 3 篇文章
2025-08-23 06:35:42,399 - INFO - 跳過 Story 6f946535-13fb-485b-8f6f-d2ecef5a0958 - 文章數無變化 (3)
2025-08-23 06:35:42,660 - INFO - Story 3c52b8c1-1c87-4959-b643-770a6c101a3e 對應到 4 篇文章
2025-08-23 06:35:42,660 - INFO - 跳過 Story 3c52b8c1-1c87-4959-b643-770a6c101a3e - 文章數無變化 (4)
2025-08-23 06:35:42,816 - INFO - Story e6fd3766-8f63-4dc8-a18d-f60c631a35b0 對應到 7 篇文章
2025-08-23 06:35:42,816 - INFO - 跳過 Story e6fd3766-8f63-4dc8-a18d-f60c631a35b0 - 文章數無變化 (7)
2025-08-23 06:35:43,098 - INFO - Story a4db1361-169b-440d-9ee4-9c08ceeb531b 對應到 13 篇文章
2025-08-23 06:35:43,098 - INFO - 跳過 Story a4db1361-169b-440d-9ee4-9c08ceeb531b - 文章數無變化 (13)
2025-08-23 06:35:43,267 - INFO - Story 480648cf-a933-41b9-bdf2-864c4582584e 對應到 11 篇文章
2025-08-23 06:35:43,268 - INFO - 跳過 Story 480648cf-a933-41b9-bdf2-864c4582584e - 文章數無變化 (11)
2025-08-23 06:35:43,472 - INFO - Story 0643f6ef-7a60-4893-9668-3cc4aee77f46 對應到 12 篇文章
2025-08-23 06:35:43,473 - INFO - 需要更新 Story 0643f6ef-7a60-4893-9668-3cc4aee77f46 - 文章數變化 11 -> 12
2025-08-23 06:35:43,809 - INFO - Story e5238528-69be-4ed8-9a7c-7832482ee258 對應到 15 篇文章
2025-08-23 06:35:43,809 - INFO - 跳過 Story e5238528-69be-4ed8-9a7c-7832482ee258 - 文章數無變化 (15)
2025-08-23 06:35:44,162 - INFO - Story b86c4c4d-040c-4267-accc-99bf8b023dee 對應到 11 篇文章
2025-08-23 06:35:44,162 - INFO - 跳過 Story b86c4c4d-040c-4267-accc-99bf8b023dee - 文章數無變化 (11)
2025-08-23 06:35:44,472 - INFO - Story fe1c5b09-41b8-4719-84dc-651b5a0300ae 對應到 12 篇文章
2025-08-23 06:35:44,472 - INFO - 跳過 Story fe1c5b09-41b8-4719-84dc-651b5a0300ae - 文章數無變化 (12)
2025-08-23 06:35:44,683 - INFO - Story e8156c95-c4ef-45b7-84fa-04e01639233c 對應到 13 篇文章
2025-08-23 06:35:44,683 - INFO - 跳過 Story e8156c95-c4ef-45b7-84fa-04e01639233c - 文章數無變化 (13)
2025-08-23 06:35:44,866 - INFO - Story 6aae5022-cacd-4ab7-bf03-d4aafcb048c9 對應到 9 篇文章
2025-08-23 06:35:44,866 - INFO - 跳過 Story 6aae5022-cacd-4ab7-bf03-d4aafcb048c9 - 文章數無變化 (9)
2025-08-23 06:35:45,047 - INFO - Story 9bc7434e-a248-4406-9a18-307b77d072a4 對應到 11 篇文章
2025-08-23 06:35:45,048 - INFO - 跳過 Story 9bc7434e-a248-4406-9a18-307b77d072a4 - 文章數無變化 (11)
2025-08-23 06:35:45,250 - INFO - Story 9377f235-e8c2-45ec-a92a-474a417c4600 對應到 14 篇文章
2025-08-23 06:35:45,250 - INFO - 跳過 Story 9377f235-e8c2-45ec-a92a-474a417c4600 - 文章數無變化 (14)
2025-08-23 06:35:45,411 - INFO - Story 55115780-f3e3-4009-a840-a9a4a038c69c 對應到 13 篇文章
2025-08-23 06:35:45,411 - INFO - 需要更新 Story 55115780-f3e3-4009-a840-a9a4a038c69c - 文章數變化 12 -> 13
2025-08-23 06:35:45,697 - INFO - Story 355bd255-7d82-462d-9b67-67677d99de18 對應到 13 篇文章
2025-08-23 06:35:45,697 - INFO - 跳過 Story 355bd255-7d82-462d-9b67-67677d99de18 - 文章數無變化 (13)
2025-08-23 06:35:45,893 - INFO - Story cea09636-856e-4f75-9b96-d74f3c9adfa6 對應到 15 篇文章
2025-08-23 06:35:45,893 - INFO - 跳過 Story cea09636-856e-4f75-9b96-d74f3c9adfa6 - 文章數無變化 (15)
2025-08-23 06:35:46,152 - INFO - Story aed45a97-5131-4d75-8195-9f712e68b515 對應到 14 篇文章
2025-08-23 06:35:46,152 - INFO - 跳過 Story aed45a97-5131-4d75-8195-9f712e68b515 - 文章數無變化 (14)
2025-08-23 06:35:46,357 - INFO - Story 4073cbe1-6387-4fe8-934b-419aba087d7d 對應到 12 篇文章
2025-08-23 06:35:46,357 - INFO - 跳過 Story 4073cbe1-6387-4fe8-934b-419aba087d7d - 文章數無變化 (12)
2025-08-23 06:35:46,510 - INFO - Story c3be1812-a931-47d0-b4ac-780d1b9206cf 對應到 11 篇文章
2025-08-23 06:35:46,510 - INFO - 跳過 Story c3be1812-a931-47d0-b4ac-780d1b9206cf - 文章數無變化 (11)
2025-08-23 06:35:46,671 - INFO - Story f77efd3a-d62c-4697-8708-0217092f8a75 對應到 6 篇文章
2025-08-23 06:35:46,671 - INFO - 跳過 Story f77efd3a-d62c-4697-8708-0217092f8a75 - 文章數無變化 (6)
2025-08-23 06:35:46,821 - INFO - Story 50d929e9-5c7a-4726-bc9e-8ff837b526e9 對應到 2 篇文章
2025-08-23 06:35:46,821 - INFO - 跳過 Story 50d929e9-5c7a-4726-bc9e-8ff837b526e9 - 文章數無變化 (2)
2025-08-23 06:35:46,982 - INFO - Story 4949f947-0802-4f0a-bd65-beb0f20e3bf4 對應到 10 篇文章
2025-08-23 06:35:46,982 - INFO - 跳過 Story 4949f947-0802-4f0a-bd65-beb0f20e3bf4 - 文章數無變化 (10)
2025-08-23 06:35:47,244 - INFO - Story da5c7d40-3334-430c-a9b8-430d4ddd721a 對應到 12 篇文章
2025-08-23 06:35:47,245 - INFO - 跳過 Story da5c7d40-3334-430c-a9b8-430d4ddd721a - 文章數無變化 (12)
2025-08-23 06:35:47,446 - INFO - Story e5ef3269-82e6-4a6c-81bb-7adc5a7e202a 對應到 14 篇文章
2025-08-23 06:35:47,446 - INFO - 跳過 Story e5ef3269-82e6-4a6c-81bb-7adc5a7e202a - 文章數無變化 (14)
2025-08-23 06:35:47,752 - INFO - Story 620d41bc-4878-4c32-94dc-d3ed9bab4376 對應到 14 篇文章
2025-08-23 06:35:47,753 - INFO - 跳過 Story 620d41bc-4878-4c32-94dc-d3ed9bab4376 - 文章數無變化 (14)
2025-08-23 06:35:48,044 - INFO - Story be33fe0d-3e9e-4238-9218-3e0dd3306359 對應到 12 篇文章
2025-08-23 06:35:48,044 - INFO - 跳過 Story be33fe0d-3e9e-4238-9218-3e0dd3306359 - 文章數無變化 (12)
2025-08-23 06:35:48,313 - INFO - Story 1ee8dfc3-06ae-4631-8879-4afccfeaeb20 對應到 10 篇文章
2025-08-23 06:35:48,313 - INFO - 跳過 Story 1ee8dfc3-06ae-4631-8879-4afccfeaeb20 - 文章數無變化 (10)
2025-08-23 06:35:48,479 - INFO - Story 9198e311-ed15-464b-bc75-4276b19bf56d 對應到 8 篇文章
2025-08-23 06:35:48,480 - INFO - 跳過 Story 9198e311-ed15-464b-bc75-4276b19bf56d - 文章數無變化 (8)
2025-08-23 06:35:48,719 - INFO - Story 7de072f1-a182-4b7d-a650-0a51aa8690b2 對應到 10 篇文章
2025-08-23 06:35:48,720 - INFO - 跳過 Story 7de072f1-a182-4b7d-a650-0a51aa8690b2 - 文章數無變化 (10)
2025-08-23 06:35:48,900 - INFO - Story 9cb93b1d-351c-461b-84a1-a7f16eb29a14 對應到 9 篇文章
2025-08-23 06:35:48,901 - INFO - 需要更新 Story 9cb93b1d-351c-461b-84a1-a7f16eb29a14 - 文章數變化 7 -> 9
2025-08-23 06:35:49,062 - INFO - Story 0e5c823d-4ed4-406c-9e0e-b91927af3a72 對應到 6 篇文章
2025-08-23 06:35:49,063 - INFO - 跳過 Story 0e5c823d-4ed4-406c-9e0e-b91927af3a72 - 文章數無變化 (6)
2025-08-23 06:35:49,328 - INFO - Story 505e2472-7f16-41fa-a9d3-88c90341aaa0 對應到 8 篇文章
2025-08-23 06:35:49,329 - INFO - 跳過 Story 505e2472-7f16-41fa-a9d3-88c90341aaa0 - 文章數無變化 (8)
2025-08-23 06:35:49,528 - INFO - Story 4826bff9-099f-4ae5-9b95-f104ed6108be 對應到 9 篇文章
2025-08-23 06:35:49,529 - INFO - 需要更新 Story 4826bff9-099f-4ae5-9b95-f104ed6108be - 文章數變化 8 -> 9
2025-08-23 06:35:49,707 - INFO - Story d5d11a12-6212-4111-a0ca-ccabd9d74315 對應到 6 篇文章
2025-08-23 06:35:49,708 - INFO - 跳過 Story d5d11a12-6212-4111-a0ca-ccabd9d74315 - 文章數無變化 (6)
2025-08-23 06:35:50,016 - INFO - Story 1b299875-298b-4236-aa35-ef605bd7cca0 對應到 9 篇文章
2025-08-23 06:35:50,017 - INFO - 跳過 Story 1b299875-298b-4236-aa35-ef605bd7cca0 - 文章數無變化 (9)
2025-08-23 06:35:50,185 - INFO - Story 50237436-7e9f-4ab9-b236-b155ae64b501 對應到 1 篇文章
2025-08-23 06:35:50,186 - INFO - 跳過 Story 50237436-7e9f-4ab9-b236-b155ae64b501 - 文章數無變化 (1)
2025-08-23 06:35:50,389 - INFO - Story e61584f3-283b-40a1-8b83-7fe94c12b35e 對應到 5 篇文章
2025-08-23 06:35:50,390 - INFO - 跳過 Story e61584f3-283b-40a1-8b83-7fe94c12b35e - 文章數無變化 (5)
2025-08-23 06:35:50,895 - INFO - Story 1ab2ee13-2114-48bc-84b1-8463efaa1e6c 對應到 10 篇文章
2025-08-23 06:35:50,896 - INFO - 跳過 Story 1ab2ee13-2114-48bc-84b1-8463efaa1e6c - 文章數無變化 (10)
2025-08-23 06:35:51,060 - INFO - Story d3f2f044-a684-4d74-94b1-dfd46ce1bde1 對應到 7 篇文章
2025-08-23 06:35:51,061 - INFO - 跳過 Story d3f2f044-a684-4d74-94b1-dfd46ce1bde1 - 文章數無變化 (7)
2025-08-23 06:35:51,253 - INFO - Story 914bf502-3094-432b-a0a6-2a9872eb52d5 對應到 4 篇文章
2025-08-23 06:35:51,253 - INFO - 跳過 Story 914bf502-3094-432b-a0a6-2a9872eb52d5 - 文章數無變化 (4)
2025-08-23 06:35:51,418 - INFO - Story b040f610-1ea9-4e59-b480-0e6c30a425b9 對應到 10 篇文章
2025-08-23 06:35:51,418 - INFO - 跳過 Story b040f610-1ea9-4e59-b480-0e6c30a425b9 - 文章數無變化 (10)
2025-08-23 06:35:51,580 - INFO - Story 67df0927-44a0-4d94-a260-edf31e964c01 對應到 1 篇文章
2025-08-23 06:35:51,580 - INFO - 跳過 Story 67df0927-44a0-4d94-a260-edf31e964c01 - 文章數無變化 (1)
2025-08-23 06:35:51,832 - INFO - Story 5b7c45d3-a5f7-4f67-8853-a46b1af536af 對應到 10 篇文章
2025-08-23 06:35:51,832 - INFO - 跳過 Story 5b7c45d3-a5f7-4f67-8853-a46b1af536af - 文章數無變化 (10)
2025-08-23 06:35:52,090 - INFO - Story faba8928-6191-4b56-84e0-75c9079315cd 對應到 9 篇文章
2025-08-23 06:35:52,090 - INFO - 跳過 Story faba8928-6191-4b56-84e0-75c9079315cd - 文章數無變化 (9)
2025-08-23 06:35:52,243 - INFO - Story 10968da0-2978-4187-8b89-ae42797fe401 對應到 5 篇文章
2025-08-23 06:35:52,243 - INFO - 跳過 Story 10968da0-2978-4187-8b89-ae42797fe401 - 文章數無變化 (5)
2025-08-23 06:35:52,394 - INFO - Story 491998a4-335d-4ceb-898c-1fe39ff89a01 對應到 1 篇文章
2025-08-23 06:35:52,395 - INFO - 跳過 Story 491998a4-335d-4ceb-898c-1fe39ff89a01 - 文章數無變化 (1)
2025-08-23 06:35:52,658 - INFO - Story 756ee619-86c3-418c-95c0-d1c11178de5b 對應到 4 篇文章
2025-08-23 06:35:52,659 - INFO - 跳過 Story 756ee619-86c3-418c-95c0-d1c11178de5b - 文章數無變化 (4)
2025-08-23 06:35:52,848 - INFO - Story 79de677e-f34c-4e34-b4b2-b673d4575ddb 對應到 8 篇文章
2025-08-23 06:35:52,848 - INFO - 跳過 Story 79de677e-f34c-4e34-b4b2-b673d4575ddb - 文章數無變化 (8)
2025-08-23 06:35:53,013 - INFO - Story 0b2cbd36-9345-45be-87c5-3e9894f108b2 對應到 9 篇文章
2025-08-23 06:35:53,013 - INFO - 跳過 Story 0b2cbd36-9345-45be-87c5-3e9894f108b2 - 文章數無變化 (9)
2025-08-23 06:35:53,201 - INFO - Story a23317f5-3115-46c1-b34d-40c29ba35556 對應到 9 篇文章
2025-08-23 06:35:53,202 - INFO - 跳過 Story a23317f5-3115-46c1-b34d-40c29ba35556 - 文章數無變化 (9)
2025-08-23 06:35:53,371 - INFO - Story 0269719c-40cd-4c77-9699-3b90ea4c2e8f 對應到 6 篇文章
2025-08-23 06:35:53,371 - INFO - 跳過 Story 0269719c-40cd-4c77-9699-3b90ea4c2e8f - 文章數無變化 (6)
2025-08-23 06:35:53,560 - INFO - Story 174a6d14-71b3-4d89-8f89-cd740dd428c0 對應到 9 篇文章
2025-08-23 06:35:53,560 - INFO - 跳過 Story 174a6d14-71b3-4d89-8f89-cd740dd428c0 - 文章數無變化 (9)
2025-08-23 06:35:53,724 - INFO - Story 78e9aa1f-2122-48f6-8240-12d249300631 對應到 10 篇文章
2025-08-23 06:35:53,724 - INFO - 跳過 Story 78e9aa1f-2122-48f6-8240-12d249300631 - 文章數無變化 (10)
2025-08-23 06:35:53,902 - INFO - Story 8098f1b3-9100-4313-81df-a119113b0067 對應到 10 篇文章
2025-08-23 06:35:53,902 - INFO - 跳過 Story 8098f1b3-9100-4313-81df-a119113b0067 - 文章數無變化 (10)
2025-08-23 06:35:54,081 - INFO - Story 20617fe1-673e-4ccc-af3d-c52c1d05a5e2 對應到 6 篇文章
2025-08-23 06:35:54,081 - INFO - 跳過 Story 20617fe1-673e-4ccc-af3d-c52c1d05a5e2 - 文章數無變化 (6)
2025-08-23 06:35:54,256 - INFO - Story 5cecf189-53b3-499d-8b9d-47ea07c8dfbd 對應到 6 篇文章
2025-08-23 06:35:54,256 - INFO - 跳過 Story 5cecf189-53b3-499d-8b9d-47ea07c8dfbd - 文章數無變化 (6)
2025-08-23 06:35:54,512 - INFO - Story 4261e315-288a-45a2-bf8a-adc12111108c 對應到 9 篇文章
2025-08-23 06:35:54,512 - INFO - 跳過 Story 4261e315-288a-45a2-bf8a-adc12111108c - 文章數無變化 (9)
2025-08-23 06:35:54,686 - INFO - Story 50237436-7e9f-4ab9-b236-b155ae64b502 對應到 3 篇文章
2025-08-23 06:35:54,686 - INFO - 跳過 Story 50237436-7e9f-4ab9-b236-b155ae64b502 - 文章數無變化 (3)
2025-08-23 06:35:54,849 - INFO - Story 2bbeff00-9b58-46f2-a0f5-300e7f1d9cc1 對應到 2 篇文章
2025-08-23 06:35:54,849 - INFO - 跳過 Story 2bbeff00-9b58-46f2-a0f5-300e7f1d9cc1 - 文章數無變化 (2)
2025-08-23 06:35:55,003 - INFO - Story d9fed311-3ddf-4e48-91e7-dbf5074241c2 對應到 3 篇文章
2025-08-23 06:35:55,003 - INFO - 跳過 Story d9fed311-3ddf-4e48-91e7-dbf5074241c2 - 文章數無變化 (3)
2025-08-23 06:35:55,165 - INFO - Story a80a3a63-b6a2-48ce-a1f9-bfc172f4969f 對應到 5 篇文章
2025-08-23 06:35:55,165 - INFO - 跳過 Story a80a3a63-b6a2-48ce-a1f9-bfc172f4969f - 文章數無變化 (5)
2025-08-23 06:35:55,350 - INFO - Story 712e1ad5-6d3f-4332-97bf-3b3fafd640ff 對應到 9 篇文章
2025-08-23 06:35:55,351 - INFO - 跳過 Story 712e1ad5-6d3f-4332-97bf-3b3fafd640ff - 文章數無變化 (9)
2025-08-23 06:35:55,535 - INFO - Story 67df0927-44a0-4d94-a260-edf31e964c02 對應到 5 篇文章
2025-08-23 06:35:55,535 - INFO - 跳過 Story 67df0927-44a0-4d94-a260-edf31e964c02 - 文章數無變化 (5)
2025-08-23 06:35:55,961 - INFO - Story 07d1bd90-8a8e-47b0-a111-c18d8fab3945 對應到 8 篇文章
2025-08-23 06:35:55,961 - INFO - 跳過 Story 07d1bd90-8a8e-47b0-a111-c18d8fab3945 - 文章數無變化 (8)
2025-08-23 06:35:56,120 - INFO - Story d2701ec1-f07c-4e98-acde-1676a4a078a0 對應到 7 篇文章
2025-08-23 06:35:56,120 - INFO - 跳過 Story d2701ec1-f07c-4e98-acde-1676a4a078a0 - 文章數無變化 (7)
2025-08-23 06:35:56,633 - INFO - Story 190a98cd-76cf-49cf-9acc-3be6da1c335e 對應到 8 篇文章
2025-08-23 06:35:56,634 - INFO - 跳過 Story 190a98cd-76cf-49cf-9acc-3be6da1c335e - 文章數無變化 (8)
2025-08-23 06:35:56,817 - INFO - Story 9ef982ca-53de-42ef-aca2-462ac7d2f40d 對應到 5 篇文章
2025-08-23 06:35:56,818 - INFO - 跳過 Story 9ef982ca-53de-42ef-aca2-462ac7d2f40d - 文章數無變化 (5)
2025-08-23 06:35:57,029 - INFO - Story d79867af-1501-4af1-8a9a-fc9587bb5809 對應到 6 篇文章
2025-08-23 06:35:57,029 - INFO - 跳過 Story d79867af-1501-4af1-8a9a-fc9587bb5809 - 文章數無變化 (6)
2025-08-23 06:35:57,217 - INFO - Story 10968da0-2978-4187-8b89-ae42797fe402 對應到 2 篇文章
2025-08-23 06:35:57,217 - INFO - 跳過 Story 10968da0-2978-4187-8b89-ae42797fe402 - 文章數無變化 (2)
2025-08-23 06:35:57,426 - INFO - Story b22837cb-851f-427c-a783-983242651953 對應到 9 篇文章
2025-08-23 06:35:57,427 - INFO - 跳過 Story b22837cb-851f-427c-a783-983242651953 - 文章數無變化 (9)
2025-08-23 06:35:57,586 - INFO - Story 491998a4-335d-4ceb-898c-1fe39ff89a02 對應到 4 篇文章
2025-08-23 06:35:57,586 - INFO - 跳過 Story 491998a4-335d-4ceb-898c-1fe39ff89a02 - 文章數無變化 (4)
2025-08-23 06:35:57,886 - INFO - Story 80aaf2a2-e75c-4eda-9412-66b87fc6c5b0 對應到 6 篇文章
2025-08-23 06:35:57,886 - INFO - 跳過 Story 80aaf2a2-e75c-4eda-9412-66b87fc6c5b0 - 文章數無變化 (6)
2025-08-23 06:35:57,887 - INFO - 成功組合 9 個 stories 資料
2025-08-23 06:41:55,666 - INFO - 更新 single_news 記錄: 4a7ec7bf-0c33-4d42-9e74-bf234aaee9ca
2025-08-23 06:41:56,079 - INFO - 更新 single_news 記錄: 14efea4d-8739-4187-99b1-639f818bccf6
2025-08-23 06:41:56,472 - INFO - 更新 single_news 記錄: 88d89940-62a7-4c8e-bd4d-485f3f5acddf
2025-08-23 06:41:56,832 - INFO - 更新 single_news 記錄: 83e4178b-1e59-4cb6-9ece-66573b8ff3f8
2025-08-23 06:41:57,557 - INFO - 更新 single_news 記錄: e23e16d6-7b1d-4f35-96cd-007cd827f423
2025-08-23 06:41:58,075 - INFO - 更新 single_news 記錄: 0643f6ef-7a60-4893-9668-3cc4aee77f46
2025-08-23 06:41:58,491 - INFO - 更新 single_news 記錄: 55115780-f3e3-4009-a840-a9a4a038c69c
2025-08-23 06:41:58,894 - INFO - 更新 single_news 記錄: 9cb93b1d-351c-461b-84a1-a7f16eb29a14
2025-08-23 06:41:59,286 - INFO - 更新 single_news 記錄: 4826bff9-099f-4ae5-9b95-f104ed6108be
