2025-08-22 15:13:52,417 - INFO - 準備處理 85 個 stories（包含個別摘要與綜合報導）
2025-08-22 15:13:52,417 - INFO - 處理範圍: 索引 0-84
2025-08-22 15:13:52,418 - INFO - 
============================================================
2025-08-22 15:13:52,418 - INFO - 處理 Story 1/85
2025-08-22 15:13:52,418 - INFO - ============================================================
2025-08-22 15:13:52,419 - INFO - 開始處理 Story 04e0d274-bfa0-4139-b9b5-c119ab1747a2 - 14 篇文章
2025-08-22 15:13:52,419 - INFO - 生成綜合報導
2025-08-22 15:13:52,419 - INFO - 生成綜合報導 - 專題：04e0d274-bfa0-4139-b9b5-c119ab1747a2
2025-08-22 15:14:02,271 - INFO - ✅ 綜合報導（多版本）生成成功
2025-08-22 15:14:02,274 - INFO - Story 04e0d274-bfa0-4139-b9b5-c119ab1747a2 處理完成
2025-08-22 15:14:02,275 - INFO - ✅ Story 1 處理成功
2025-08-22 15:14:02,275 - INFO - 
============================================================
2025-08-22 15:14:02,275 - INFO - 處理 Story 2/85
2025-08-22 15:14:02,275 - INFO - ============================================================
2025-08-22 15:14:02,276 - INFO - 開始處理 Story dff5fae7-7566-4082-b934-f95400434e18 - 15 篇文章
2025-08-22 15:14:02,276 - INFO - 生成綜合報導
2025-08-22 15:14:02,276 - INFO - 生成綜合報導 - 專題：dff5fae7-7566-4082-b934-f95400434e18
2025-08-22 15:14:12,885 - INFO - ✅ 綜合報導（多版本）生成成功
2025-08-22 15:14:12,886 - INFO - Story dff5fae7-7566-4082-b934-f95400434e18 處理完成
2025-08-22 15:14:12,887 - INFO - ✅ Story 2 處理成功
2025-08-22 15:14:12,887 - INFO - 
============================================================
2025-08-22 15:14:12,888 - INFO - 處理 Story 3/85
2025-08-22 15:14:12,889 - INFO - ============================================================
2025-08-22 15:14:12,889 - INFO - 開始處理 Story f596d895-706c-4f84-a84d-e244b3b1f29a - 14 篇文章
2025-08-22 15:14:12,890 - INFO - 生成綜合報導
2025-08-22 15:14:12,890 - INFO - 生成綜合報導 - 專題：f596d895-706c-4f84-a84d-e244b3b1f29a
2025-08-22 15:14:23,887 - INFO - ✅ 綜合報導（多版本）生成成功
2025-08-22 15:14:23,888 - INFO - Story f596d895-706c-4f84-a84d-e244b3b1f29a 處理完成
2025-08-22 15:14:23,888 - INFO - ✅ Story 3 處理成功
2025-08-22 15:14:23,889 - INFO - 
============================================================
2025-08-22 15:14:23,889 - INFO - 處理 Story 4/85
2025-08-22 15:14:23,890 - INFO - ============================================================
2025-08-22 15:14:23,890 - INFO - 開始處理 Story 83e4178b-1e59-4cb6-9ece-66573b8ff3f8 - 14 篇文章
2025-08-22 15:14:23,890 - INFO - 生成綜合報導
2025-08-22 15:14:23,890 - INFO - 生成綜合報導 - 專題：83e4178b-1e59-4cb6-9ece-66573b8ff3f8
2025-08-22 15:14:52,444 - ERROR - ❌ 綜合報導生成失敗：500 INTERNAL. {'error': {'code': 500, 'message': 'An internal error has occurred. Please retry or report in https://developers.generativeai.google/guide/troubleshooting', 'status': 'INTERNAL'}}
2025-08-22 15:14:52,444 - INFO - Story 83e4178b-1e59-4cb6-9ece-66573b8ff3f8 處理完成
2025-08-22 15:14:52,444 - INFO - ✅ Story 4 處理成功
2025-08-22 15:14:52,444 - INFO - 
============================================================
2025-08-22 15:14:52,445 - INFO - 處理 Story 5/85
2025-08-22 15:14:52,445 - INFO - ============================================================
2025-08-22 15:14:52,445 - INFO - 開始處理 Story c08007e9-b8fc-4d8f-8444-d30474ff41d8 - 14 篇文章
2025-08-22 15:14:52,445 - INFO - 生成綜合報導
2025-08-22 15:14:52,445 - INFO - 生成綜合報導 - 專題：c08007e9-b8fc-4d8f-8444-d30474ff41d8
2025-08-22 15:15:02,606 - INFO - ✅ 綜合報導（多版本）生成成功
2025-08-22 15:15:02,607 - INFO - Story c08007e9-b8fc-4d8f-8444-d30474ff41d8 處理完成
2025-08-22 15:15:02,608 - INFO - ✅ Story 5 處理成功
2025-08-22 15:15:02,608 - INFO - 
============================================================
2025-08-22 15:15:02,609 - INFO - 處理 Story 6/85
2025-08-22 15:15:02,610 - INFO - ============================================================
2025-08-22 15:15:02,610 - INFO - 開始處理 Story 76b5bb8d-56dc-4a8f-860e-5d56b0bd96f6 - 14 篇文章
2025-08-22 15:15:02,610 - INFO - 生成綜合報導
2025-08-22 15:15:02,610 - INFO - 生成綜合報導 - 專題：76b5bb8d-56dc-4a8f-860e-5d56b0bd96f6
2025-08-22 15:15:12,898 - INFO - ✅ 綜合報導（多版本）生成成功
2025-08-22 15:15:12,899 - INFO - Story 76b5bb8d-56dc-4a8f-860e-5d56b0bd96f6 處理完成
2025-08-22 15:15:12,899 - INFO - ✅ Story 6 處理成功
2025-08-22 15:15:12,899 - INFO - 
============================================================
2025-08-22 15:15:12,899 - INFO - 處理 Story 7/85
2025-08-22 15:15:12,900 - INFO - ============================================================
2025-08-22 15:15:12,900 - INFO - 開始處理 Story 81911591-305e-4b3a-a9f2-e6abc303944c - 14 篇文章
2025-08-22 15:15:12,900 - INFO - 生成綜合報導
2025-08-22 15:15:12,900 - INFO - 生成綜合報導 - 專題：81911591-305e-4b3a-a9f2-e6abc303944c
2025-08-22 15:15:22,760 - INFO - ✅ 綜合報導（多版本）生成成功
2025-08-22 15:15:22,761 - INFO - Story 81911591-305e-4b3a-a9f2-e6abc303944c 處理完成
2025-08-22 15:15:22,762 - INFO - ✅ Story 7 處理成功
2025-08-22 15:15:22,762 - INFO - 
============================================================
2025-08-22 15:15:22,763 - INFO - 處理 Story 8/85
2025-08-22 15:15:22,764 - INFO - ============================================================
2025-08-22 15:15:22,764 - INFO - 開始處理 Story b40dea4f-8ea2-4bb1-b935-470ca7700c3d - 15 篇文章
2025-08-22 15:15:22,765 - INFO - 生成綜合報導
2025-08-22 15:15:22,765 - INFO - 生成綜合報導 - 專題：b40dea4f-8ea2-4bb1-b935-470ca7700c3d
2025-08-22 15:15:34,180 - INFO - ✅ 綜合報導（多版本）生成成功
2025-08-22 15:15:34,181 - INFO - Story b40dea4f-8ea2-4bb1-b935-470ca7700c3d 處理完成
2025-08-22 15:15:34,181 - INFO - ✅ Story 8 處理成功
2025-08-22 15:15:34,182 - INFO - 
============================================================
2025-08-22 15:15:34,182 - INFO - 處理 Story 9/85
2025-08-22 15:15:34,183 - INFO - ============================================================
2025-08-22 15:15:34,183 - INFO - 開始處理 Story 6558ed3a-8110-45cd-a029-d6e3625da4c6 - 12 篇文章
2025-08-22 15:15:34,183 - INFO - 生成綜合報導
2025-08-22 15:15:34,184 - INFO - 生成綜合報導 - 專題：6558ed3a-8110-45cd-a029-d6e3625da4c6
2025-08-22 15:15:44,570 - INFO - ✅ 綜合報導（多版本）生成成功
2025-08-22 15:15:44,571 - INFO - Story 6558ed3a-8110-45cd-a029-d6e3625da4c6 處理完成
2025-08-22 15:15:44,571 - INFO - ✅ Story 9 處理成功
2025-08-22 15:15:44,572 - INFO - 
============================================================
2025-08-22 15:15:44,572 - INFO - 處理 Story 10/85
2025-08-22 15:15:44,573 - INFO - ============================================================
2025-08-22 15:15:44,573 - INFO - 開始處理 Story d2e162af-6361-439c-af40-00b2c6bbcad2 - 7 篇文章
2025-08-22 15:15:44,573 - INFO - 生成綜合報導
2025-08-22 15:15:44,573 - INFO - 生成綜合報導 - 專題：d2e162af-6361-439c-af40-00b2c6bbcad2
2025-08-22 15:15:53,939 - INFO - ✅ 綜合報導（多版本）生成成功
2025-08-22 15:15:53,940 - INFO - Story d2e162af-6361-439c-af40-00b2c6bbcad2 處理完成
2025-08-22 15:15:53,940 - INFO - ✅ Story 10 處理成功
2025-08-22 15:15:53,940 - INFO - 
============================================================
2025-08-22 15:15:53,941 - INFO - 處理 Story 11/85
2025-08-22 15:15:53,941 - INFO - ============================================================
2025-08-22 15:15:53,941 - INFO - 開始處理 Story 60d66be7-1a1e-47b6-a84a-61862a68dc05 - 7 篇文章
2025-08-22 15:15:53,941 - INFO - 生成綜合報導
2025-08-22 15:15:53,941 - INFO - 生成綜合報導 - 專題：60d66be7-1a1e-47b6-a84a-61862a68dc05
2025-08-22 15:16:04,186 - INFO - ✅ 綜合報導（多版本）生成成功
2025-08-22 15:16:04,187 - INFO - Story 60d66be7-1a1e-47b6-a84a-61862a68dc05 處理完成
2025-08-22 15:16:04,187 - INFO - ✅ Story 11 處理成功
2025-08-22 15:16:04,188 - INFO - 
============================================================
2025-08-22 15:16:04,188 - INFO - 處理 Story 12/85
2025-08-22 15:16:04,189 - INFO - ============================================================
2025-08-22 15:16:04,189 - INFO - 開始處理 Story 79fd3d2d-ed51-42ef-8158-e625e9b60126 - 15 篇文章
2025-08-22 15:16:04,189 - INFO - 生成綜合報導
2025-08-22 15:16:04,189 - INFO - 生成綜合報導 - 專題：79fd3d2d-ed51-42ef-8158-e625e9b60126
2025-08-22 15:16:13,739 - INFO - ✅ 綜合報導（多版本）生成成功
2025-08-22 15:16:13,740 - INFO - Story 79fd3d2d-ed51-42ef-8158-e625e9b60126 處理完成
2025-08-22 15:16:13,740 - INFO - ✅ Story 12 處理成功
2025-08-22 15:16:13,741 - INFO - 
============================================================
2025-08-22 15:16:13,741 - INFO - 處理 Story 13/85
2025-08-22 15:16:13,742 - INFO - ============================================================
2025-08-22 15:16:13,742 - INFO - 開始處理 Story 710e7077-aad0-4e14-9fe6-f99fd15e727b - 14 篇文章
2025-08-22 15:16:13,743 - INFO - 生成綜合報導
2025-08-22 15:16:13,743 - INFO - 生成綜合報導 - 專題：710e7077-aad0-4e14-9fe6-f99fd15e727b
2025-08-22 15:16:24,109 - INFO - ✅ 綜合報導（多版本）生成成功
2025-08-22 15:16:24,110 - INFO - Story 710e7077-aad0-4e14-9fe6-f99fd15e727b 處理完成
2025-08-22 15:16:24,110 - INFO - ✅ Story 13 處理成功
2025-08-22 15:16:24,111 - INFO - 
============================================================
2025-08-22 15:16:24,111 - INFO - 處理 Story 14/85
2025-08-22 15:16:24,112 - INFO - ============================================================
2025-08-22 15:16:24,112 - INFO - 開始處理 Story fbe8bfa6-8c20-4338-bd9f-5d9f11a67682 - 14 篇文章
2025-08-22 15:16:24,112 - INFO - 生成綜合報導
2025-08-22 15:16:24,112 - INFO - 生成綜合報導 - 專題：fbe8bfa6-8c20-4338-bd9f-5d9f11a67682
2025-08-22 15:16:35,095 - INFO - ✅ 綜合報導（多版本）生成成功
2025-08-22 15:16:35,095 - INFO - Story fbe8bfa6-8c20-4338-bd9f-5d9f11a67682 處理完成
2025-08-22 15:16:35,095 - INFO - ✅ Story 14 處理成功
2025-08-22 15:16:35,096 - INFO - 
============================================================
2025-08-22 15:16:35,096 - INFO - 處理 Story 15/85
2025-08-22 15:16:35,096 - INFO - ============================================================
2025-08-22 15:16:35,096 - INFO - 開始處理 Story a8704adb-7378-410f-bd9c-12634ff17a45 - 14 篇文章
2025-08-22 15:16:35,097 - INFO - 生成綜合報導
2025-08-22 15:16:35,097 - INFO - 生成綜合報導 - 專題：a8704adb-7378-410f-bd9c-12634ff17a45
2025-08-22 15:16:45,433 - INFO - ✅ 綜合報導（多版本）生成成功
2025-08-22 15:16:45,434 - INFO - Story a8704adb-7378-410f-bd9c-12634ff17a45 處理完成
2025-08-22 15:16:45,435 - INFO - ✅ Story 15 處理成功
2025-08-22 15:16:45,435 - INFO - 
============================================================
2025-08-22 15:16:45,436 - INFO - 處理 Story 16/85
2025-08-22 15:16:45,436 - INFO - ============================================================
2025-08-22 15:16:45,436 - INFO - 開始處理 Story 1f237267-8819-43aa-ba9f-11e8a0dc000d - 14 篇文章
2025-08-22 15:16:45,437 - INFO - 生成綜合報導
2025-08-22 15:16:45,437 - INFO - 生成綜合報導 - 專題：1f237267-8819-43aa-ba9f-11e8a0dc000d
2025-08-22 15:16:56,703 - INFO - ✅ 綜合報導（多版本）生成成功
2025-08-22 15:16:56,704 - INFO - Story 1f237267-8819-43aa-ba9f-11e8a0dc000d 處理完成
2025-08-22 15:16:56,704 - INFO - ✅ Story 16 處理成功
2025-08-22 15:16:56,705 - INFO - 
============================================================
2025-08-22 15:16:56,705 - INFO - 處理 Story 17/85
2025-08-22 15:16:56,706 - INFO - ============================================================
2025-08-22 15:16:56,707 - INFO - 開始處理 Story 9e894002-b23e-43c6-b201-1c64a86a1a64 - 15 篇文章
2025-08-22 15:16:56,707 - INFO - 生成綜合報導
2025-08-22 15:16:56,707 - INFO - 生成綜合報導 - 專題：9e894002-b23e-43c6-b201-1c64a86a1a64
2025-08-22 15:17:07,461 - INFO - ✅ 綜合報導（多版本）生成成功
2025-08-22 15:17:07,462 - INFO - Story 9e894002-b23e-43c6-b201-1c64a86a1a64 處理完成
2025-08-22 15:17:07,463 - INFO - ✅ Story 17 處理成功
2025-08-22 15:17:07,463 - INFO - 
============================================================
2025-08-22 15:17:07,464 - INFO - 處理 Story 18/85
2025-08-22 15:17:07,465 - INFO - ============================================================
2025-08-22 15:17:07,465 - INFO - 開始處理 Story be999081-8049-4226-9e23-8d526e2ae8f9 - 14 篇文章
2025-08-22 15:17:07,466 - INFO - 生成綜合報導
2025-08-22 15:17:07,466 - INFO - 生成綜合報導 - 專題：be999081-8049-4226-9e23-8d526e2ae8f9
2025-08-22 15:17:16,641 - INFO - ✅ 綜合報導（多版本）生成成功
2025-08-22 15:17:16,642 - INFO - Story be999081-8049-4226-9e23-8d526e2ae8f9 處理完成
2025-08-22 15:17:16,643 - INFO - ✅ Story 18 處理成功
2025-08-22 15:17:16,643 - INFO - 
============================================================
2025-08-22 15:17:16,644 - INFO - 處理 Story 19/85
2025-08-22 15:17:16,644 - INFO - ============================================================
2025-08-22 15:17:16,645 - INFO - 開始處理 Story e23e16d6-7b1d-4f35-96cd-007cd827f423 - 13 篇文章
2025-08-22 15:17:16,645 - INFO - 生成綜合報導
2025-08-22 15:17:16,645 - INFO - 生成綜合報導 - 專題：e23e16d6-7b1d-4f35-96cd-007cd827f423
2025-08-22 15:17:26,239 - INFO - ✅ 綜合報導（多版本）生成成功
2025-08-22 15:17:26,240 - INFO - Story e23e16d6-7b1d-4f35-96cd-007cd827f423 處理完成
2025-08-22 15:17:26,240 - INFO - ✅ Story 19 處理成功
2025-08-22 15:17:26,240 - INFO - 
============================================================
2025-08-22 15:17:26,240 - INFO - 處理 Story 20/85
2025-08-22 15:17:26,241 - INFO - ============================================================
2025-08-22 15:17:26,241 - INFO - 開始處理 Story f09586ed-18b5-46ec-a572-4047e2a7c271 - 15 篇文章
2025-08-22 15:17:26,241 - INFO - 生成綜合報導
2025-08-22 15:17:26,241 - INFO - 生成綜合報導 - 專題：f09586ed-18b5-46ec-a572-4047e2a7c271
2025-08-22 15:17:37,203 - INFO - ✅ 綜合報導（多版本）生成成功
2025-08-22 15:17:37,204 - INFO - Story f09586ed-18b5-46ec-a572-4047e2a7c271 處理完成
2025-08-22 15:17:37,205 - INFO - ✅ Story 20 處理成功
2025-08-22 15:17:37,205 - INFO - 
============================================================
2025-08-22 15:17:37,206 - INFO - 處理 Story 21/85
2025-08-22 15:17:37,207 - INFO - ============================================================
2025-08-22 15:17:37,207 - INFO - 開始處理 Story 87cb1650-8a00-4d68-a0eb-bb3611b9f4d3 - 13 篇文章
2025-08-22 15:17:37,208 - INFO - 生成綜合報導
2025-08-22 15:17:37,208 - INFO - 生成綜合報導 - 專題：87cb1650-8a00-4d68-a0eb-bb3611b9f4d3
2025-08-22 15:17:46,635 - INFO - ✅ 綜合報導（多版本）生成成功
2025-08-22 15:17:46,635 - INFO - Story 87cb1650-8a00-4d68-a0eb-bb3611b9f4d3 處理完成
2025-08-22 15:17:46,635 - INFO - ✅ Story 21 處理成功
2025-08-22 15:17:46,635 - INFO - 
============================================================
2025-08-22 15:17:46,636 - INFO - 處理 Story 22/85
2025-08-22 15:17:46,636 - INFO - ============================================================
2025-08-22 15:17:46,636 - INFO - 開始處理 Story 32ee2485-7bc9-4626-803c-4aa98840d72d - 14 篇文章
2025-08-22 15:17:46,636 - INFO - 生成綜合報導
2025-08-22 15:17:46,636 - INFO - 生成綜合報導 - 專題：32ee2485-7bc9-4626-803c-4aa98840d72d
2025-08-22 15:17:56,663 - INFO - ✅ 綜合報導（多版本）生成成功
2025-08-22 15:17:56,664 - INFO - Story 32ee2485-7bc9-4626-803c-4aa98840d72d 處理完成
2025-08-22 15:17:56,664 - INFO - ✅ Story 22 處理成功
2025-08-22 15:17:56,665 - INFO - 
============================================================
2025-08-22 15:17:56,665 - INFO - 處理 Story 23/85
2025-08-22 15:17:56,666 - INFO - ============================================================
2025-08-22 15:17:56,666 - INFO - 開始處理 Story a1045b98-84a2-4e02-9125-cd9e517e57a4 - 14 篇文章
2025-08-22 15:17:56,667 - INFO - 生成綜合報導
2025-08-22 15:17:56,667 - INFO - 生成綜合報導 - 專題：a1045b98-84a2-4e02-9125-cd9e517e57a4
2025-08-22 15:17:58,090 - ERROR - ❌ 綜合報導生成失敗：500 INTERNAL. {'error': {'code': 500, 'message': 'An internal error has occurred. Please retry or report in https://developers.generativeai.google/guide/troubleshooting', 'status': 'INTERNAL'}}
2025-08-22 15:17:58,090 - INFO - Story a1045b98-84a2-4e02-9125-cd9e517e57a4 處理完成
2025-08-22 15:17:58,091 - INFO - ✅ Story 23 處理成功
2025-08-22 15:17:58,092 - INFO - 
============================================================
2025-08-22 15:17:58,092 - INFO - 處理 Story 24/85
2025-08-22 15:17:58,093 - INFO - ============================================================
2025-08-22 15:17:58,093 - INFO - 開始處理 Story 95a1f893-2731-4f4d-98fe-9fbc20f4dc1a - 15 篇文章
2025-08-22 15:17:58,093 - INFO - 生成綜合報導
2025-08-22 15:17:58,094 - INFO - 生成綜合報導 - 專題：95a1f893-2731-4f4d-98fe-9fbc20f4dc1a
2025-08-22 15:18:08,602 - INFO - ✅ 綜合報導（多版本）生成成功
2025-08-22 15:18:08,603 - INFO - Story 95a1f893-2731-4f4d-98fe-9fbc20f4dc1a 處理完成
2025-08-22 15:18:08,603 - INFO - ✅ Story 24 處理成功
2025-08-22 15:18:08,604 - INFO - 
============================================================
2025-08-22 15:18:08,604 - INFO - 處理 Story 25/85
2025-08-22 15:18:08,605 - INFO - ============================================================
2025-08-22 15:18:08,605 - INFO - 開始處理 Story 973825b1-3d82-4414-b5ff-995ec643177c - 15 篇文章
2025-08-22 15:18:08,605 - INFO - 生成綜合報導
2025-08-22 15:18:08,605 - INFO - 生成綜合報導 - 專題：973825b1-3d82-4414-b5ff-995ec643177c
2025-08-22 15:18:19,331 - INFO - ✅ 綜合報導（多版本）生成成功
2025-08-22 15:18:19,332 - INFO - Story 973825b1-3d82-4414-b5ff-995ec643177c 處理完成
2025-08-22 15:18:19,332 - INFO - ✅ Story 25 處理成功
2025-08-22 15:18:19,333 - INFO - 
============================================================
2025-08-22 15:18:19,334 - INFO - 處理 Story 26/85
2025-08-22 15:18:19,334 - INFO - ============================================================
2025-08-22 15:18:19,335 - INFO - 開始處理 Story b41bbd4a-1204-4dae-b7fe-c2bcae6b0bee - 14 篇文章
2025-08-22 15:18:19,335 - INFO - 生成綜合報導
2025-08-22 15:18:19,336 - INFO - 生成綜合報導 - 專題：b41bbd4a-1204-4dae-b7fe-c2bcae6b0bee
2025-08-22 15:18:30,181 - INFO - ✅ 綜合報導（多版本）生成成功
2025-08-22 15:18:30,181 - INFO - Story b41bbd4a-1204-4dae-b7fe-c2bcae6b0bee 處理完成
2025-08-22 15:18:30,182 - INFO - ✅ Story 26 處理成功
2025-08-22 15:18:30,182 - INFO - 
============================================================
2025-08-22 15:18:30,182 - INFO - 處理 Story 27/85
2025-08-22 15:18:30,182 - INFO - ============================================================
2025-08-22 15:18:30,182 - INFO - 開始處理 Story ed8f9ee3-9384-45ae-b560-70ffe35964f5 - 14 篇文章
2025-08-22 15:18:30,182 - INFO - 生成綜合報導
2025-08-22 15:18:30,183 - INFO - 生成綜合報導 - 專題：ed8f9ee3-9384-45ae-b560-70ffe35964f5
2025-08-22 15:18:40,580 - INFO - ✅ 綜合報導（多版本）生成成功
2025-08-22 15:18:40,580 - INFO - Story ed8f9ee3-9384-45ae-b560-70ffe35964f5 處理完成
2025-08-22 15:18:40,581 - INFO - ✅ Story 27 處理成功
2025-08-22 15:18:40,581 - INFO - 
============================================================
2025-08-22 15:18:40,581 - INFO - 處理 Story 28/85
2025-08-22 15:18:40,581 - INFO - ============================================================
2025-08-22 15:18:40,582 - INFO - 開始處理 Story df6cecd1-c6d8-4b3a-bf07-a8c3f2a110cf - 3 篇文章
2025-08-22 15:18:40,582 - INFO - 生成綜合報導
2025-08-22 15:18:40,582 - INFO - 生成綜合報導 - 專題：df6cecd1-c6d8-4b3a-bf07-a8c3f2a110cf
2025-08-22 15:18:50,150 - INFO - ✅ 綜合報導（多版本）生成成功
2025-08-22 15:18:50,151 - INFO - Story df6cecd1-c6d8-4b3a-bf07-a8c3f2a110cf 處理完成
2025-08-22 15:18:50,151 - INFO - ✅ Story 28 處理成功
2025-08-22 15:18:50,152 - INFO - 
============================================================
2025-08-22 15:18:50,153 - INFO - 處理 Story 29/85
2025-08-22 15:18:50,153 - INFO - ============================================================
2025-08-22 15:18:50,154 - INFO - 開始處理 Story 6f946535-13fb-485b-8f6f-d2ecef5a0958 - 3 篇文章
2025-08-22 15:18:50,154 - INFO - 生成綜合報導
2025-08-22 15:18:50,154 - INFO - 生成綜合報導 - 專題：6f946535-13fb-485b-8f6f-d2ecef5a0958
2025-08-22 15:19:00,760 - INFO - ✅ 綜合報導（多版本）生成成功
2025-08-22 15:19:00,761 - INFO - Story 6f946535-13fb-485b-8f6f-d2ecef5a0958 處理完成
2025-08-22 15:19:00,761 - INFO - ✅ Story 29 處理成功
2025-08-22 15:19:00,762 - INFO - 
============================================================
2025-08-22 15:19:00,763 - INFO - 處理 Story 30/85
2025-08-22 15:19:00,763 - INFO - ============================================================
2025-08-22 15:19:00,763 - INFO - 開始處理 Story 3c52b8c1-1c87-4959-b643-770a6c101a3e - 4 篇文章
2025-08-22 15:19:00,763 - INFO - 生成綜合報導
2025-08-22 15:19:00,764 - INFO - 生成綜合報導 - 專題：3c52b8c1-1c87-4959-b643-770a6c101a3e
2025-08-22 15:19:09,502 - INFO - ✅ 綜合報導（多版本）生成成功
2025-08-22 15:19:09,502 - INFO - Story 3c52b8c1-1c87-4959-b643-770a6c101a3e 處理完成
2025-08-22 15:19:09,502 - INFO - ✅ Story 30 處理成功
2025-08-22 15:19:09,503 - INFO - 
============================================================
2025-08-22 15:19:09,503 - INFO - 處理 Story 31/85
2025-08-22 15:19:09,503 - INFO - ============================================================
2025-08-22 15:19:09,503 - INFO - 開始處理 Story e6fd3766-8f63-4dc8-a18d-f60c631a35b0 - 7 篇文章
2025-08-22 15:19:09,503 - INFO - 生成綜合報導
2025-08-22 15:19:09,503 - INFO - 生成綜合報導 - 專題：e6fd3766-8f63-4dc8-a18d-f60c631a35b0
2025-08-22 15:19:18,812 - INFO - ✅ 綜合報導（多版本）生成成功
2025-08-22 15:19:18,812 - INFO - Story e6fd3766-8f63-4dc8-a18d-f60c631a35b0 處理完成
2025-08-22 15:19:18,812 - INFO - ✅ Story 31 處理成功
2025-08-22 15:19:18,813 - INFO - 
============================================================
2025-08-22 15:19:18,813 - INFO - 處理 Story 32/85
2025-08-22 15:19:18,813 - INFO - ============================================================
2025-08-22 15:19:18,813 - INFO - 開始處理 Story a4db1361-169b-440d-9ee4-9c08ceeb531b - 13 篇文章
2025-08-22 15:19:18,813 - INFO - 生成綜合報導
2025-08-22 15:19:18,814 - INFO - 生成綜合報導 - 專題：a4db1361-169b-440d-9ee4-9c08ceeb531b
2025-08-22 15:19:29,662 - INFO - ✅ 綜合報導（多版本）生成成功
2025-08-22 15:19:29,662 - INFO - Story a4db1361-169b-440d-9ee4-9c08ceeb531b 處理完成
2025-08-22 15:19:29,662 - INFO - ✅ Story 32 處理成功
2025-08-22 15:19:29,662 - INFO - 
============================================================
2025-08-22 15:19:29,663 - INFO - 處理 Story 33/85
2025-08-22 15:19:29,663 - INFO - ============================================================
2025-08-22 15:19:29,663 - INFO - 開始處理 Story 480648cf-a933-41b9-bdf2-864c4582584e - 11 篇文章
2025-08-22 15:19:29,663 - INFO - 生成綜合報導
2025-08-22 15:19:29,663 - INFO - 生成綜合報導 - 專題：480648cf-a933-41b9-bdf2-864c4582584e
2025-08-22 15:19:40,484 - INFO - ✅ 綜合報導（多版本）生成成功
2025-08-22 15:19:40,485 - INFO - Story 480648cf-a933-41b9-bdf2-864c4582584e 處理完成
2025-08-22 15:19:40,485 - INFO - ✅ Story 33 處理成功
2025-08-22 15:19:40,485 - INFO - 
============================================================
2025-08-22 15:19:40,485 - INFO - 處理 Story 34/85
2025-08-22 15:19:40,486 - INFO - ============================================================
2025-08-22 15:19:40,486 - INFO - 開始處理 Story 0643f6ef-7a60-4893-9668-3cc4aee77f46 - 11 篇文章
2025-08-22 15:19:40,486 - INFO - 生成綜合報導
2025-08-22 15:19:40,486 - INFO - 生成綜合報導 - 專題：0643f6ef-7a60-4893-9668-3cc4aee77f46
2025-08-22 15:19:50,364 - INFO - ✅ 綜合報導（多版本）生成成功
2025-08-22 15:19:50,365 - INFO - Story 0643f6ef-7a60-4893-9668-3cc4aee77f46 處理完成
2025-08-22 15:19:50,365 - INFO - ✅ Story 34 處理成功
2025-08-22 15:19:50,365 - INFO - 
============================================================
2025-08-22 15:19:50,365 - INFO - 處理 Story 35/85
2025-08-22 15:19:50,366 - INFO - ============================================================
2025-08-22 15:19:50,366 - INFO - 開始處理 Story e5238528-69be-4ed8-9a7c-7832482ee258 - 15 篇文章
2025-08-22 15:19:50,366 - INFO - 生成綜合報導
2025-08-22 15:19:50,366 - INFO - 生成綜合報導 - 專題：e5238528-69be-4ed8-9a7c-7832482ee258
2025-08-22 15:19:59,943 - INFO - ✅ 綜合報導（多版本）生成成功
2025-08-22 15:19:59,944 - INFO - Story e5238528-69be-4ed8-9a7c-7832482ee258 處理完成
2025-08-22 15:19:59,944 - INFO - ✅ Story 35 處理成功
2025-08-22 15:19:59,945 - INFO - 
============================================================
2025-08-22 15:19:59,945 - INFO - 處理 Story 36/85
2025-08-22 15:19:59,946 - INFO - ============================================================
2025-08-22 15:19:59,946 - INFO - 開始處理 Story b86c4c4d-040c-4267-accc-99bf8b023dee - 11 篇文章
2025-08-22 15:19:59,946 - INFO - 生成綜合報導
2025-08-22 15:19:59,946 - INFO - 生成綜合報導 - 專題：b86c4c4d-040c-4267-accc-99bf8b023dee
2025-08-22 15:20:10,249 - INFO - ✅ 綜合報導（多版本）生成成功
2025-08-22 15:20:10,250 - INFO - Story b86c4c4d-040c-4267-accc-99bf8b023dee 處理完成
2025-08-22 15:20:10,250 - INFO - ✅ Story 36 處理成功
2025-08-22 15:20:10,251 - INFO - 
============================================================
2025-08-22 15:20:10,251 - INFO - 處理 Story 37/85
2025-08-22 15:20:10,252 - INFO - ============================================================
2025-08-22 15:20:10,252 - INFO - 開始處理 Story fe1c5b09-41b8-4719-84dc-651b5a0300ae - 12 篇文章
2025-08-22 15:20:10,253 - INFO - 生成綜合報導
2025-08-22 15:20:10,253 - INFO - 生成綜合報導 - 專題：fe1c5b09-41b8-4719-84dc-651b5a0300ae
2025-08-22 15:20:19,912 - INFO - ✅ 綜合報導（多版本）生成成功
2025-08-22 15:20:19,913 - INFO - Story fe1c5b09-41b8-4719-84dc-651b5a0300ae 處理完成
2025-08-22 15:20:19,914 - INFO - ✅ Story 37 處理成功
2025-08-22 15:20:19,914 - INFO - 
============================================================
2025-08-22 15:20:19,915 - INFO - 處理 Story 38/85
2025-08-22 15:20:19,915 - INFO - ============================================================
2025-08-22 15:20:19,916 - INFO - 開始處理 Story e8156c95-c4ef-45b7-84fa-04e01639233c - 13 篇文章
2025-08-22 15:20:19,916 - INFO - 生成綜合報導
2025-08-22 15:20:19,917 - INFO - 生成綜合報導 - 專題：e8156c95-c4ef-45b7-84fa-04e01639233c
2025-08-22 15:20:29,612 - INFO - ✅ 綜合報導（多版本）生成成功
2025-08-22 15:20:29,613 - INFO - Story e8156c95-c4ef-45b7-84fa-04e01639233c 處理完成
2025-08-22 15:20:29,613 - INFO - ✅ Story 38 處理成功
2025-08-22 15:20:29,614 - INFO - 
============================================================
2025-08-22 15:20:29,615 - INFO - 處理 Story 39/85
2025-08-22 15:20:29,615 - INFO - ============================================================
2025-08-22 15:20:29,616 - INFO - 開始處理 Story 6aae5022-cacd-4ab7-bf03-d4aafcb048c9 - 9 篇文章
2025-08-22 15:20:29,617 - INFO - 生成綜合報導
2025-08-22 15:20:29,617 - INFO - 生成綜合報導 - 專題：6aae5022-cacd-4ab7-bf03-d4aafcb048c9
2025-08-22 15:20:39,277 - INFO - ✅ 綜合報導（多版本）生成成功
2025-08-22 15:20:39,278 - INFO - Story 6aae5022-cacd-4ab7-bf03-d4aafcb048c9 處理完成
2025-08-22 15:20:39,278 - INFO - ✅ Story 39 處理成功
2025-08-22 15:20:39,278 - INFO - 
============================================================
2025-08-22 15:20:39,278 - INFO - 處理 Story 40/85
2025-08-22 15:20:39,279 - INFO - ============================================================
2025-08-22 15:20:39,279 - INFO - 開始處理 Story 9bc7434e-a248-4406-9a18-307b77d072a4 - 11 篇文章
2025-08-22 15:20:39,279 - INFO - 生成綜合報導
2025-08-22 15:20:39,279 - INFO - 生成綜合報導 - 專題：9bc7434e-a248-4406-9a18-307b77d072a4
2025-08-22 15:20:48,927 - INFO - ✅ 綜合報導（多版本）生成成功
2025-08-22 15:20:48,927 - INFO - Story 9bc7434e-a248-4406-9a18-307b77d072a4 處理完成
2025-08-22 15:20:48,927 - INFO - ✅ Story 40 處理成功
2025-08-22 15:20:48,927 - INFO - 
============================================================
2025-08-22 15:20:48,928 - INFO - 處理 Story 41/85
2025-08-22 15:20:48,928 - INFO - ============================================================
2025-08-22 15:20:48,928 - INFO - 開始處理 Story 9377f235-e8c2-45ec-a92a-474a417c4600 - 13 篇文章
2025-08-22 15:20:48,929 - INFO - 生成綜合報導
2025-08-22 15:20:48,929 - INFO - 生成綜合報導 - 專題：9377f235-e8c2-45ec-a92a-474a417c4600
2025-08-22 15:20:58,294 - INFO - ✅ 綜合報導（多版本）生成成功
2025-08-22 15:20:58,294 - INFO - Story 9377f235-e8c2-45ec-a92a-474a417c4600 處理完成
2025-08-22 15:20:58,294 - INFO - ✅ Story 41 處理成功
2025-08-22 15:20:58,294 - INFO - 
============================================================
2025-08-22 15:20:58,294 - INFO - 處理 Story 42/85
2025-08-22 15:20:58,295 - INFO - ============================================================
2025-08-22 15:20:58,295 - INFO - 開始處理 Story 55115780-f3e3-4009-a840-a9a4a038c69c - 12 篇文章
2025-08-22 15:20:58,295 - INFO - 生成綜合報導
2025-08-22 15:20:58,295 - INFO - 生成綜合報導 - 專題：55115780-f3e3-4009-a840-a9a4a038c69c
2025-08-22 15:21:07,661 - INFO - ✅ 綜合報導（多版本）生成成功
2025-08-22 15:21:07,662 - INFO - Story 55115780-f3e3-4009-a840-a9a4a038c69c 處理完成
2025-08-22 15:21:07,662 - INFO - ✅ Story 42 處理成功
2025-08-22 15:21:07,662 - INFO - 
============================================================
2025-08-22 15:21:07,663 - INFO - 處理 Story 43/85
2025-08-22 15:21:07,663 - INFO - ============================================================
2025-08-22 15:21:07,663 - INFO - 開始處理 Story 355bd255-7d82-462d-9b67-67677d99de18 - 13 篇文章
2025-08-22 15:21:07,663 - INFO - 生成綜合報導
2025-08-22 15:21:07,663 - INFO - 生成綜合報導 - 專題：355bd255-7d82-462d-9b67-67677d99de18
2025-08-22 15:21:17,275 - INFO - ✅ 綜合報導（多版本）生成成功
2025-08-22 15:21:17,276 - INFO - Story 355bd255-7d82-462d-9b67-67677d99de18 處理完成
2025-08-22 15:21:17,276 - INFO - ✅ Story 43 處理成功
2025-08-22 15:21:17,277 - INFO - 
============================================================
2025-08-22 15:21:17,278 - INFO - 處理 Story 44/85
2025-08-22 15:21:17,278 - INFO - ============================================================
2025-08-22 15:21:17,278 - INFO - 開始處理 Story cea09636-856e-4f75-9b96-d74f3c9adfa6 - 15 篇文章
2025-08-22 15:21:17,278 - INFO - 生成綜合報導
2025-08-22 15:21:17,279 - INFO - 生成綜合報導 - 專題：cea09636-856e-4f75-9b96-d74f3c9adfa6
2025-08-22 15:21:27,442 - INFO - ✅ 綜合報導（多版本）生成成功
2025-08-22 15:21:27,442 - INFO - Story cea09636-856e-4f75-9b96-d74f3c9adfa6 處理完成
2025-08-22 15:21:27,443 - INFO - ✅ Story 44 處理成功
2025-08-22 15:21:27,444 - INFO - 
============================================================
2025-08-22 15:21:27,444 - INFO - 處理 Story 45/85
2025-08-22 15:21:27,445 - INFO - ============================================================
2025-08-22 15:21:27,446 - INFO - 開始處理 Story aed45a97-5131-4d75-8195-9f712e68b515 - 14 篇文章
2025-08-22 15:21:27,446 - INFO - 生成綜合報導
2025-08-22 15:21:27,447 - INFO - 生成綜合報導 - 專題：aed45a97-5131-4d75-8195-9f712e68b515
2025-08-22 15:21:37,155 - INFO - ✅ 綜合報導（多版本）生成成功
2025-08-22 15:21:37,156 - INFO - Story aed45a97-5131-4d75-8195-9f712e68b515 處理完成
2025-08-22 15:21:37,156 - INFO - ✅ Story 45 處理成功
2025-08-22 15:21:37,156 - INFO - 
============================================================
2025-08-22 15:21:37,157 - INFO - 處理 Story 46/85
2025-08-22 15:21:37,157 - INFO - ============================================================
2025-08-22 15:21:37,157 - INFO - 開始處理 Story 4073cbe1-6387-4fe8-934b-419aba087d7d - 12 篇文章
2025-08-22 15:21:37,157 - INFO - 生成綜合報導
2025-08-22 15:21:37,157 - INFO - 生成綜合報導 - 專題：4073cbe1-6387-4fe8-934b-419aba087d7d
2025-08-22 15:21:47,913 - INFO - ✅ 綜合報導（多版本）生成成功
2025-08-22 15:21:47,914 - INFO - Story 4073cbe1-6387-4fe8-934b-419aba087d7d 處理完成
2025-08-22 15:21:47,914 - INFO - ✅ Story 46 處理成功
2025-08-22 15:21:47,915 - INFO - 
============================================================
2025-08-22 15:21:47,916 - INFO - 處理 Story 47/85
2025-08-22 15:21:47,916 - INFO - ============================================================
2025-08-22 15:21:47,917 - INFO - 開始處理 Story c3be1812-a931-47d0-b4ac-780d1b9206cf - 11 篇文章
2025-08-22 15:21:47,918 - INFO - 生成綜合報導
2025-08-22 15:21:47,918 - INFO - 生成綜合報導 - 專題：c3be1812-a931-47d0-b4ac-780d1b9206cf
2025-08-22 15:21:57,139 - INFO - ✅ 綜合報導（多版本）生成成功
2025-08-22 15:21:57,139 - INFO - Story c3be1812-a931-47d0-b4ac-780d1b9206cf 處理完成
2025-08-22 15:21:57,140 - INFO - ✅ Story 47 處理成功
2025-08-22 15:21:57,141 - INFO - 
============================================================
2025-08-22 15:21:57,141 - INFO - 處理 Story 48/85
2025-08-22 15:21:57,142 - INFO - ============================================================
2025-08-22 15:21:57,143 - INFO - 開始處理 Story f77efd3a-d62c-4697-8708-0217092f8a75 - 6 篇文章
2025-08-22 15:21:57,143 - INFO - 生成綜合報導
2025-08-22 15:21:57,144 - INFO - 生成綜合報導 - 專題：f77efd3a-d62c-4697-8708-0217092f8a75
2025-08-22 15:22:06,706 - INFO - ✅ 綜合報導（多版本）生成成功
2025-08-22 15:22:06,706 - INFO - Story f77efd3a-d62c-4697-8708-0217092f8a75 處理完成
2025-08-22 15:22:06,707 - INFO - ✅ Story 48 處理成功
2025-08-22 15:22:06,708 - INFO - 
============================================================
2025-08-22 15:22:06,708 - INFO - 處理 Story 49/85
2025-08-22 15:22:06,709 - INFO - ============================================================
2025-08-22 15:22:06,709 - INFO - 開始處理 Story 50d929e9-5c7a-4726-bc9e-8ff837b526e9 - 2 篇文章
2025-08-22 15:22:06,709 - INFO - 生成綜合報導
2025-08-22 15:22:06,709 - INFO - 生成綜合報導 - 專題：50d929e9-5c7a-4726-bc9e-8ff837b526e9
2025-08-22 15:22:16,280 - INFO - ✅ 綜合報導（多版本）生成成功
2025-08-22 15:22:16,281 - INFO - Story 50d929e9-5c7a-4726-bc9e-8ff837b526e9 處理完成
2025-08-22 15:22:16,282 - INFO - ✅ Story 49 處理成功
2025-08-22 15:22:16,282 - INFO - 
============================================================
2025-08-22 15:22:16,283 - INFO - 處理 Story 50/85
2025-08-22 15:22:16,284 - INFO - ============================================================
2025-08-22 15:22:16,284 - INFO - 開始處理 Story 4949f947-0802-4f0a-bd65-beb0f20e3bf4 - 10 篇文章
2025-08-22 15:22:16,285 - INFO - 生成綜合報導
2025-08-22 15:22:16,285 - INFO - 生成綜合報導 - 專題：4949f947-0802-4f0a-bd65-beb0f20e3bf4
2025-08-22 15:22:27,220 - INFO - ✅ 綜合報導（多版本）生成成功
2025-08-22 15:22:27,221 - INFO - Story 4949f947-0802-4f0a-bd65-beb0f20e3bf4 處理完成
2025-08-22 15:22:27,221 - INFO - ✅ Story 50 處理成功
2025-08-22 15:22:27,221 - INFO - 
============================================================
2025-08-22 15:22:27,221 - INFO - 處理 Story 51/85
2025-08-22 15:22:27,221 - INFO - ============================================================
2025-08-22 15:22:27,222 - INFO - 開始處理 Story da5c7d40-3334-430c-a9b8-430d4ddd721a - 11 篇文章
2025-08-22 15:22:27,222 - INFO - 生成綜合報導
2025-08-22 15:22:27,222 - INFO - 生成綜合報導 - 專題：da5c7d40-3334-430c-a9b8-430d4ddd721a
2025-08-22 15:22:36,464 - INFO - ✅ 綜合報導（多版本）生成成功
2025-08-22 15:22:36,464 - INFO - Story da5c7d40-3334-430c-a9b8-430d4ddd721a 處理完成
2025-08-22 15:22:36,465 - INFO - ✅ Story 51 處理成功
2025-08-22 15:22:36,466 - INFO - 
============================================================
2025-08-22 15:22:36,466 - INFO - 處理 Story 52/85
2025-08-22 15:22:36,467 - INFO - ============================================================
2025-08-22 15:22:36,468 - INFO - 開始處理 Story e5ef3269-82e6-4a6c-81bb-7adc5a7e202a - 14 篇文章
2025-08-22 15:22:36,468 - INFO - 生成綜合報導
2025-08-22 15:22:36,469 - INFO - 生成綜合報導 - 專題：e5ef3269-82e6-4a6c-81bb-7adc5a7e202a
2025-08-22 15:22:45,829 - INFO - ✅ 綜合報導（多版本）生成成功
2025-08-22 15:22:45,829 - INFO - Story e5ef3269-82e6-4a6c-81bb-7adc5a7e202a 處理完成
2025-08-22 15:22:45,829 - INFO - ✅ Story 52 處理成功
2025-08-22 15:22:45,829 - INFO - 
============================================================
2025-08-22 15:22:45,830 - INFO - 處理 Story 53/85
2025-08-22 15:22:45,830 - INFO - ============================================================
2025-08-22 15:22:45,830 - INFO - 開始處理 Story 620d41bc-4878-4c32-94dc-d3ed9bab4376 - 14 篇文章
2025-08-22 15:22:45,830 - INFO - 生成綜合報導
2025-08-22 15:22:45,831 - INFO - 生成綜合報導 - 專題：620d41bc-4878-4c32-94dc-d3ed9bab4376
2025-08-22 15:22:56,350 - INFO - ✅ 綜合報導（多版本）生成成功
2025-08-22 15:22:56,350 - INFO - Story 620d41bc-4878-4c32-94dc-d3ed9bab4376 處理完成
2025-08-22 15:22:56,351 - INFO - ✅ Story 53 處理成功
2025-08-22 15:22:56,351 - INFO - 
============================================================
2025-08-22 15:22:56,352 - INFO - 處理 Story 54/85
2025-08-22 15:22:56,352 - INFO - ============================================================
2025-08-22 15:22:56,353 - INFO - 開始處理 Story be33fe0d-3e9e-4238-9218-3e0dd3306359 - 12 篇文章
2025-08-22 15:22:56,353 - INFO - 生成綜合報導
2025-08-22 15:22:56,354 - INFO - 生成綜合報導 - 專題：be33fe0d-3e9e-4238-9218-3e0dd3306359
2025-08-22 15:23:05,719 - INFO - ✅ 綜合報導（多版本）生成成功
2025-08-22 15:23:05,719 - INFO - Story be33fe0d-3e9e-4238-9218-3e0dd3306359 處理完成
2025-08-22 15:23:05,719 - INFO - ✅ Story 54 處理成功
2025-08-22 15:23:05,720 - INFO - 
============================================================
2025-08-22 15:23:05,720 - INFO - 處理 Story 55/85
2025-08-22 15:23:05,720 - INFO - ============================================================
2025-08-22 15:23:05,721 - INFO - 開始處理 Story 0269719c-40cd-4c77-9699-3b90ea4c2e8f - 5 篇文章
2025-08-22 15:23:05,721 - INFO - 生成綜合報導
2025-08-22 15:23:05,721 - INFO - 生成綜合報導 - 專題：0269719c-40cd-4c77-9699-3b90ea4c2e8f
2025-08-22 15:23:15,516 - INFO - ✅ 綜合報導（多版本）生成成功
2025-08-22 15:23:15,516 - INFO - Story 0269719c-40cd-4c77-9699-3b90ea4c2e8f 處理完成
2025-08-22 15:23:15,517 - INFO - ✅ Story 55 處理成功
2025-08-22 15:23:15,517 - INFO - 
============================================================
2025-08-22 15:23:15,517 - INFO - 處理 Story 56/85
2025-08-22 15:23:15,517 - INFO - ============================================================
2025-08-22 15:23:15,518 - INFO - 開始處理 Story d5d11a12-6212-4111-a0ca-ccabd9d74315 - 6 篇文章
2025-08-22 15:23:15,518 - INFO - 生成綜合報導
2025-08-22 15:23:15,518 - INFO - 生成綜合報導 - 專題：d5d11a12-6212-4111-a0ca-ccabd9d74315
2025-08-22 15:23:25,656 - INFO - ✅ 綜合報導（多版本）生成成功
2025-08-22 15:23:25,656 - INFO - Story d5d11a12-6212-4111-a0ca-ccabd9d74315 處理完成
2025-08-22 15:23:25,657 - INFO - ✅ Story 56 處理成功
2025-08-22 15:23:25,658 - INFO - 
============================================================
2025-08-22 15:23:25,658 - INFO - 處理 Story 57/85
2025-08-22 15:23:25,659 - INFO - ============================================================
2025-08-22 15:23:25,659 - INFO - 開始處理 Story 174a6d14-71b3-4d89-8f89-cd740dd428c0 - 9 篇文章
2025-08-22 15:23:25,660 - INFO - 生成綜合報導
2025-08-22 15:23:25,660 - INFO - 生成綜合報導 - 專題：174a6d14-71b3-4d89-8f89-cd740dd428c0
2025-08-22 15:23:35,785 - INFO - ✅ 綜合報導（多版本）生成成功
2025-08-22 15:23:35,786 - INFO - Story 174a6d14-71b3-4d89-8f89-cd740dd428c0 處理完成
2025-08-22 15:23:35,786 - INFO - ✅ Story 57 處理成功
2025-08-22 15:23:35,786 - INFO - 
============================================================
2025-08-22 15:23:35,787 - INFO - 處理 Story 58/85
2025-08-22 15:23:35,787 - INFO - ============================================================
2025-08-22 15:23:35,787 - INFO - 開始處理 Story 78e9aa1f-2122-48f6-8240-12d249300631 - 10 篇文章
2025-08-22 15:23:35,787 - INFO - 生成綜合報導
2025-08-22 15:23:35,788 - INFO - 生成綜合報導 - 專題：78e9aa1f-2122-48f6-8240-12d249300631
2025-08-22 15:23:45,926 - INFO - ✅ 綜合報導（多版本）生成成功
2025-08-22 15:23:45,927 - INFO - Story 78e9aa1f-2122-48f6-8240-12d249300631 處理完成
2025-08-22 15:23:45,927 - INFO - ✅ Story 58 處理成功
2025-08-22 15:23:45,927 - INFO - 
============================================================
2025-08-22 15:23:45,927 - INFO - 處理 Story 59/85
2025-08-22 15:23:45,927 - INFO - ============================================================
2025-08-22 15:23:45,928 - INFO - 開始處理 Story 8098f1b3-9100-4313-81df-a119113b0067 - 10 篇文章
2025-08-22 15:23:45,928 - INFO - 生成綜合報導
2025-08-22 15:23:45,928 - INFO - 生成綜合報導 - 專題：8098f1b3-9100-4313-81df-a119113b0067
2025-08-22 15:23:55,769 - INFO - ✅ 綜合報導（多版本）生成成功
2025-08-22 15:23:55,769 - INFO - Story 8098f1b3-9100-4313-81df-a119113b0067 處理完成
2025-08-22 15:23:55,769 - INFO - ✅ Story 59 處理成功
2025-08-22 15:23:55,770 - INFO - 
============================================================
2025-08-22 15:23:55,770 - INFO - 處理 Story 60/85
2025-08-22 15:23:55,770 - INFO - ============================================================
2025-08-22 15:23:55,770 - INFO - 開始處理 Story 20617fe1-673e-4ccc-af3d-c52c1d05a5e2 - 6 篇文章
2025-08-22 15:23:55,770 - INFO - 生成綜合報導
2025-08-22 15:23:55,771 - INFO - 生成綜合報導 - 專題：20617fe1-673e-4ccc-af3d-c52c1d05a5e2
2025-08-22 15:24:05,406 - INFO - ✅ 綜合報導（多版本）生成成功
2025-08-22 15:24:05,406 - INFO - Story 20617fe1-673e-4ccc-af3d-c52c1d05a5e2 處理完成
2025-08-22 15:24:05,407 - INFO - ✅ Story 60 處理成功
2025-08-22 15:24:05,408 - INFO - 
============================================================
2025-08-22 15:24:05,408 - INFO - 處理 Story 61/85
2025-08-22 15:24:05,409 - INFO - ============================================================
2025-08-22 15:24:05,409 - INFO - 開始處理 Story 5cecf189-53b3-499d-8b9d-47ea07c8dfbd - 6 篇文章
2025-08-22 15:24:05,409 - INFO - 生成綜合報導
2025-08-22 15:24:05,409 - INFO - 生成綜合報導 - 專題：5cecf189-53b3-499d-8b9d-47ea07c8dfbd
2025-08-22 15:24:15,183 - INFO - ✅ 綜合報導（多版本）生成成功
2025-08-22 15:24:15,184 - INFO - Story 5cecf189-53b3-499d-8b9d-47ea07c8dfbd 處理完成
2025-08-22 15:24:15,184 - INFO - ✅ Story 61 處理成功
2025-08-22 15:24:15,184 - INFO - 
============================================================
2025-08-22 15:24:15,185 - INFO - 處理 Story 62/85
2025-08-22 15:24:15,185 - INFO - ============================================================
2025-08-22 15:24:15,185 - INFO - 開始處理 Story 4261e315-288a-45a2-bf8a-adc12111108c - 9 篇文章
2025-08-22 15:24:15,185 - INFO - 生成綜合報導
2025-08-22 15:24:15,186 - INFO - 生成綜合報導 - 專題：4261e315-288a-45a2-bf8a-adc12111108c
2025-08-22 15:24:25,034 - INFO - ✅ 綜合報導（多版本）生成成功
2025-08-22 15:24:25,035 - INFO - Story 4261e315-288a-45a2-bf8a-adc12111108c 處理完成
2025-08-22 15:24:25,035 - INFO - ✅ Story 62 處理成功
2025-08-22 15:24:25,036 - INFO - 
============================================================
2025-08-22 15:24:25,036 - INFO - 處理 Story 63/85
2025-08-22 15:24:25,037 - INFO - ============================================================
2025-08-22 15:24:25,037 - INFO - 開始處理 Story 756ee619-86c3-418c-95c0-d1c11178de5b - 4 篇文章
2025-08-22 15:24:25,037 - INFO - 生成綜合報導
2025-08-22 15:24:25,038 - INFO - 生成綜合報導 - 專題：756ee619-86c3-418c-95c0-d1c11178de5b
2025-08-22 15:24:35,174 - INFO - ✅ 綜合報導（多版本）生成成功
2025-08-22 15:24:35,175 - INFO - Story 756ee619-86c3-418c-95c0-d1c11178de5b 處理完成
2025-08-22 15:24:35,176 - INFO - ✅ Story 63 處理成功
2025-08-22 15:24:35,176 - INFO - 
============================================================
2025-08-22 15:24:35,177 - INFO - 處理 Story 64/85
2025-08-22 15:24:35,177 - INFO - ============================================================
2025-08-22 15:24:35,178 - INFO - 開始處理 Story 79de677e-f34c-4e34-b4b2-b673d4575ddb - 8 篇文章
2025-08-22 15:24:35,178 - INFO - 生成綜合報導
2025-08-22 15:24:35,178 - INFO - 生成綜合報導 - 專題：79de677e-f34c-4e34-b4b2-b673d4575ddb
2025-08-22 15:24:46,738 - INFO - ✅ 綜合報導（多版本）生成成功
2025-08-22 15:24:46,739 - INFO - Story 79de677e-f34c-4e34-b4b2-b673d4575ddb 處理完成
2025-08-22 15:24:46,739 - INFO - ✅ Story 64 處理成功
2025-08-22 15:24:46,739 - INFO - 
============================================================
2025-08-22 15:24:46,739 - INFO - 處理 Story 65/85
2025-08-22 15:24:46,740 - INFO - ============================================================
2025-08-22 15:24:46,740 - INFO - 開始處理 Story 0b2cbd36-9345-45be-87c5-3e9894f108b2 - 9 篇文章
2025-08-22 15:24:46,740 - INFO - 生成綜合報導
2025-08-22 15:24:46,740 - INFO - 生成綜合報導 - 專題：0b2cbd36-9345-45be-87c5-3e9894f108b2
2025-08-22 15:24:56,307 - INFO - ✅ 綜合報導（多版本）生成成功
2025-08-22 15:24:56,307 - INFO - Story 0b2cbd36-9345-45be-87c5-3e9894f108b2 處理完成
2025-08-22 15:24:56,308 - INFO - ✅ Story 65 處理成功
2025-08-22 15:24:56,308 - INFO - 
============================================================
2025-08-22 15:24:56,308 - INFO - 處理 Story 66/85
2025-08-22 15:24:56,308 - INFO - ============================================================
2025-08-22 15:24:56,309 - INFO - 開始處理 Story a23317f5-3115-46c1-b34d-40c29ba35556 - 9 篇文章
2025-08-22 15:24:56,309 - INFO - 生成綜合報導
2025-08-22 15:24:56,309 - INFO - 生成綜合報導 - 專題：a23317f5-3115-46c1-b34d-40c29ba35556
2025-08-22 15:25:05,460 - INFO - ✅ 綜合報導（多版本）生成成功
2025-08-22 15:25:05,460 - INFO - Story a23317f5-3115-46c1-b34d-40c29ba35556 處理完成
2025-08-22 15:25:05,461 - INFO - ✅ Story 66 處理成功
2025-08-22 15:25:05,461 - INFO - 
============================================================
2025-08-22 15:25:05,461 - INFO - 處理 Story 67/85
2025-08-22 15:25:05,461 - INFO - ============================================================
2025-08-22 15:25:05,461 - INFO - 開始處理 Story 50237436-7e9f-4ab9-b236-b155ae64b501 - 1 篇文章
2025-08-22 15:25:05,461 - INFO - 生成綜合報導
2025-08-22 15:25:05,462 - INFO - 生成綜合報導 - 專題：50237436-7e9f-4ab9-b236-b155ae64b501
2025-08-22 15:25:15,186 - INFO - ✅ 綜合報導（多版本）生成成功
2025-08-22 15:25:15,187 - INFO - Story 50237436-7e9f-4ab9-b236-b155ae64b501 處理完成
2025-08-22 15:25:15,188 - INFO - ✅ Story 67 處理成功
2025-08-22 15:25:15,188 - INFO - 
============================================================
2025-08-22 15:25:15,189 - INFO - 處理 Story 68/85
2025-08-22 15:25:15,190 - INFO - ============================================================
2025-08-22 15:25:15,190 - INFO - 開始處理 Story 50237436-7e9f-4ab9-b236-b155ae64b502 - 3 篇文章
2025-08-22 15:25:15,190 - INFO - 生成綜合報導
2025-08-22 15:25:15,191 - INFO - 生成綜合報導 - 專題：50237436-7e9f-4ab9-b236-b155ae64b502
2025-08-22 15:25:25,355 - INFO - ✅ 綜合報導（多版本）生成成功
2025-08-22 15:25:25,356 - INFO - Story 50237436-7e9f-4ab9-b236-b155ae64b502 處理完成
2025-08-22 15:25:25,356 - INFO - ✅ Story 68 處理成功
2025-08-22 15:25:25,356 - INFO - 
============================================================
2025-08-22 15:25:25,356 - INFO - 處理 Story 69/85
2025-08-22 15:25:25,357 - INFO - ============================================================
2025-08-22 15:25:25,357 - INFO - 開始處理 Story 2bbeff00-9b58-46f2-a0f5-300e7f1d9cc1 - 2 篇文章
2025-08-22 15:25:25,357 - INFO - 生成綜合報導
2025-08-22 15:25:25,357 - INFO - 生成綜合報導 - 專題：2bbeff00-9b58-46f2-a0f5-300e7f1d9cc1
2025-08-22 15:25:34,740 - INFO - ✅ 綜合報導（多版本）生成成功
2025-08-22 15:25:34,741 - INFO - Story 2bbeff00-9b58-46f2-a0f5-300e7f1d9cc1 處理完成
2025-08-22 15:25:34,741 - INFO - ✅ Story 69 處理成功
2025-08-22 15:25:34,741 - INFO - 
============================================================
2025-08-22 15:25:34,741 - INFO - 處理 Story 70/85
2025-08-22 15:25:34,742 - INFO - ============================================================
2025-08-22 15:25:34,742 - INFO - 開始處理 Story d9fed311-3ddf-4e48-91e7-dbf5074241c2 - 3 篇文章
2025-08-22 15:25:34,742 - INFO - 生成綜合報導
2025-08-22 15:25:34,742 - INFO - 生成綜合報導 - 專題：d9fed311-3ddf-4e48-91e7-dbf5074241c2
2025-08-22 15:25:44,060 - INFO - ✅ 綜合報導（多版本）生成成功
2025-08-22 15:25:44,060 - INFO - Story d9fed311-3ddf-4e48-91e7-dbf5074241c2 處理完成
2025-08-22 15:25:44,061 - INFO - ✅ Story 70 處理成功
2025-08-22 15:25:44,062 - INFO - 
============================================================
2025-08-22 15:25:44,062 - INFO - 處理 Story 71/85
2025-08-22 15:25:44,063 - INFO - ============================================================
2025-08-22 15:25:44,063 - INFO - 開始處理 Story a80a3a63-b6a2-48ce-a1f9-bfc172f4969f - 5 篇文章
2025-08-22 15:25:44,064 - INFO - 生成綜合報導
2025-08-22 15:25:44,065 - INFO - 生成綜合報導 - 專題：a80a3a63-b6a2-48ce-a1f9-bfc172f4969f
2025-08-22 15:25:53,678 - INFO - ✅ 綜合報導（多版本）生成成功
2025-08-22 15:25:53,679 - INFO - Story a80a3a63-b6a2-48ce-a1f9-bfc172f4969f 處理完成
2025-08-22 15:25:53,679 - INFO - ✅ Story 71 處理成功
2025-08-22 15:25:53,679 - INFO - 
============================================================
2025-08-22 15:25:53,679 - INFO - 處理 Story 72/85
2025-08-22 15:25:53,679 - INFO - ============================================================
2025-08-22 15:25:53,679 - INFO - 開始處理 Story 712e1ad5-6d3f-4332-97bf-3b3fafd640ff - 9 篇文章
2025-08-22 15:25:53,680 - INFO - 生成綜合報導
2025-08-22 15:25:53,680 - INFO - 生成綜合報導 - 專題：712e1ad5-6d3f-4332-97bf-3b3fafd640ff
2025-08-22 15:26:03,762 - INFO - ✅ 綜合報導（多版本）生成成功
2025-08-22 15:26:03,763 - INFO - Story 712e1ad5-6d3f-4332-97bf-3b3fafd640ff 處理完成
2025-08-22 15:26:03,763 - INFO - ✅ Story 72 處理成功
2025-08-22 15:26:03,763 - INFO - 
============================================================
2025-08-22 15:26:03,764 - INFO - 處理 Story 73/85
2025-08-22 15:26:03,764 - INFO - ============================================================
2025-08-22 15:26:03,764 - INFO - 開始處理 Story 67df0927-44a0-4d94-a260-edf31e964c01 - 1 篇文章
2025-08-22 15:26:03,764 - INFO - 生成綜合報導
2025-08-22 15:26:03,764 - INFO - 生成綜合報導 - 專題：67df0927-44a0-4d94-a260-edf31e964c01
2025-08-22 15:26:13,639 - INFO - ✅ 綜合報導（多版本）生成成功
2025-08-22 15:26:13,640 - INFO - Story 67df0927-44a0-4d94-a260-edf31e964c01 處理完成
2025-08-22 15:26:13,641 - INFO - ✅ Story 73 處理成功
2025-08-22 15:26:13,641 - INFO - 
============================================================
2025-08-22 15:26:13,642 - INFO - 處理 Story 74/85
2025-08-22 15:26:13,642 - INFO - ============================================================
2025-08-22 15:26:13,643 - INFO - 開始處理 Story 67df0927-44a0-4d94-a260-edf31e964c02 - 5 篇文章
2025-08-22 15:26:13,644 - INFO - 生成綜合報導
2025-08-22 15:26:13,644 - INFO - 生成綜合報導 - 專題：67df0927-44a0-4d94-a260-edf31e964c02
2025-08-22 15:26:22,589 - INFO - ✅ 綜合報導（多版本）生成成功
2025-08-22 15:26:22,590 - INFO - Story 67df0927-44a0-4d94-a260-edf31e964c02 處理完成
2025-08-22 15:26:22,590 - INFO - ✅ Story 74 處理成功
2025-08-22 15:26:22,591 - INFO - 
============================================================
2025-08-22 15:26:22,591 - INFO - 處理 Story 75/85
2025-08-22 15:26:22,592 - INFO - ============================================================
2025-08-22 15:26:22,593 - INFO - 開始處理 Story 07d1bd90-8a8e-47b0-a111-c18d8fab3945 - 8 篇文章
2025-08-22 15:26:22,593 - INFO - 生成綜合報導
2025-08-22 15:26:22,594 - INFO - 生成綜合報導 - 專題：07d1bd90-8a8e-47b0-a111-c18d8fab3945
2025-08-22 15:26:32,656 - INFO - ✅ 綜合報導（多版本）生成成功
2025-08-22 15:26:32,657 - INFO - Story 07d1bd90-8a8e-47b0-a111-c18d8fab3945 處理完成
2025-08-22 15:26:32,657 - INFO - ✅ Story 75 處理成功
2025-08-22 15:26:32,657 - INFO - 
============================================================
2025-08-22 15:26:32,657 - INFO - 處理 Story 76/85
2025-08-22 15:26:32,658 - INFO - ============================================================
2025-08-22 15:26:32,658 - INFO - 開始處理 Story d2701ec1-f07c-4e98-acde-1676a4a078a0 - 7 篇文章
2025-08-22 15:26:32,658 - INFO - 生成綜合報導
2025-08-22 15:26:32,658 - INFO - 生成綜合報導 - 專題：d2701ec1-f07c-4e98-acde-1676a4a078a0
2025-08-22 15:26:43,024 - INFO - ✅ 綜合報導（多版本）生成成功
2025-08-22 15:26:43,025 - INFO - Story d2701ec1-f07c-4e98-acde-1676a4a078a0 處理完成
2025-08-22 15:26:43,025 - INFO - ✅ Story 76 處理成功
2025-08-22 15:26:43,025 - INFO - 
============================================================
2025-08-22 15:26:43,026 - INFO - 處理 Story 77/85
2025-08-22 15:26:43,026 - INFO - ============================================================
2025-08-22 15:26:43,026 - INFO - 開始處理 Story 190a98cd-76cf-49cf-9acc-3be6da1c335e - 8 篇文章
2025-08-22 15:26:43,026 - INFO - 生成綜合報導
2025-08-22 15:26:43,026 - INFO - 生成綜合報導 - 專題：190a98cd-76cf-49cf-9acc-3be6da1c335e
2025-08-22 15:26:53,407 - INFO - ✅ 綜合報導（多版本）生成成功
2025-08-22 15:26:53,408 - INFO - Story 190a98cd-76cf-49cf-9acc-3be6da1c335e 處理完成
2025-08-22 15:26:53,408 - INFO - ✅ Story 77 處理成功
2025-08-22 15:26:53,409 - INFO - 
============================================================
2025-08-22 15:26:53,410 - INFO - 處理 Story 78/85
2025-08-22 15:26:53,410 - INFO - ============================================================
2025-08-22 15:26:53,410 - INFO - 開始處理 Story 9ef982ca-53de-42ef-aca2-462ac7d2f40d - 4 篇文章
2025-08-22 15:26:53,410 - INFO - 生成綜合報導
2025-08-22 15:26:53,411 - INFO - 生成綜合報導 - 專題：9ef982ca-53de-42ef-aca2-462ac7d2f40d
2025-08-22 15:27:03,703 - INFO - ✅ 綜合報導（多版本）生成成功
2025-08-22 15:27:03,704 - INFO - Story 9ef982ca-53de-42ef-aca2-462ac7d2f40d 處理完成
2025-08-22 15:27:03,705 - INFO - ✅ Story 78 處理成功
2025-08-22 15:27:03,705 - INFO - 
============================================================
2025-08-22 15:27:03,706 - INFO - 處理 Story 79/85
2025-08-22 15:27:03,706 - INFO - ============================================================
2025-08-22 15:27:03,707 - INFO - 開始處理 Story d79867af-1501-4af1-8a9a-fc9587bb5809 - 6 篇文章
2025-08-22 15:27:03,707 - INFO - 生成綜合報導
2025-08-22 15:27:03,708 - INFO - 生成綜合報導 - 專題：d79867af-1501-4af1-8a9a-fc9587bb5809
2025-08-22 15:27:13,356 - INFO - ✅ 綜合報導（多版本）生成成功
2025-08-22 15:27:13,356 - INFO - Story d79867af-1501-4af1-8a9a-fc9587bb5809 處理完成
2025-08-22 15:27:13,356 - INFO - ✅ Story 79 處理成功
2025-08-22 15:27:13,356 - INFO - 
============================================================
2025-08-22 15:27:13,357 - INFO - 處理 Story 80/85
2025-08-22 15:27:13,357 - INFO - ============================================================
2025-08-22 15:27:13,357 - INFO - 開始處理 Story 10968da0-2978-4187-8b89-ae42797fe401 - 5 篇文章
2025-08-22 15:27:13,357 - INFO - 生成綜合報導
2025-08-22 15:27:13,357 - INFO - 生成綜合報導 - 專題：10968da0-2978-4187-8b89-ae42797fe401
2025-08-22 15:27:22,870 - INFO - ✅ 綜合報導（多版本）生成成功
2025-08-22 15:27:22,871 - INFO - Story 10968da0-2978-4187-8b89-ae42797fe401 處理完成
2025-08-22 15:27:22,871 - INFO - ✅ Story 80 處理成功
2025-08-22 15:27:22,872 - INFO - 
============================================================
2025-08-22 15:27:22,872 - INFO - 處理 Story 81/85
2025-08-22 15:27:22,873 - INFO - ============================================================
2025-08-22 15:27:22,873 - INFO - 開始處理 Story 10968da0-2978-4187-8b89-ae42797fe402 - 2 篇文章
2025-08-22 15:27:22,873 - INFO - 生成綜合報導
2025-08-22 15:27:22,873 - INFO - 生成綜合報導 - 專題：10968da0-2978-4187-8b89-ae42797fe402
2025-08-22 15:27:33,005 - INFO - ✅ 綜合報導（多版本）生成成功
2025-08-22 15:27:33,005 - INFO - Story 10968da0-2978-4187-8b89-ae42797fe402 處理完成
2025-08-22 15:27:33,005 - INFO - ✅ Story 81 處理成功
2025-08-22 15:27:33,005 - INFO - 
============================================================
2025-08-22 15:27:33,006 - INFO - 處理 Story 82/85
2025-08-22 15:27:33,006 - INFO - ============================================================
2025-08-22 15:27:33,006 - INFO - 開始處理 Story b22837cb-851f-427c-a783-983242651953 - 9 篇文章
2025-08-22 15:27:33,006 - INFO - 生成綜合報導
2025-08-22 15:27:33,006 - INFO - 生成綜合報導 - 專題：b22837cb-851f-427c-a783-983242651953
2025-08-22 15:27:42,957 - INFO - ✅ 綜合報導（多版本）生成成功
2025-08-22 15:27:42,958 - INFO - Story b22837cb-851f-427c-a783-983242651953 處理完成
2025-08-22 15:27:42,958 - INFO - ✅ Story 82 處理成功
2025-08-22 15:27:42,959 - INFO - 
============================================================
2025-08-22 15:27:42,959 - INFO - 處理 Story 83/85
2025-08-22 15:27:42,959 - INFO - ============================================================
2025-08-22 15:27:42,959 - INFO - 開始處理 Story 491998a4-335d-4ceb-898c-1fe39ff89a01 - 1 篇文章
2025-08-22 15:27:42,960 - INFO - 生成綜合報導
2025-08-22 15:27:42,960 - INFO - 生成綜合報導 - 專題：491998a4-335d-4ceb-898c-1fe39ff89a01
2025-08-22 15:27:52,726 - INFO - ✅ 綜合報導（多版本）生成成功
2025-08-22 15:27:52,726 - INFO - Story 491998a4-335d-4ceb-898c-1fe39ff89a01 處理完成
2025-08-22 15:27:52,727 - INFO - ✅ Story 83 處理成功
2025-08-22 15:27:52,727 - INFO - 
============================================================
2025-08-22 15:27:52,727 - INFO - 處理 Story 84/85
2025-08-22 15:27:52,727 - INFO - ============================================================
2025-08-22 15:27:52,728 - INFO - 開始處理 Story 491998a4-335d-4ceb-898c-1fe39ff89a02 - 4 篇文章
2025-08-22 15:27:52,728 - INFO - 生成綜合報導
2025-08-22 15:27:52,728 - INFO - 生成綜合報導 - 專題：491998a4-335d-4ceb-898c-1fe39ff89a02
2025-08-22 15:28:02,670 - INFO - ✅ 綜合報導（多版本）生成成功
2025-08-22 15:28:02,670 - INFO - Story 491998a4-335d-4ceb-898c-1fe39ff89a02 處理完成
2025-08-22 15:28:02,670 - INFO - ✅ Story 84 處理成功
2025-08-22 15:28:02,671 - INFO - 
============================================================
2025-08-22 15:28:02,671 - INFO - 處理 Story 85/85
2025-08-22 15:28:02,671 - INFO - ============================================================
2025-08-22 15:28:02,671 - INFO - 開始處理 Story 80aaf2a2-e75c-4eda-9412-66b87fc6c5b0 - 6 篇文章
2025-08-22 15:28:02,672 - INFO - 生成綜合報導
2025-08-22 15:28:02,672 - INFO - 生成綜合報導 - 專題：80aaf2a2-e75c-4eda-9412-66b87fc6c5b0
2025-08-22 15:28:11,945 - INFO - ✅ 綜合報導（多版本）生成成功
2025-08-22 15:28:11,945 - INFO - Story 80aaf2a2-e75c-4eda-9412-66b87fc6c5b0 處理完成
2025-08-22 15:28:11,945 - INFO - ✅ Story 85 處理成功
2025-08-22 15:28:11,945 - INFO - 
🎉 報導生成完成！成功處理 85 個 stories
2025-08-22 23:31:03,155 - INFO - 準備處理 40 個 stories（包含個別摘要與綜合報導）
2025-08-22 23:31:03,158 - INFO - 處理範圍: 索引 0-39
2025-08-22 23:31:03,158 - INFO - 
============================================================
2025-08-22 23:31:03,158 - INFO - 處理 Story 1/40
2025-08-22 23:31:03,158 - INFO - ============================================================
2025-08-22 23:31:03,158 - INFO - 開始處理 Story 0eb5ccb2-6258-4d8f-a71a-00c858663c3e - 9 篇文章
2025-08-22 23:31:03,158 - INFO - 生成綜合報導
2025-08-22 23:31:03,158 - INFO - 生成綜合報導 - 專題：0eb5ccb2-6258-4d8f-a71a-00c858663c3e
2025-08-22 23:31:13,992 - INFO - ✅ 綜合報導（多版本）生成成功
2025-08-22 23:31:13,992 - INFO - Story 0eb5ccb2-6258-4d8f-a71a-00c858663c3e 處理完成
2025-08-22 23:31:13,992 - INFO - ✅ Story 1 處理成功
2025-08-22 23:31:13,993 - INFO - 
============================================================
2025-08-22 23:31:13,993 - INFO - 處理 Story 2/40
2025-08-22 23:31:13,993 - INFO - ============================================================
2025-08-22 23:31:13,993 - INFO - 開始處理 Story 88d89940-62a7-4c8e-bd4d-485f3f5acddf - 8 篇文章
2025-08-22 23:31:13,993 - INFO - 生成綜合報導
2025-08-22 23:31:13,994 - INFO - 生成綜合報導 - 專題：88d89940-62a7-4c8e-bd4d-485f3f5acddf
2025-08-22 23:31:25,563 - INFO - ✅ 綜合報導（多版本）生成成功
2025-08-22 23:31:25,564 - INFO - Story 88d89940-62a7-4c8e-bd4d-485f3f5acddf 處理完成
2025-08-22 23:31:25,564 - INFO - ✅ Story 2 處理成功
2025-08-22 23:31:25,564 - INFO - 
============================================================
2025-08-22 23:31:25,564 - INFO - 處理 Story 3/40
2025-08-22 23:31:25,565 - INFO - ============================================================
2025-08-22 23:31:25,565 - INFO - 開始處理 Story aa97b4b9-ebfb-45db-96b8-4b52bd6b0e24 - 6 篇文章
2025-08-22 23:31:25,565 - INFO - 生成綜合報導
2025-08-22 23:31:25,565 - INFO - 生成綜合報導 - 專題：aa97b4b9-ebfb-45db-96b8-4b52bd6b0e24
2025-08-22 23:31:35,803 - INFO - ✅ 綜合報導（多版本）生成成功
2025-08-22 23:31:35,804 - INFO - Story aa97b4b9-ebfb-45db-96b8-4b52bd6b0e24 處理完成
2025-08-22 23:31:35,805 - INFO - ✅ Story 3 處理成功
2025-08-22 23:31:35,805 - INFO - 
============================================================
2025-08-22 23:31:35,805 - INFO - 處理 Story 4/40
2025-08-22 23:31:35,805 - INFO - ============================================================
2025-08-22 23:31:35,805 - INFO - 開始處理 Story 1dbf8c7a-c3f3-48a3-9702-5077c5e75e60 - 9 篇文章
2025-08-22 23:31:35,805 - INFO - 生成綜合報導
2025-08-22 23:31:35,805 - INFO - 生成綜合報導 - 專題：1dbf8c7a-c3f3-48a3-9702-5077c5e75e60
2025-08-22 23:31:45,196 - INFO - ✅ 綜合報導（多版本）生成成功
2025-08-22 23:31:45,196 - INFO - Story 1dbf8c7a-c3f3-48a3-9702-5077c5e75e60 處理完成
2025-08-22 23:31:45,196 - INFO - ✅ Story 4 處理成功
2025-08-22 23:31:45,197 - INFO - 
============================================================
2025-08-22 23:31:45,197 - INFO - 處理 Story 5/40
2025-08-22 23:31:45,197 - INFO - ============================================================
2025-08-22 23:31:45,197 - INFO - 開始處理 Story c54abeab-34bf-4d10-9a4c-a56e5608a7f7 - 6 篇文章
2025-08-22 23:31:45,197 - INFO - 生成綜合報導
2025-08-22 23:31:45,197 - INFO - 生成綜合報導 - 專題：c54abeab-34bf-4d10-9a4c-a56e5608a7f7
2025-08-22 23:31:55,443 - INFO - ✅ 綜合報導（多版本）生成成功
2025-08-22 23:31:55,443 - INFO - Story c54abeab-34bf-4d10-9a4c-a56e5608a7f7 處理完成
2025-08-22 23:31:55,443 - INFO - ✅ Story 5 處理成功
2025-08-22 23:31:55,443 - INFO - 
============================================================
2025-08-22 23:31:55,444 - INFO - 處理 Story 6/40
2025-08-22 23:31:55,444 - INFO - ============================================================
2025-08-22 23:31:55,444 - INFO - 開始處理 Story 42841f35-6311-46ea-8313-7a6c3353c464 - 9 篇文章
2025-08-22 23:31:55,444 - INFO - 生成綜合報導
2025-08-22 23:31:55,444 - INFO - 生成綜合報導 - 專題：42841f35-6311-46ea-8313-7a6c3353c464
2025-08-22 23:32:04,912 - INFO - ✅ 綜合報導（多版本）生成成功
2025-08-22 23:32:04,913 - INFO - Story 42841f35-6311-46ea-8313-7a6c3353c464 處理完成
2025-08-22 23:32:04,913 - INFO - ✅ Story 6 處理成功
2025-08-22 23:32:04,913 - INFO - 
============================================================
2025-08-22 23:32:04,913 - INFO - 處理 Story 7/40
2025-08-22 23:32:04,913 - INFO - ============================================================
2025-08-22 23:32:04,913 - INFO - 開始處理 Story 1ee8dfc3-06ae-4631-8879-4afccfeaeb20 - 10 篇文章
2025-08-22 23:32:04,914 - INFO - 生成綜合報導
2025-08-22 23:32:04,914 - INFO - 生成綜合報導 - 專題：1ee8dfc3-06ae-4631-8879-4afccfeaeb20
2025-08-22 23:32:15,648 - INFO - ✅ 綜合報導（多版本）生成成功
2025-08-22 23:32:15,648 - INFO - Story 1ee8dfc3-06ae-4631-8879-4afccfeaeb20 處理完成
2025-08-22 23:32:15,648 - INFO - ✅ Story 7 處理成功
2025-08-22 23:32:15,648 - INFO - 
============================================================
2025-08-22 23:32:15,648 - INFO - 處理 Story 8/40
2025-08-22 23:32:15,648 - INFO - ============================================================
2025-08-22 23:32:15,648 - INFO - 開始處理 Story 9198e311-ed15-464b-bc75-4276b19bf56d - 8 篇文章
2025-08-22 23:32:15,648 - INFO - 生成綜合報導
2025-08-22 23:32:15,649 - INFO - 生成綜合報導 - 專題：9198e311-ed15-464b-bc75-4276b19bf56d
2025-08-22 23:32:27,378 - INFO - ✅ 綜合報導（多版本）生成成功
2025-08-22 23:32:27,379 - INFO - Story 9198e311-ed15-464b-bc75-4276b19bf56d 處理完成
2025-08-22 23:32:27,379 - INFO - ✅ Story 8 處理成功
2025-08-22 23:32:27,380 - INFO - 
============================================================
2025-08-22 23:32:27,380 - INFO - 處理 Story 9/40
2025-08-22 23:32:27,380 - INFO - ============================================================
2025-08-22 23:32:27,380 - INFO - 開始處理 Story 7de072f1-a182-4b7d-a650-0a51aa8690b2 - 10 篇文章
2025-08-22 23:32:27,380 - INFO - 生成綜合報導
2025-08-22 23:32:27,381 - INFO - 生成綜合報導 - 專題：7de072f1-a182-4b7d-a650-0a51aa8690b2
2025-08-22 23:32:37,536 - INFO - ✅ 綜合報導（多版本）生成成功
2025-08-22 23:32:37,536 - INFO - Story 7de072f1-a182-4b7d-a650-0a51aa8690b2 處理完成
2025-08-22 23:32:37,536 - INFO - ✅ Story 9 處理成功
2025-08-22 23:32:37,536 - INFO - 
============================================================
2025-08-22 23:32:37,536 - INFO - 處理 Story 10/40
2025-08-22 23:32:37,536 - INFO - ============================================================
2025-08-22 23:32:37,537 - INFO - 開始處理 Story 9cb93b1d-351c-461b-84a1-a7f16eb29a14 - 7 篇文章
2025-08-22 23:32:37,537 - INFO - 生成綜合報導
2025-08-22 23:32:37,537 - INFO - 生成綜合報導 - 專題：9cb93b1d-351c-461b-84a1-a7f16eb29a14
2025-08-22 23:32:49,056 - INFO - ✅ 綜合報導（多版本）生成成功
2025-08-22 23:32:49,057 - INFO - Story 9cb93b1d-351c-461b-84a1-a7f16eb29a14 處理完成
2025-08-22 23:32:49,057 - INFO - ✅ Story 10 處理成功
2025-08-22 23:32:49,057 - INFO - 
============================================================
2025-08-22 23:32:49,058 - INFO - 處理 Story 11/40
2025-08-22 23:32:49,058 - INFO - ============================================================
2025-08-22 23:32:49,058 - INFO - 開始處理 Story 0e5c823d-4ed4-406c-9e0e-b91927af3a72 - 6 篇文章
2025-08-22 23:32:49,058 - INFO - 生成綜合報導
2025-08-22 23:32:49,058 - INFO - 生成綜合報導 - 專題：0e5c823d-4ed4-406c-9e0e-b91927af3a72
2025-08-22 23:32:59,410 - INFO - ✅ 綜合報導（多版本）生成成功
2025-08-22 23:32:59,410 - INFO - Story 0e5c823d-4ed4-406c-9e0e-b91927af3a72 處理完成
2025-08-22 23:32:59,410 - INFO - ✅ Story 11 處理成功
2025-08-22 23:32:59,411 - INFO - 
============================================================
2025-08-22 23:32:59,411 - INFO - 處理 Story 12/40
2025-08-22 23:32:59,411 - INFO - ============================================================
2025-08-22 23:32:59,411 - INFO - 開始處理 Story 505e2472-7f16-41fa-a9d3-88c90341aaa0 - 8 篇文章
2025-08-22 23:32:59,411 - INFO - 生成綜合報導
2025-08-22 23:32:59,411 - INFO - 生成綜合報導 - 專題：505e2472-7f16-41fa-a9d3-88c90341aaa0
2025-08-22 23:33:14,936 - INFO - ✅ 綜合報導（多版本）生成成功
2025-08-22 23:33:14,936 - INFO - Story 505e2472-7f16-41fa-a9d3-88c90341aaa0 處理完成
2025-08-22 23:33:14,936 - INFO - ✅ Story 12 處理成功
2025-08-22 23:33:14,937 - INFO - 
============================================================
2025-08-22 23:33:14,937 - INFO - 處理 Story 13/40
2025-08-22 23:33:14,937 - INFO - ============================================================
2025-08-22 23:33:14,937 - INFO - 開始處理 Story 4826bff9-099f-4ae5-9b95-f104ed6108be - 8 篇文章
2025-08-22 23:33:14,937 - INFO - 生成綜合報導
2025-08-22 23:33:14,937 - INFO - 生成綜合報導 - 專題：4826bff9-099f-4ae5-9b95-f104ed6108be
2025-08-22 23:33:24,632 - INFO - ✅ 綜合報導（多版本）生成成功
2025-08-22 23:33:24,633 - INFO - Story 4826bff9-099f-4ae5-9b95-f104ed6108be 處理完成
2025-08-22 23:33:24,633 - INFO - ✅ Story 13 處理成功
2025-08-22 23:33:24,634 - INFO - 
============================================================
2025-08-22 23:33:24,634 - INFO - 處理 Story 14/40
2025-08-22 23:33:24,634 - INFO - ============================================================
2025-08-22 23:33:24,634 - INFO - 開始處理 Story 1b299875-298b-4236-aa35-ef605bd7cca0 - 9 篇文章
2025-08-22 23:33:24,634 - INFO - 生成綜合報導
2025-08-22 23:33:24,634 - INFO - 生成綜合報導 - 專題：1b299875-298b-4236-aa35-ef605bd7cca0
2025-08-22 23:33:35,555 - INFO - ✅ 綜合報導（多版本）生成成功
2025-08-22 23:33:35,555 - INFO - Story 1b299875-298b-4236-aa35-ef605bd7cca0 處理完成
2025-08-22 23:33:35,555 - INFO - ✅ Story 14 處理成功
2025-08-22 23:33:35,555 - INFO - 
============================================================
2025-08-22 23:33:35,555 - INFO - 處理 Story 15/40
2025-08-22 23:33:35,555 - INFO - ============================================================
2025-08-22 23:33:35,555 - INFO - 開始處理 Story e61584f3-283b-40a1-8b83-7fe94c12b35e - 5 篇文章
2025-08-22 23:33:35,555 - INFO - 生成綜合報導
2025-08-22 23:33:35,555 - INFO - 生成綜合報導 - 專題：e61584f3-283b-40a1-8b83-7fe94c12b35e
2025-08-22 23:33:45,380 - INFO - ✅ 綜合報導（多版本）生成成功
2025-08-22 23:33:45,380 - INFO - Story e61584f3-283b-40a1-8b83-7fe94c12b35e 處理完成
2025-08-22 23:33:45,380 - INFO - ✅ Story 15 處理成功
2025-08-22 23:33:45,380 - INFO - 
============================================================
2025-08-22 23:33:45,380 - INFO - 處理 Story 16/40
2025-08-22 23:33:45,380 - INFO - ============================================================
2025-08-22 23:33:45,380 - INFO - 開始處理 Story 1ab2ee13-2114-48bc-84b1-8463efaa1e6c - 10 篇文章
2025-08-22 23:33:45,380 - INFO - 生成綜合報導
2025-08-22 23:33:45,380 - INFO - 生成綜合報導 - 專題：1ab2ee13-2114-48bc-84b1-8463efaa1e6c
2025-08-22 23:33:55,607 - INFO - ✅ 綜合報導（多版本）生成成功
2025-08-22 23:33:55,608 - INFO - Story 1ab2ee13-2114-48bc-84b1-8463efaa1e6c 處理完成
2025-08-22 23:33:55,608 - INFO - ✅ Story 16 處理成功
2025-08-22 23:33:55,608 - INFO - 
============================================================
2025-08-22 23:33:55,608 - INFO - 處理 Story 17/40
2025-08-22 23:33:55,608 - INFO - ============================================================
2025-08-22 23:33:55,608 - INFO - 開始處理 Story d3f2f044-a684-4d74-94b1-dfd46ce1bde1 - 7 篇文章
2025-08-22 23:33:55,609 - INFO - 生成綜合報導
2025-08-22 23:33:55,609 - INFO - 生成綜合報導 - 專題：d3f2f044-a684-4d74-94b1-dfd46ce1bde1
2025-08-22 23:34:06,301 - INFO - ✅ 綜合報導（多版本）生成成功
2025-08-22 23:34:06,301 - INFO - Story d3f2f044-a684-4d74-94b1-dfd46ce1bde1 處理完成
2025-08-22 23:34:06,302 - INFO - ✅ Story 17 處理成功
2025-08-22 23:34:06,302 - INFO - 
============================================================
2025-08-22 23:34:06,302 - INFO - 處理 Story 18/40
2025-08-22 23:34:06,303 - INFO - ============================================================
2025-08-22 23:34:06,303 - INFO - 開始處理 Story d32009e1-0b26-40a1-8b4e-729606eae951 - 9 篇文章
2025-08-22 23:34:06,303 - INFO - 生成綜合報導
2025-08-22 23:34:06,303 - INFO - 生成綜合報導 - 專題：d32009e1-0b26-40a1-8b4e-729606eae951
2025-08-22 23:34:15,973 - INFO - ✅ 綜合報導（多版本）生成成功
2025-08-22 23:34:15,973 - INFO - Story d32009e1-0b26-40a1-8b4e-729606eae951 處理完成
2025-08-22 23:34:15,974 - INFO - ✅ Story 18 處理成功
2025-08-22 23:34:15,974 - INFO - 
============================================================
2025-08-22 23:34:15,974 - INFO - 處理 Story 19/40
2025-08-22 23:34:15,974 - INFO - ============================================================
2025-08-22 23:34:15,975 - INFO - 開始處理 Story 1d06b535-52e5-4ea8-b1ce-10c13b05cf3c - 9 篇文章
2025-08-22 23:34:15,975 - INFO - 生成綜合報導
2025-08-22 23:34:15,975 - INFO - 生成綜合報導 - 專題：1d06b535-52e5-4ea8-b1ce-10c13b05cf3c
2025-08-22 23:34:27,424 - INFO - ✅ 綜合報導（多版本）生成成功
2025-08-22 23:34:27,424 - INFO - Story 1d06b535-52e5-4ea8-b1ce-10c13b05cf3c 處理完成
2025-08-22 23:34:27,424 - INFO - ✅ Story 19 處理成功
2025-08-22 23:34:27,424 - INFO - 
============================================================
2025-08-22 23:34:27,425 - INFO - 處理 Story 20/40
2025-08-22 23:34:27,425 - INFO - ============================================================
2025-08-22 23:34:27,425 - INFO - 開始處理 Story dcf6a7f2-5d05-4e1f-9442-49e2ba916cb9 - 10 篇文章
2025-08-22 23:34:27,425 - INFO - 生成綜合報導
2025-08-22 23:34:27,425 - INFO - 生成綜合報導 - 專題：dcf6a7f2-5d05-4e1f-9442-49e2ba916cb9
2025-08-22 23:34:37,359 - INFO - ✅ 綜合報導（多版本）生成成功
2025-08-22 23:34:37,360 - INFO - Story dcf6a7f2-5d05-4e1f-9442-49e2ba916cb9 處理完成
2025-08-22 23:34:37,360 - INFO - ✅ Story 20 處理成功
2025-08-22 23:34:37,360 - INFO - 
============================================================
2025-08-22 23:34:37,360 - INFO - 處理 Story 21/40
2025-08-22 23:34:37,360 - INFO - ============================================================
2025-08-22 23:34:37,361 - INFO - 開始處理 Story 4a7ec7bf-0c33-4d42-9e74-bf234aaee9ca - 9 篇文章
2025-08-22 23:34:37,361 - INFO - 生成綜合報導
2025-08-22 23:34:37,361 - INFO - 生成綜合報導 - 專題：4a7ec7bf-0c33-4d42-9e74-bf234aaee9ca
2025-08-22 23:34:47,480 - INFO - ✅ 綜合報導（多版本）生成成功
2025-08-22 23:34:47,480 - INFO - Story 4a7ec7bf-0c33-4d42-9e74-bf234aaee9ca 處理完成
2025-08-22 23:34:47,480 - INFO - ✅ Story 21 處理成功
2025-08-22 23:34:47,480 - INFO - 
============================================================
2025-08-22 23:34:47,480 - INFO - 處理 Story 22/40
2025-08-22 23:34:47,480 - INFO - ============================================================
2025-08-22 23:34:47,480 - INFO - 開始處理 Story 14efea4d-8739-4187-99b1-639f818bccf6 - 8 篇文章
2025-08-22 23:34:47,480 - INFO - 生成綜合報導
2025-08-22 23:34:47,480 - INFO - 生成綜合報導 - 專題：14efea4d-8739-4187-99b1-639f818bccf6
2025-08-22 23:34:58,452 - INFO - ✅ 綜合報導（多版本）生成成功
2025-08-22 23:34:58,453 - INFO - Story 14efea4d-8739-4187-99b1-639f818bccf6 處理完成
2025-08-22 23:34:58,453 - INFO - ✅ Story 22 處理成功
2025-08-22 23:34:58,453 - INFO - 
============================================================
2025-08-22 23:34:58,453 - INFO - 處理 Story 23/40
2025-08-22 23:34:58,453 - INFO - ============================================================
2025-08-22 23:34:58,453 - INFO - 開始處理 Story f1a93a73-9fce-4b68-8aef-ac374b8ec599 - 5 篇文章
2025-08-22 23:34:58,453 - INFO - 生成綜合報導
2025-08-22 23:34:58,453 - INFO - 生成綜合報導 - 專題：f1a93a73-9fce-4b68-8aef-ac374b8ec599
2025-08-22 23:35:11,699 - INFO - ✅ 綜合報導（多版本）生成成功
2025-08-22 23:35:11,699 - INFO - Story f1a93a73-9fce-4b68-8aef-ac374b8ec599 處理完成
2025-08-22 23:35:11,699 - INFO - ✅ Story 23 處理成功
2025-08-22 23:35:11,700 - INFO - 
============================================================
2025-08-22 23:35:11,700 - INFO - 處理 Story 24/40
2025-08-22 23:35:11,700 - INFO - ============================================================
2025-08-22 23:35:11,700 - INFO - 開始處理 Story ddfaadb5-023c-4b18-aefc-f08ab96e31be - 8 篇文章
2025-08-22 23:35:11,700 - INFO - 生成綜合報導
2025-08-22 23:35:11,700 - INFO - 生成綜合報導 - 專題：ddfaadb5-023c-4b18-aefc-f08ab96e31be
2025-08-22 23:35:22,496 - INFO - ✅ 綜合報導（多版本）生成成功
2025-08-22 23:35:22,497 - INFO - Story ddfaadb5-023c-4b18-aefc-f08ab96e31be 處理完成
2025-08-22 23:35:22,497 - INFO - ✅ Story 24 處理成功
2025-08-22 23:35:22,497 - INFO - 
============================================================
2025-08-22 23:35:22,497 - INFO - 處理 Story 25/40
2025-08-22 23:35:22,497 - INFO - ============================================================
2025-08-22 23:35:22,497 - INFO - 開始處理 Story 00fee003-5498-442c-8ce7-87bebfbc161d - 10 篇文章
2025-08-22 23:35:22,498 - INFO - 生成綜合報導
2025-08-22 23:35:22,498 - INFO - 生成綜合報導 - 專題：00fee003-5498-442c-8ce7-87bebfbc161d
2025-08-22 23:35:32,610 - INFO - ✅ 綜合報導（多版本）生成成功
2025-08-22 23:35:32,611 - INFO - Story 00fee003-5498-442c-8ce7-87bebfbc161d 處理完成
2025-08-22 23:35:32,611 - INFO - ✅ Story 25 處理成功
2025-08-22 23:35:32,611 - INFO - 
============================================================
2025-08-22 23:35:32,611 - INFO - 處理 Story 26/40
2025-08-22 23:35:32,611 - INFO - ============================================================
2025-08-22 23:35:32,611 - INFO - 開始處理 Story 333d1350-2d8d-4490-9544-1bfdb5ddb591 - 10 篇文章
2025-08-22 23:35:32,611 - INFO - 生成綜合報導
2025-08-22 23:35:32,611 - INFO - 生成綜合報導 - 專題：333d1350-2d8d-4490-9544-1bfdb5ddb591
2025-08-22 23:35:42,398 - INFO - ✅ 綜合報導（多版本）生成成功
2025-08-22 23:35:42,399 - INFO - Story 333d1350-2d8d-4490-9544-1bfdb5ddb591 處理完成
2025-08-22 23:35:42,399 - INFO - ✅ Story 26 處理成功
2025-08-22 23:35:42,399 - INFO - 
============================================================
2025-08-22 23:35:42,400 - INFO - 處理 Story 27/40
2025-08-22 23:35:42,400 - INFO - ============================================================
2025-08-22 23:35:42,400 - INFO - 開始處理 Story 914bf502-3094-432b-a0a6-2a9872eb52d5 - 4 篇文章
2025-08-22 23:35:42,400 - INFO - 生成綜合報導
2025-08-22 23:35:42,400 - INFO - 生成綜合報導 - 專題：914bf502-3094-432b-a0a6-2a9872eb52d5
2025-08-22 23:35:51,896 - INFO - ✅ 綜合報導（多版本）生成成功
2025-08-22 23:35:51,897 - INFO - Story 914bf502-3094-432b-a0a6-2a9872eb52d5 處理完成
2025-08-22 23:35:51,897 - INFO - ✅ Story 27 處理成功
2025-08-22 23:35:51,897 - INFO - 
============================================================
2025-08-22 23:35:51,897 - INFO - 處理 Story 28/40
2025-08-22 23:35:51,897 - INFO - ============================================================
2025-08-22 23:35:51,897 - INFO - 開始處理 Story b040f610-1ea9-4e59-b480-0e6c30a425b9 - 10 篇文章
2025-08-22 23:35:51,897 - INFO - 生成綜合報導
2025-08-22 23:35:51,897 - INFO - 生成綜合報導 - 專題：b040f610-1ea9-4e59-b480-0e6c30a425b9
2025-08-22 23:36:01,704 - INFO - ✅ 綜合報導（多版本）生成成功
2025-08-22 23:36:01,705 - INFO - Story b040f610-1ea9-4e59-b480-0e6c30a425b9 處理完成
2025-08-22 23:36:01,705 - INFO - ✅ Story 28 處理成功
2025-08-22 23:36:01,705 - INFO - 
============================================================
2025-08-22 23:36:01,705 - INFO - 處理 Story 29/40
2025-08-22 23:36:01,705 - INFO - ============================================================
2025-08-22 23:36:01,706 - INFO - 開始處理 Story 5b7c45d3-a5f7-4f67-8853-a46b1af536af - 10 篇文章
2025-08-22 23:36:01,706 - INFO - 生成綜合報導
2025-08-22 23:36:01,706 - INFO - 生成綜合報導 - 專題：5b7c45d3-a5f7-4f67-8853-a46b1af536af
2025-08-22 23:36:10,731 - INFO - ✅ 綜合報導（多版本）生成成功
2025-08-22 23:36:10,731 - INFO - Story 5b7c45d3-a5f7-4f67-8853-a46b1af536af 處理完成
2025-08-22 23:36:10,731 - INFO - ✅ Story 29 處理成功
2025-08-22 23:36:10,731 - INFO - 
============================================================
2025-08-22 23:36:10,731 - INFO - 處理 Story 30/40
2025-08-22 23:36:10,731 - INFO - ============================================================
2025-08-22 23:36:10,731 - INFO - 開始處理 Story faba8928-6191-4b56-84e0-75c9079315cd - 9 篇文章
2025-08-22 23:36:10,731 - INFO - 生成綜合報導
2025-08-22 23:36:10,731 - INFO - 生成綜合報導 - 專題：faba8928-6191-4b56-84e0-75c9079315cd
2025-08-22 23:36:20,427 - INFO - ✅ 綜合報導（多版本）生成成功
2025-08-22 23:36:20,427 - INFO - Story faba8928-6191-4b56-84e0-75c9079315cd 處理完成
2025-08-22 23:36:20,427 - INFO - ✅ Story 30 處理成功
2025-08-22 23:36:20,428 - INFO - 
============================================================
2025-08-22 23:36:20,428 - INFO - 處理 Story 31/40
2025-08-22 23:36:20,428 - INFO - ============================================================
2025-08-22 23:36:20,428 - INFO - 開始處理 Story 83e4178b-1e59-4cb6-9ece-66573b8ff3f8 - 10 篇文章
2025-08-22 23:36:20,428 - INFO - 生成綜合報導
2025-08-22 23:36:20,429 - INFO - 生成綜合報導 - 專題：83e4178b-1e59-4cb6-9ece-66573b8ff3f8
2025-08-22 23:36:31,343 - INFO - ✅ 綜合報導（多版本）生成成功
2025-08-22 23:36:31,344 - INFO - Story 83e4178b-1e59-4cb6-9ece-66573b8ff3f8 處理完成
2025-08-22 23:36:31,344 - INFO - ✅ Story 31 處理成功
2025-08-22 23:36:31,344 - INFO - 
============================================================
2025-08-22 23:36:31,344 - INFO - 處理 Story 32/40
2025-08-22 23:36:31,344 - INFO - ============================================================
2025-08-22 23:36:31,344 - INFO - 開始處理 Story c08007e9-b8fc-4d8f-8444-d30474ff41d8 - 15 篇文章
2025-08-22 23:36:31,344 - INFO - 生成綜合報導
2025-08-22 23:36:31,345 - INFO - 生成綜合報導 - 專題：c08007e9-b8fc-4d8f-8444-d30474ff41d8
2025-08-22 23:36:42,676 - INFO - ✅ 綜合報導（多版本）生成成功
2025-08-22 23:36:42,677 - INFO - Story c08007e9-b8fc-4d8f-8444-d30474ff41d8 處理完成
2025-08-22 23:36:42,677 - INFO - ✅ Story 32 處理成功
2025-08-22 23:36:42,677 - INFO - 
============================================================
2025-08-22 23:36:42,677 - INFO - 處理 Story 33/40
2025-08-22 23:36:42,677 - INFO - ============================================================
2025-08-22 23:36:42,677 - INFO - 開始處理 Story e23e16d6-7b1d-4f35-96cd-007cd827f423 - 13 篇文章
2025-08-22 23:36:42,677 - INFO - 生成綜合報導
2025-08-22 23:36:42,677 - INFO - 生成綜合報導 - 專題：e23e16d6-7b1d-4f35-96cd-007cd827f423
2025-08-22 23:36:53,301 - INFO - ✅ 綜合報導（多版本）生成成功
2025-08-22 23:36:53,301 - INFO - Story e23e16d6-7b1d-4f35-96cd-007cd827f423 處理完成
2025-08-22 23:36:53,301 - INFO - ✅ Story 33 處理成功
2025-08-22 23:36:53,301 - INFO - 
============================================================
2025-08-22 23:36:53,301 - INFO - 處理 Story 34/40
2025-08-22 23:36:53,301 - INFO - ============================================================
2025-08-22 23:36:53,301 - INFO - 開始處理 Story a1045b98-84a2-4e02-9125-cd9e517e57a4 - 14 篇文章
2025-08-22 23:36:53,301 - INFO - 生成綜合報導
2025-08-22 23:36:53,302 - INFO - 生成綜合報導 - 專題：a1045b98-84a2-4e02-9125-cd9e517e57a4
2025-08-22 23:37:04,249 - INFO - ✅ 綜合報導（多版本）生成成功
2025-08-22 23:37:04,250 - INFO - Story a1045b98-84a2-4e02-9125-cd9e517e57a4 處理完成
2025-08-22 23:37:04,250 - INFO - ✅ Story 34 處理成功
2025-08-22 23:37:04,250 - INFO - 
============================================================
2025-08-22 23:37:04,250 - INFO - 處理 Story 35/40
2025-08-22 23:37:04,250 - INFO - ============================================================
2025-08-22 23:37:04,250 - INFO - 開始處理 Story 0643f6ef-7a60-4893-9668-3cc4aee77f46 - 11 篇文章
2025-08-22 23:37:04,250 - INFO - 生成綜合報導
2025-08-22 23:37:04,251 - INFO - 生成綜合報導 - 專題：0643f6ef-7a60-4893-9668-3cc4aee77f46
2025-08-22 23:37:15,132 - INFO - ✅ 綜合報導（多版本）生成成功
2025-08-22 23:37:15,132 - INFO - Story 0643f6ef-7a60-4893-9668-3cc4aee77f46 處理完成
2025-08-22 23:37:15,132 - INFO - ✅ Story 35 處理成功
2025-08-22 23:37:15,132 - INFO - 
============================================================
2025-08-22 23:37:15,132 - INFO - 處理 Story 36/40
2025-08-22 23:37:15,132 - INFO - ============================================================
2025-08-22 23:37:15,133 - INFO - 開始處理 Story 9377f235-e8c2-45ec-a92a-474a417c4600 - 14 篇文章
2025-08-22 23:37:15,133 - INFO - 生成綜合報導
2025-08-22 23:37:15,133 - INFO - 生成綜合報導 - 專題：9377f235-e8c2-45ec-a92a-474a417c4600
2025-08-22 23:37:25,920 - INFO - ✅ 綜合報導（多版本）生成成功
2025-08-22 23:37:25,920 - INFO - Story 9377f235-e8c2-45ec-a92a-474a417c4600 處理完成
2025-08-22 23:37:25,921 - INFO - ✅ Story 36 處理成功
2025-08-22 23:37:25,921 - INFO - 
============================================================
2025-08-22 23:37:25,921 - INFO - 處理 Story 37/40
2025-08-22 23:37:25,921 - INFO - ============================================================
2025-08-22 23:37:25,921 - INFO - 開始處理 Story 55115780-f3e3-4009-a840-a9a4a038c69c - 12 篇文章
2025-08-22 23:37:25,921 - INFO - 生成綜合報導
2025-08-22 23:37:25,922 - INFO - 生成綜合報導 - 專題：55115780-f3e3-4009-a840-a9a4a038c69c
2025-08-22 23:37:36,209 - INFO - ✅ 綜合報導（多版本）生成成功
2025-08-22 23:37:36,209 - INFO - Story 55115780-f3e3-4009-a840-a9a4a038c69c 處理完成
2025-08-22 23:37:36,209 - INFO - ✅ Story 37 處理成功
2025-08-22 23:37:36,209 - INFO - 
============================================================
2025-08-22 23:37:36,210 - INFO - 處理 Story 38/40
2025-08-22 23:37:36,210 - INFO - ============================================================
2025-08-22 23:37:36,210 - INFO - 開始處理 Story da5c7d40-3334-430c-a9b8-430d4ddd721a - 12 篇文章
2025-08-22 23:37:36,210 - INFO - 生成綜合報導
2025-08-22 23:37:36,210 - INFO - 生成綜合報導 - 專題：da5c7d40-3334-430c-a9b8-430d4ddd721a
2025-08-22 23:37:46,676 - INFO - ✅ 綜合報導（多版本）生成成功
2025-08-22 23:37:46,677 - INFO - Story da5c7d40-3334-430c-a9b8-430d4ddd721a 處理完成
2025-08-22 23:37:46,677 - INFO - ✅ Story 38 處理成功
2025-08-22 23:37:46,677 - INFO - 
============================================================
2025-08-22 23:37:46,678 - INFO - 處理 Story 39/40
2025-08-22 23:37:46,678 - INFO - ============================================================
2025-08-22 23:37:46,678 - INFO - 開始處理 Story 0269719c-40cd-4c77-9699-3b90ea4c2e8f - 6 篇文章
2025-08-22 23:37:46,678 - INFO - 生成綜合報導
2025-08-22 23:37:46,678 - INFO - 生成綜合報導 - 專題：0269719c-40cd-4c77-9699-3b90ea4c2e8f
2025-08-22 23:37:57,215 - INFO - ✅ 綜合報導（多版本）生成成功
2025-08-22 23:37:57,216 - INFO - Story 0269719c-40cd-4c77-9699-3b90ea4c2e8f 處理完成
2025-08-22 23:37:57,216 - INFO - ✅ Story 39 處理成功
2025-08-22 23:37:57,216 - INFO - 
============================================================
2025-08-22 23:37:57,217 - INFO - 處理 Story 40/40
2025-08-22 23:37:57,217 - INFO - ============================================================
2025-08-22 23:37:57,217 - INFO - 開始處理 Story 9ef982ca-53de-42ef-aca2-462ac7d2f40d - 5 篇文章
2025-08-22 23:37:57,217 - INFO - 生成綜合報導
2025-08-22 23:37:57,217 - INFO - 生成綜合報導 - 專題：9ef982ca-53de-42ef-aca2-462ac7d2f40d
2025-08-22 23:38:07,926 - INFO - ✅ 綜合報導（多版本）生成成功
2025-08-22 23:38:07,926 - INFO - Story 9ef982ca-53de-42ef-aca2-462ac7d2f40d 處理完成
2025-08-22 23:38:07,926 - INFO - ✅ Story 40 處理成功
2025-08-22 23:38:07,926 - INFO - 
🎉 報導生成完成！成功處理 40 個 stories
2025-08-23 06:40:24,318 - INFO - 準備處理 9 個 stories（包含個別摘要與綜合報導）
2025-08-23 06:40:24,322 - INFO - 處理範圍: 索引 0-8
2025-08-23 06:40:24,322 - INFO - 
============================================================
2025-08-23 06:40:24,323 - INFO - 處理 Story 1/9
2025-08-23 06:40:24,323 - INFO - ============================================================
2025-08-23 06:40:24,323 - INFO - 開始處理 Story 4a7ec7bf-0c33-4d42-9e74-bf234aaee9ca - 10 篇文章
2025-08-23 06:40:24,323 - INFO - 生成綜合報導
2025-08-23 06:40:24,323 - INFO - 生成綜合報導 - 專題：4a7ec7bf-0c33-4d42-9e74-bf234aaee9ca
2025-08-23 06:40:34,890 - INFO - ✅ 綜合報導（多版本）生成成功
2025-08-23 06:40:34,891 - INFO - Story 4a7ec7bf-0c33-4d42-9e74-bf234aaee9ca 處理完成
2025-08-23 06:40:34,891 - INFO - ✅ Story 1 處理成功
2025-08-23 06:40:34,891 - INFO - 
============================================================
2025-08-23 06:40:34,891 - INFO - 處理 Story 2/9
2025-08-23 06:40:34,891 - INFO - ============================================================
2025-08-23 06:40:34,891 - INFO - 開始處理 Story 14efea4d-8739-4187-99b1-639f818bccf6 - 10 篇文章
2025-08-23 06:40:34,892 - INFO - 生成綜合報導
2025-08-23 06:40:34,892 - INFO - 生成綜合報導 - 專題：14efea4d-8739-4187-99b1-639f818bccf6
2025-08-23 06:40:45,356 - INFO - ✅ 綜合報導（多版本）生成成功
2025-08-23 06:40:45,357 - INFO - Story 14efea4d-8739-4187-99b1-639f818bccf6 處理完成
2025-08-23 06:40:45,357 - INFO - ✅ Story 2 處理成功
2025-08-23 06:40:45,357 - INFO - 
============================================================
2025-08-23 06:40:45,358 - INFO - 處理 Story 3/9
2025-08-23 06:40:45,358 - INFO - ============================================================
2025-08-23 06:40:45,358 - INFO - 開始處理 Story 88d89940-62a7-4c8e-bd4d-485f3f5acddf - 9 篇文章
2025-08-23 06:40:45,358 - INFO - 生成綜合報導
2025-08-23 06:40:45,358 - INFO - 生成綜合報導 - 專題：88d89940-62a7-4c8e-bd4d-485f3f5acddf
2025-08-23 06:40:55,401 - INFO - ✅ 綜合報導（多版本）生成成功
2025-08-23 06:40:55,402 - INFO - Story 88d89940-62a7-4c8e-bd4d-485f3f5acddf 處理完成
2025-08-23 06:40:55,402 - INFO - ✅ Story 3 處理成功
2025-08-23 06:40:55,402 - INFO - 
============================================================
2025-08-23 06:40:55,402 - INFO - 處理 Story 4/9
2025-08-23 06:40:55,403 - INFO - ============================================================
2025-08-23 06:40:55,403 - INFO - 開始處理 Story 83e4178b-1e59-4cb6-9ece-66573b8ff3f8 - 15 篇文章
2025-08-23 06:40:55,403 - INFO - 生成綜合報導
2025-08-23 06:40:55,403 - INFO - 生成綜合報導 - 專題：83e4178b-1e59-4cb6-9ece-66573b8ff3f8
2025-08-23 06:41:05,614 - INFO - ✅ 綜合報導（多版本）生成成功
2025-08-23 06:41:05,615 - INFO - Story 83e4178b-1e59-4cb6-9ece-66573b8ff3f8 處理完成
2025-08-23 06:41:05,615 - INFO - ✅ Story 4 處理成功
2025-08-23 06:41:05,616 - INFO - 
============================================================
2025-08-23 06:41:05,616 - INFO - 處理 Story 5/9
2025-08-23 06:41:05,617 - INFO - ============================================================
2025-08-23 06:41:05,617 - INFO - 開始處理 Story e23e16d6-7b1d-4f35-96cd-007cd827f423 - 14 篇文章
2025-08-23 06:41:05,617 - INFO - 生成綜合報導
2025-08-23 06:41:05,617 - INFO - 生成綜合報導 - 專題：e23e16d6-7b1d-4f35-96cd-007cd827f423
2025-08-23 06:41:14,898 - INFO - ✅ 綜合報導（多版本）生成成功
2025-08-23 06:41:14,899 - INFO - Story e23e16d6-7b1d-4f35-96cd-007cd827f423 處理完成
2025-08-23 06:41:14,899 - INFO - ✅ Story 5 處理成功
2025-08-23 06:41:14,900 - INFO - 
============================================================
2025-08-23 06:41:14,900 - INFO - 處理 Story 6/9
2025-08-23 06:41:14,900 - INFO - ============================================================
2025-08-23 06:41:14,900 - INFO - 開始處理 Story 0643f6ef-7a60-4893-9668-3cc4aee77f46 - 12 篇文章
2025-08-23 06:41:14,901 - INFO - 生成綜合報導
2025-08-23 06:41:14,901 - INFO - 生成綜合報導 - 專題：0643f6ef-7a60-4893-9668-3cc4aee77f46
2025-08-23 06:41:25,143 - INFO - ✅ 綜合報導（多版本）生成成功
2025-08-23 06:41:25,143 - INFO - Story 0643f6ef-7a60-4893-9668-3cc4aee77f46 處理完成
2025-08-23 06:41:25,144 - INFO - ✅ Story 6 處理成功
2025-08-23 06:41:25,144 - INFO - 
============================================================
2025-08-23 06:41:25,144 - INFO - 處理 Story 7/9
2025-08-23 06:41:25,144 - INFO - ============================================================
2025-08-23 06:41:25,144 - INFO - 開始處理 Story 55115780-f3e3-4009-a840-a9a4a038c69c - 13 篇文章
2025-08-23 06:41:25,144 - INFO - 生成綜合報導
2025-08-23 06:41:25,144 - INFO - 生成綜合報導 - 專題：55115780-f3e3-4009-a840-a9a4a038c69c
2025-08-23 06:41:34,326 - INFO - ✅ 綜合報導（多版本）生成成功
2025-08-23 06:41:34,327 - INFO - Story 55115780-f3e3-4009-a840-a9a4a038c69c 處理完成
2025-08-23 06:41:34,327 - INFO - ✅ Story 7 處理成功
2025-08-23 06:41:34,327 - INFO - 
============================================================
2025-08-23 06:41:34,327 - INFO - 處理 Story 8/9
2025-08-23 06:41:34,327 - INFO - ============================================================
2025-08-23 06:41:34,327 - INFO - 開始處理 Story 9cb93b1d-351c-461b-84a1-a7f16eb29a14 - 9 篇文章
2025-08-23 06:41:34,327 - INFO - 生成綜合報導
2025-08-23 06:41:34,328 - INFO - 生成綜合報導 - 專題：9cb93b1d-351c-461b-84a1-a7f16eb29a14
2025-08-23 06:41:43,794 - INFO - ✅ 綜合報導（多版本）生成成功
2025-08-23 06:41:43,795 - INFO - Story 9cb93b1d-351c-461b-84a1-a7f16eb29a14 處理完成
2025-08-23 06:41:43,795 - INFO - ✅ Story 8 處理成功
2025-08-23 06:41:43,795 - INFO - 
============================================================
2025-08-23 06:41:43,795 - INFO - 處理 Story 9/9
2025-08-23 06:41:43,796 - INFO - ============================================================
2025-08-23 06:41:43,796 - INFO - 開始處理 Story 4826bff9-099f-4ae5-9b95-f104ed6108be - 9 篇文章
2025-08-23 06:41:43,796 - INFO - 生成綜合報導
2025-08-23 06:41:43,796 - INFO - 生成綜合報導 - 專題：4826bff9-099f-4ae5-9b95-f104ed6108be
2025-08-23 06:41:52,778 - INFO - ✅ 綜合報導（多版本）生成成功
2025-08-23 06:41:52,778 - INFO - Story 4826bff9-099f-4ae5-9b95-f104ed6108be 處理完成
2025-08-23 06:41:52,779 - INFO - ✅ Story 9 處理成功
2025-08-23 06:41:52,779 - INFO - 
🎉 報導生成完成！成功處理 9 個 stories
